#
# There is insufficient memory for the Java Runtime Environment to continue.
# Native memory allocation (malloc) failed to allocate 2013616 bytes for Chunk::new
# Possible reasons:
#   The system is out of physical RAM or swap space
#   In 32 bit mode, the process size limit was hit
# Possible solutions:
#   Reduce memory load on the system
#   Increase physical memory or swap space
#   Check if swap backing store is full
#   Use 64 bit Java on a 64 bit OS
#   Decrease Java heap size (-Xmx/-Xms)
#   Decrease number of Java threads
#   Decrease Java thread stack sizes (-Xss)
#   Set larger code cache with -XX:ReservedCodeCacheSize=
# This output file may be truncated or incomplete.
#
#  Out of Memory Error (allocation.cpp:390), pid=5836, tid=668
#
# JRE version: Java(TM) SE Runtime Environment (8.0_45-b15) (build 1.8.0_45-b15)
# Java VM: Java HotSpot(TM) 64-Bit Server VM (25.45-b02 mixed mode windows-amd64 compressed oops)
# Failed to write core dump. Minidumps are not enabled by default on client versions of Windows
#

---------------  T H R E A D  ---------------

Current thread (0x0000000008a68800):  JavaThread "C2 CompilerThread2" daemon [_thread_in_native, id=668, stack(0x00000000091e0000,0x00000000092e0000)]

Stack: [0x00000000091e0000,0x00000000092e0000]
Native frames: (J=compiled Java code, j=interpreted, Vv=VM code, C=native code)
V  [jvm.dll+0x32b57a]


Current CompileTask:
C2:  13821 1746   !   4       com.android.dx.cf.code.BytecodeArray::parseInstruction (2764 bytes)


---------------  P R O C E S S  ---------------

Java Threads: ( => current thread )
  0x0000000008a73800 JavaThread "Service Thread" daemon [_thread_blocked, id=6744, stack(0x00000000093e0000,0x00000000094e0000)]
  0x0000000008a6b800 JavaThread "C1 CompilerThread3" daemon [_thread_blocked, id=7976, stack(0x00000000092e0000,0x00000000093e0000)]
=>0x0000000008a68800 JavaThread "C2 CompilerThread2" daemon [_thread_in_native, id=668, stack(0x00000000091e0000,0x00000000092e0000)]
  0x0000000008a60800 JavaThread "C2 CompilerThread1" daemon [_thread_in_native, id=7696, stack(0x00000000090e0000,0x00000000091e0000)]
  0x0000000008a08800 JavaThread "C2 CompilerThread0" daemon [_thread_in_native, id=5768, stack(0x0000000008fe0000,0x00000000090e0000)]
  0x0000000008a06800 JavaThread "Attach Listener" daemon [_thread_blocked, id=3436, stack(0x0000000008ee0000,0x0000000008fe0000)]
  0x0000000008a05800 JavaThread "Signal Dispatcher" daemon [_thread_blocked, id=4404, stack(0x0000000008de0000,0x0000000008ee0000)]
  0x0000000002dc3800 JavaThread "Finalizer" daemon [_thread_blocked, id=3828, stack(0x00000000088e0000,0x00000000089e0000)]
  0x0000000002dc2000 JavaThread "Reference Handler" daemon [_thread_blocked, id=2360, stack(0x00000000087e0000,0x00000000088e0000)]
  0x0000000002cd0800 JavaThread "main" [_thread_in_Java, id=896, stack(0x0000000002b80000,0x0000000002c80000)]

Other Threads:
  0x00000000069e9800 VMThread [stack: 0x00000000086e0000,0x00000000087e0000] [id=6700]
  0x0000000008a74800 WatcherThread [stack: 0x00000000094e0000,0x00000000095e0000] [id=4176]

VM state:synchronizing (normal execution)

VM Mutex/Monitor currently owned by a thread:  ([mutex/lock_event])
[0x0000000002ecc750] Safepoint_lock - owner thread: 0x00000000069e9800
[0x0000000002ecbb50] Threads_lock - owner thread: 0x00000000069e9800

Heap:
 PSYoungGen      total 71680K, used 34511K [0x00000000eab00000, 0x00000000ef600000, 0x0000000100000000)
  eden space 66560K, 44% used [0x00000000eab00000,0x00000000ec7b94b8,0x00000000eec00000)
  from space 5120K, 99% used [0x00000000ef100000,0x00000000ef5fa810,0x00000000ef600000)
  to   space 5120K, 0% used [0x00000000eec00000,0x00000000eec00000,0x00000000ef100000)
 ParOldGen       total 87552K, used 6652K [0x00000000c0000000, 0x00000000c5580000, 0x00000000eab00000)
  object space 87552K, 7% used [0x00000000c0000000,0x00000000c067f3c8,0x00000000c5580000)
 Metaspace       used 5825K, capacity 7024K, committed 7296K, reserved 1056768K
  class space    used 551K, capacity 616K, committed 640K, reserved 1048576K

Card table byte_map: [0x0000000003290000,0x00000000034a0000] byte_map_base: 0x0000000002c90000

Marking Bits: (ParMarkBitMap*) 0x0000000050a74040
 Begin Bits: [0x0000000003e00000, 0x0000000004e00000)
 End Bits:   [0x0000000004e00000, 0x0000000005e00000)

Polling page: 0x0000000001430000

CodeCache: size=245760Kb used=8213Kb max_used=8213Kb free=237546Kb
 bounds [0x000000000f010000, 0x000000000f820000, 0x000000001e010000]
 total_blobs=2012 nmethods=1747 adapters=178
 compilation: enabled

Compilation events (10 events):
Event: 13.749 Thread 0x0000000008a6b800 1752       3       java.util.ArrayList$SubList::rangeCheck (26 bytes)
Event: 13.750 Thread 0x0000000008a6b800 nmethod 1752 0x000000000f818910 code [0x000000000f818b20, 0x000000000f819658]
Event: 13.750 Thread 0x0000000008a6b800 1753       3       com.android.dx.ssa.back.FirstFitLocalCombiningAllocator::getLocalItemForReg (97 bytes)
Event: 13.751 Thread 0x0000000008a6b800 nmethod 1753 0x000000000f819c10 code [0x000000000f819e60, 0x000000000f81add8]
Event: 13.751 Thread 0x0000000008a6b800 1754       3       java.util.TreeMap::entrySet (27 bytes)
Event: 13.752 Thread 0x0000000008a6b800 nmethod 1754 0x000000000f81b350 code [0x000000000f81b4c0, 0x000000000f81b850]
Event: 13.752 Thread 0x0000000008a6b800 1755       3       java.util.TreeMap$EntrySet::iterator (19 bytes)
Event: 13.752 Thread 0x0000000008a6b800 nmethod 1755 0x000000000f81ba10 code [0x000000000f81bba0, 0x000000000f81c0b0]
Event: 13.758 Thread 0x0000000008a6b800 1756       3       com.android.dx.rop.code.BasicBlockList::preferredSuccessorOf (77 bytes)
Event: 13.759 Thread 0x0000000008a6b800 nmethod 1756 0x000000000f81c310 code [0x000000000f81c4c0, 0x000000000f81cbe8]

GC Heap History (4 events):
Event: 8.589 GC heap before
{Heap before GC invocations=1 (full 0):
 PSYoungGen      total 38400K, used 33280K [0x00000000eab00000, 0x00000000ed580000, 0x0000000100000000)
  eden space 33280K, 100% used [0x00000000eab00000,0x00000000ecb80000,0x00000000ecb80000)
  from space 5120K, 0% used [0x00000000ed080000,0x00000000ed080000,0x00000000ed580000)
  to   space 5120K, 0% used [0x00000000ecb80000,0x00000000ecb80000,0x00000000ed080000)
 ParOldGen       total 87552K, used 0K [0x00000000c0000000, 0x00000000c5580000, 0x00000000eab00000)
  object space 87552K, 0% used [0x00000000c0000000,0x00000000c0000000,0x00000000c5580000)
 Metaspace       used 5669K, capacity 6960K, committed 7040K, reserved 1056768K
  class space    used 549K, capacity 616K, committed 640K, reserved 1048576K
Event: 9.175 GC heap after
Heap after GC invocations=1 (full 0):
 PSYoungGen      total 38400K, used 5114K [0x00000000eab00000, 0x00000000ef600000, 0x0000000100000000)
  eden space 33280K, 0% used [0x00000000eab00000,0x00000000eab00000,0x00000000ecb80000)
  from space 5120K, 99% used [0x00000000ecb80000,0x00000000ed07eaa8,0x00000000ed080000)
  to   space 5120K, 0% used [0x00000000ef100000,0x00000000ef100000,0x00000000ef600000)
 ParOldGen       total 87552K, used 1715K [0x00000000c0000000, 0x00000000c5580000, 0x00000000eab00000)
  object space 87552K, 1% used [0x00000000c0000000,0x00000000c01ace40,0x00000000c5580000)
 Metaspace       used 5669K, capacity 6960K, committed 7040K, reserved 1056768K
  class space    used 549K, capacity 616K, committed 640K, reserved 1048576K
}
Event: 11.432 GC heap before
{Heap before GC invocations=2 (full 0):
 PSYoungGen      total 38400K, used 38394K [0x00000000eab00000, 0x00000000ef600000, 0x0000000100000000)
  eden space 33280K, 100% used [0x00000000eab00000,0x00000000ecb80000,0x00000000ecb80000)
  from space 5120K, 99% used [0x00000000ecb80000,0x00000000ed07eaa8,0x00000000ed080000)
  to   space 5120K, 0% used [0x00000000ef100000,0x00000000ef100000,0x00000000ef600000)
 ParOldGen       total 87552K, used 1715K [0x00000000c0000000, 0x00000000c5580000, 0x00000000eab00000)
  object space 87552K, 1% used [0x00000000c0000000,0x00000000c01ace40,0x00000000c5580000)
 Metaspace       used 5779K, capacity 7024K, committed 7296K, reserved 1056768K
  class space    used 551K, capacity 616K, committed 640K, reserved 1048576K
Event: 11.674 GC heap after
Heap after GC invocations=2 (full 0):
 PSYoungGen      total 71680K, used 5098K [0x00000000eab00000, 0x00000000ef600000, 0x0000000100000000)
  eden space 66560K, 0% used [0x00000000eab00000,0x00000000eab00000,0x00000000eec00000)
  from space 5120K, 99% used [0x00000000ef100000,0x00000000ef5fa810,0x00000000ef600000)
  to   space 5120K, 0% used [0x00000000eec00000,0x00000000eec00000,0x00000000ef100000)
 ParOldGen       total 87552K, used 6652K [0x00000000c0000000, 0x00000000c5580000, 0x00000000eab00000)
  object space 87552K, 7% used [0x00000000c0000000,0x00000000c067f3c8,0x00000000c5580000)
 Metaspace       used 5779K, capacity 7024K, committed 7296K, reserved 1056768K
  class space    used 551K, capacity 616K, committed 640K, reserved 1048576K
}

Deoptimization events (10 events):
Event: 13.540 Thread 0x0000000002cd0800 Uncommon trap: reason=unloaded action=reinterpret pc=0x000000000f5b9670 method=com.android.dx.cf.cst.ConstantPoolParser.parse0(ILjava/util/BitSet;)Lcom/android/dx/rop/cst/Constant; @ 176
Event: 13.560 Thread 0x0000000002cd0800 Uncommon trap: reason=bimorphic action=maybe_recompile pc=0x000000000f4f0074 method=java.util.HashMap.getNode(ILjava/lang/Object;)Ljava/util/HashMap$Node; @ 126
Event: 13.560 Thread 0x0000000002cd0800 Uncommon trap: reason=class_check action=maybe_recompile pc=0x000000000f45914c method=java.util.HashMap.putVal(ILjava/lang/Object;Ljava/lang/Object;ZZ)Ljava/lang/Object; @ 203
Event: 13.560 Thread 0x0000000002cd0800 Uncommon trap: reason=bimorphic action=maybe_recompile pc=0x000000000f2b2968 method=java.util.HashMap.getNode(ILjava/lang/Object;)Ljava/util/HashMap$Node; @ 126
Event: 13.567 Thread 0x0000000002cd0800 Uncommon trap: reason=null_assert action=make_not_entrant pc=0x000000000f7a9a38 method=com.android.dx.cf.code.RopperMachine.run(Lcom/android/dx/cf/code/Frame;II)V @ 1112
Event: 13.614 Thread 0x0000000002cd0800 Uncommon trap: reason=class_check action=maybe_recompile pc=0x000000000f7b6f40 method=com.android.dx.cf.code.BytecodeArray.parseInstruction(ILcom/android/dx/cf/code/BytecodeArray$Visitor;)I @ 971
Event: 13.614 Thread 0x0000000002cd0800 Uncommon trap: reason=class_check action=maybe_recompile pc=0x000000000f7b6fa0 method=com.android.dx.cf.code.BytecodeArray.parseInstruction(ILcom/android/dx/cf/code/BytecodeArray$Visitor;)I @ 987
Event: 13.614 Thread 0x0000000002cd0800 Uncommon trap: reason=class_check action=maybe_recompile pc=0x000000000f7b6f40 method=com.android.dx.cf.code.BytecodeArray.parseInstruction(ILcom/android/dx/cf/code/BytecodeArray$Visitor;)I @ 971
Event: 13.710 Thread 0x0000000002cd0800 Uncommon trap: reason=bimorphic action=maybe_recompile pc=0x000000000f2b2968 method=java.util.HashMap.getNode(ILjava/lang/Object;)Ljava/util/HashMap$Node; @ 126
Event: 13.756 Thread 0x0000000002cd0800 Uncommon trap: reason=unstable_if action=reinterpret pc=0x000000000f6ba034 method=com.android.dx.rop.code.BasicBlockList.preferredSuccessorOf(Lcom/android/dx/rop/code/BasicBlock;)Lcom/android/dx/rop/code/BasicBlock; @ 58

Internal exceptions (2 events):
Event: 0.482 Thread 0x0000000002cd0800 Exception <a 'java/lang/NoSuchMethodError': Method sun.misc.Unsafe.defineClass(Ljava/lang/String;[BII)Ljava/lang/Class; name or signature does not match> (0x00000000eab12f18) thrown at [C:\re\workspace\8-2-build-windows-amd64-cygwin\jdk8u45\3627\hotspot\sr“ %=‡ﬁ?
Event: 0.482 Thread 0x0000000002cd0800 Exception <a 'java/lang/NoSuchMethodError': Method sun.misc.Unsafe.prefetchRead(Ljava/lang/Object;J)V name or signature does not match> (0x00000000eab131a8) thrown at [C:\re\workspace\8-2-build-windows-amd64-cygwin\jdk8u45\3627\hotspot\src\share\vm\prims\j

Events (10 events):
Event: 13.614 Thread 0x0000000002cd0800 DEOPT UNPACKING pc=0x000000000f05582a sp=0x0000000002c7e420 mode 2
Event: 13.614 Thread 0x0000000002cd0800 Uncommon trap: trap_request=0xffffffde fr.pc=0x000000000f7b6f40
Event: 13.614 Thread 0x0000000002cd0800 DEOPT PACKING pc=0x000000000f7b6f40 sp=0x0000000002c7e450
Event: 13.614 Thread 0x0000000002cd0800 DEOPT UNPACKING pc=0x000000000f05582a sp=0x0000000002c7e420 mode 2
Event: 13.710 Thread 0x0000000002cd0800 Uncommon trap: trap_request=0xffffffc6 fr.pc=0x000000000f2b2968
Event: 13.710 Thread 0x0000000002cd0800 DEOPT PACKING pc=0x000000000f2b2968 sp=0x0000000002c7e270
Event: 13.710 Thread 0x0000000002cd0800 DEOPT UNPACKING pc=0x000000000f05582a sp=0x0000000002c7e178 mode 2
Event: 13.756 Thread 0x0000000002cd0800 Uncommon trap: trap_request=0xffffff65 fr.pc=0x000000000f6ba034
Event: 13.756 Thread 0x0000000002cd0800 DEOPT PACKING pc=0x000000000f6ba034 sp=0x0000000002c7e640
Event: 13.756 Thread 0x0000000002cd0800 DEOPT UNPACKING pc=0x000000000f05582a sp=0x0000000002c7e5c8 mode 2


Dynamic libraries:
0x00007ff791750000 - 0x00007ff791787000 	C:\Program Files\Java\jdk1.8.0_45\bin\java.exe
0x00007ffdd9b80000 - 0x00007ffdd9d2c000 	C:\Windows\SYSTEM32\ntdll.dll
0x00007ffdd7210000 - 0x00007ffdd734e000 	C:\Windows\system32\KERNEL32.DLL
0x00007ffdd70f0000 - 0x00007ffdd7205000 	C:\Windows\system32\KERNELBASE.dll
0x00007ffdd5830000 - 0x00007ffdd58be000 	C:\Windows\system32\apphelp.dll
0x00007ffdd1bf0000 - 0x00007ffdd1c43000 	C:\Windows\AppPatch\AppPatch64\AcGenral.DLL
0x00007ffdd73f0000 - 0x00007ffdd749a000 	C:\Windows\system32\msvcrt.dll
0x00007ffdd6ac0000 - 0x00007ffdd6aee000 	C:\Windows\SYSTEM32\SspiCli.dll
0x00007ffdd7500000 - 0x00007ffdd7554000 	C:\Windows\system32\SHLWAPI.dll
0x00007ffdd7a60000 - 0x00007ffdd7bd7000 	C:\Windows\system32\USER32.dll
0x00007ffdd93c0000 - 0x00007ffdd9554000 	C:\Windows\system32\ole32.dll
0x00007ffdd7c40000 - 0x00007ffdd9159000 	C:\Windows\system32\SHELL32.dll
0x00007ffdd6440000 - 0x00007ffdd6461000 	C:\Windows\SYSTEM32\USERENV.dll
0x00007ffdd79b0000 - 0x00007ffdd7a5a000 	C:\Windows\system32\ADVAPI32.dll
0x00007ffdc9420000 - 0x00007ffdc943e000 	C:\Windows\SYSTEM32\MPR.dll
0x00007ffdd9230000 - 0x00007ffdd9371000 	C:\Windows\system32\RPCRT4.dll
0x00007ffdd99c0000 - 0x00007ffdd9a19000 	C:\Windows\SYSTEM32\sechost.dll
0x00007ffdd7770000 - 0x00007ffdd7981000 	C:\Windows\SYSTEM32\combase.dll
0x00007ffdd7560000 - 0x00007ffdd76b0000 	C:\Windows\system32\GDI32.dll
0x00007ffdd6ce0000 - 0x00007ffdd6cf5000 	C:\Windows\SYSTEM32\profapi.dll
0x00007ffdd51e0000 - 0x00007ffdd5292000 	C:\Windows\SYSTEM32\SHCORE.dll
0x00007ffdd9380000 - 0x00007ffdd93b6000 	C:\Windows\system32\IMM32.DLL
0x00007ffdd9a20000 - 0x00007ffdd9b72000 	C:\Windows\system32\MSCTF.dll
0x00007ffdd6c90000 - 0x00007ffdd6cc1000 	C:\Windows\system32\nvinitx.dll
0x00007ffdd6c80000 - 0x00007ffdd6c8a000 	C:\Windows\SYSTEM32\VERSION.dll
0x000000000f000000 - 0x000000000f006000 	C:\Program Files\NVIDIA Corporation\CoProcManager\_etoured.dll
0x00007ffdd4bc0000 - 0x00007ffdd4bf1000 	C:\Program Files\NVIDIA Corporation\CoProcManager\nvd3d9wrapx.dll
0x00007ffdd9710000 - 0x00007ffdd98ea000 	C:\Windows\system32\SETUPAPI.dll
0x00007ffdd6e60000 - 0x00007ffdd6eaf000 	C:\Windows\system32\CFGMGR32.dll
0x00007ffdd4b60000 - 0x00007ffdd4b82000 	C:\Program Files\NVIDIA Corporation\CoProcManager\nvdxgiwrapx.dll
0x00007ffdd4d60000 - 0x00007ffdd4fda000 	C:\Windows\WinSxS\amd64_microsoft.windows.common-controls_6595b64144ccf1df_6.0.9600.17810_none_6240b9c7ecbd0bda\COMCTL32.dll
0x0000000077d10000 - 0x0000000077de2000 	C:\Program Files\Java\jdk1.8.0_45\jre\bin\msvcr100.dll
0x0000000050270000 - 0x0000000050af3000 	C:\Program Files\Java\jdk1.8.0_45\jre\bin\server\jvm.dll
0x00007ffdcda00000 - 0x00007ffdcda09000 	C:\Windows\SYSTEM32\WSOCK32.dll
0x00007ffdd4690000 - 0x00007ffdd46b2000 	C:\Windows\SYSTEM32\WINMM.dll
0x00007ffdd7990000 - 0x00007ffdd7997000 	C:\Windows\system32\PSAPI.DLL
0x00007ffdd7be0000 - 0x00007ffdd7c3a000 	C:\Windows\system32\WS2_32.dll
0x00007ffdd4650000 - 0x00007ffdd467a000 	C:\Windows\SYSTEM32\WINMMBASE.dll
0x00007ffdd73e0000 - 0x00007ffdd73e9000 	C:\Windows\system32\NSI.dll
0x00007ffdd5a80000 - 0x00007ffdd5aa8000 	C:\Windows\SYSTEM32\DEVOBJ.dll
0x0000000050180000 - 0x000000005018f000 	C:\Program Files\Java\jdk1.8.0_45\jre\bin\verify.dll
0x0000000050150000 - 0x0000000050179000 	C:\Program Files\Java\jdk1.8.0_45\jre\bin\java.dll
0x0000000050130000 - 0x0000000050146000 	C:\Program Files\Java\jdk1.8.0_45\jre\bin\zip.dll

VM Arguments:
jvm_args: -Xmx1024M -Dfile.encoding=windows-1251 -Duser.country=US -Duser.language=en -Duser.variant 
java_command: com.android.dx.command.Main --dex --output D:\AndroidNanodegree\04-Build-It-Bigger\app\build\intermediates\pre-dexed\free\debug\classes-aa40da11428ec5834d513bc204153b33e92871a1.jar D:\AndroidNanodegree\04-Build-It-Bigger\app\build\intermediates\exploded-aar\com.google.android.gms\play-services-analytics\7.5.0\jars\classes.jar
java_class_path (initial): D:\android-sdk\build-tools\22.0.1\lib\dx.jar
Launcher Type: SUN_STANDARD

Environment Variables:
PATH=C:\ProgramData\Oracle\Java\javapath;C:\Windows\system32;C:\Windows;C:\Windows\System32\Wbem;C:\Windows\System32\WindowsPowerShell\v1.0\;C:\Program Files\Intel\WiFi\bin\;C:\Program Files\Common Files\Intel\WirelessCommon\;C:\Program Files (x86)\NVIDIA Corporation\PhysX\Common;D:\android-sdk\platform-tools;D:\android-sdk\tools;C:\Program Files (x86)\Skype\Phone\;C:\Program Files\Intel\WiFi\bin\;C:\Program Files\Common Files\Intel\WirelessCommon\
USERNAME=Georgi
OS=Windows_NT
PROCESSOR_IDENTIFIER=Intel64 Family 6 Model 58 Stepping 9, GenuineIntel



---------------  S Y S T E M  ---------------

OS: Windows 8.1 , 64 bit Build 9600 (6.3.9600.17415)

CPU:total 8 (4 cores per cpu, 2 threads per core) family 6 model 58 stepping 9, cmov, cx8, fxsr, mmx, sse, sse2, sse3, ssse3, sse4.1, sse4.2, popcnt, avx, aes, clmul, erms, ht, tsc, tscinvbit, tscinv

Memory: 4k page, physical 8271456k(1204028k free), swap 9320032k(5020k free)

vm_info: Java HotSpot(TM) 64-Bit Server VM (25.45-b02) for windows-amd64 JRE (1.8.0_45-b15), built on Apr 30 2015 12:40:44 by "java_re" with MS VC++ 10.0 (VS2010)

time: Wed Jul 22 10:15:05 2015
elapsed time: 13 seconds (0d 0h 0m 13s)

