#
# There is insufficient memory for the Java Runtime Environment to continue.
# Native memory allocation (malloc) failed to allocate 130096 bytes for Chunk::new
# Possible reasons:
#   The system is out of physical RAM or swap space
#   In 32 bit mode, the process size limit was hit
# Possible solutions:
#   Reduce memory load on the system
#   Increase physical memory or swap space
#   Check if swap backing store is full
#   Use 64 bit Java on a 64 bit OS
#   Decrease Java heap size (-Xmx/-Xms)
#   Decrease number of Java threads
#   Decrease Java thread stack sizes (-Xss)
#   Set larger code cache with -XX:ReservedCodeCacheSize=
# This output file may be truncated or incomplete.
#
#  Out of Memory Error (allocation.cpp:390), pid=5968, tid=4160
#
# JRE version: Java(TM) SE Runtime Environment (8.0_45-b15) (build 1.8.0_45-b15)
# Java VM: Java HotSpot(TM) 64-Bit Server VM (25.45-b02 mixed mode windows-amd64 compressed oops)
# Failed to write core dump. Minidumps are not enabled by default on client versions of Windows
#

---------------  T H R E A D  ---------------

Current thread (0x0000000007ba0800):  JavaThread "C2 CompilerThread1" daemon [_thread_in_native, id=4160, stack(0x0000000008220000,0x0000000008320000)]

Stack: [0x0000000008220000,0x0000000008320000]
Native frames: (J=compiled Java code, j=interpreted, Vv=VM code, C=native code)
V  [jvm.dll+0x32b57a]


Current CompileTask:
C2:   8107  969       4       com.android.dx.ssa.SsaMethod::deleteInsns (239 bytes)


---------------  P R O C E S S  ---------------

Java Threads: ( => current thread )
  0x0000000007bb4000 JavaThread "Service Thread" daemon [_thread_blocked, id=7980, stack(0x0000000008520000,0x0000000008620000)]
  0x0000000007ba8000 JavaThread "C1 CompilerThread3" daemon [_thread_blocked, id=3824, stack(0x0000000008420000,0x0000000008520000)]
  0x0000000007ba5800 JavaThread "C2 CompilerThread2" daemon [_thread_blocked, id=5776, stack(0x0000000008320000,0x0000000008420000)]
=>0x0000000007ba0800 JavaThread "C2 CompilerThread1" daemon [_thread_in_native, id=4160, stack(0x0000000008220000,0x0000000008320000)]
  0x0000000007b48000 JavaThread "C2 CompilerThread0" daemon [_thread_in_native, id=5340, stack(0x0000000008120000,0x0000000008220000)]
  0x0000000007b45800 JavaThread "Attach Listener" daemon [_thread_blocked, id=792, stack(0x0000000008020000,0x0000000008120000)]
  0x0000000007b45000 JavaThread "Signal Dispatcher" daemon [_thread_blocked, id=7544, stack(0x0000000007f20000,0x0000000008020000)]
  0x0000000002023000 JavaThread "Finalizer" daemon [_thread_blocked, id=3008, stack(0x0000000007a20000,0x0000000007b20000)]
  0x0000000002022000 JavaThread "Reference Handler" daemon [_thread_blocked, id=836, stack(0x0000000007920000,0x0000000007a20000)]
  0x0000000001f30800 JavaThread "main" [_thread_in_Java, id=6732, stack(0x0000000001e30000,0x0000000001f30000)]

Other Threads:
  0x0000000005b49000 VMThread [stack: 0x0000000007820000,0x0000000007920000] [id=2812]
  0x0000000007bb4800 WatcherThread [stack: 0x0000000008620000,0x0000000008720000] [id=6412]

VM state:not at safepoint (normal execution)

VM Mutex/Monitor currently owned by a thread: None

Heap:
 PSYoungGen      total 38400K, used 14042K [0x00000000eab00000, 0x00000000ed580000, 0x0000000100000000)
  eden space 33280K, 42% used [0x00000000eab00000,0x00000000eb8b68b8,0x00000000ecb80000)
  from space 5120K, 0% used [0x00000000ed080000,0x00000000ed080000,0x00000000ed580000)
  to   space 5120K, 0% used [0x00000000ecb80000,0x00000000ecb80000,0x00000000ed080000)
 ParOldGen       total 87552K, used 0K [0x00000000c0000000, 0x00000000c5580000, 0x00000000eab00000)
  object space 87552K, 0% used [0x00000000c0000000,0x00000000c0000000,0x00000000c5580000)
 Metaspace       used 5510K, capacity 6768K, committed 7040K, reserved 1056768K
  class space    used 552K, capacity 616K, committed 640K, reserved 1048576K

Card table byte_map: [0x00000000023f0000,0x0000000002600000] byte_map_base: 0x0000000001df0000

Marking Bits: (ParMarkBitMap*) 0x0000000050a74040
 Begin Bits: [0x0000000002f60000, 0x0000000003f60000)
 End Bits:   [0x0000000003f60000, 0x0000000004f60000)

Polling page: 0x0000000001d70000

CodeCache: size=245760Kb used=4118Kb max_used=4121Kb free=241641Kb
 bounds [0x000000000f010000, 0x000000000f420000, 0x000000001e010000]
 total_blobs=1243 nmethods=978 adapters=178
 compilation: enabled

Compilation events (10 events):
Event: 8.100 Thread 0x0000000007ba8000  972       3       com.android.dx.rop.code.RegisterSpec::intersect (169 bytes)
Event: 8.100 Thread 0x0000000007ba5800  973       4       java.lang.Long::numberOfTrailingZeros (116 bytes)
Event: 8.100 Thread 0x0000000007b48000 nmethod 970 0x000000000f40f050 code [0x000000000f40f1a0, 0x000000000f40f358]
Event: 8.100 Thread 0x0000000007b48000  976       4       com.android.dx.util.FixedSizeList::equals (41 bytes)
Event: 8.101 Thread 0x0000000007ba8000 nmethod 972 0x000000000f412750 code [0x000000000f4129a0, 0x000000000f413948]
Event: 8.101 Thread 0x0000000007ba8000  977       3       com.android.dx.ssa.PhiInsn::getSources (95 bytes)
Event: 8.101 Thread 0x0000000007ba5800 nmethod 973 0x000000000f354e90 code [0x000000000f354fc0, 0x000000000f355098]
Event: 8.101 Thread 0x0000000007ba5800  979       4       java.util.BitSet::clear (70 bytes)
Event: 8.102 Thread 0x0000000007ba8000 nmethod 977 0x000000000f415610 code [0x000000000f415880, 0x000000000f4168d8]
Event: 8.102 Thread 0x0000000007ba8000  978       3       com.android.dx.ssa.SCCP::simulatePhi (169 bytes)

GC Heap History (0 events):
No events

Deoptimization events (8 events):
Event: 5.919 Thread 0x0000000001f30800 Uncommon trap: reason=unstable_if action=reinterpret pc=0x000000000f2425f8 method=java.util.HashMap.getNode(ILjava/lang/Object;)Ljava/util/HashMap$Node; @ 62
Event: 7.454 Thread 0x0000000001f30800 Uncommon trap: reason=class_check action=maybe_recompile pc=0x000000000f337cd4 method=com.android.dx.ssa.NormalSsaInsn.accept(Lcom/android/dx/ssa/SsaInsn$Visitor;)V @ 9
Event: 7.458 Thread 0x0000000001f30800 Uncommon trap: reason=class_check action=maybe_recompile pc=0x000000000f337cd4 method=com.android.dx.ssa.NormalSsaInsn.accept(Lcom/android/dx/ssa/SsaInsn$Visitor;)V @ 9
Event: 7.494 Thread 0x0000000001f30800 Uncommon trap: reason=class_check action=maybe_recompile pc=0x000000000f337cd4 method=com.android.dx.ssa.NormalSsaInsn.accept(Lcom/android/dx/ssa/SsaInsn$Visitor;)V @ 9
Event: 7.877 Thread 0x0000000001f30800 Uncommon trap: reason=unstable_if action=reinterpret pc=0x000000000f3c541c method=com.android.dx.rop.code.LocalItem.hashCode()I @ 25
Event: 7.897 Thread 0x0000000001f30800 Uncommon trap: reason=class_check action=maybe_recompile pc=0x000000000f337cd4 method=com.android.dx.ssa.NormalSsaInsn.accept(Lcom/android/dx/ssa/SsaInsn$Visitor;)V @ 9
Event: 7.983 Thread 0x0000000001f30800 Uncommon trap: reason=unstable_if action=reinterpret pc=0x000000000f325074 method=java.util.BitSet.ensureCapacity(I)V @ 6
Event: 7.984 Thread 0x0000000001f30800 Uncommon trap: reason=unstable_if action=reinterpret pc=0x000000000f2773f0 method=java.util.BitSet.nextSetBit(I)I @ 87

Internal exceptions (2 events):
Event: 1.572 Thread 0x0000000001f30800 Exception <a 'java/lang/NoSuchMethodError': Method sun.misc.Unsafe.defineClass(Ljava/lang/String;[BII)Ljava/lang/Class; name or signature does not match> (0x00000000eab12f18) thrown at [C:\re\workspace\8-2-build-windows-amd64-cygwin\jdk8u45\3627\hotspot\srhƒ0´(ù?
Event: 1.572 Thread 0x0000000001f30800 Exception <a 'java/lang/NoSuchMethodError': Method sun.misc.Unsafe.prefetchRead(Ljava/lang/Object;J)V name or signature does not match> (0x00000000eab131a8) thrown at [C:\re\workspace\8-2-build-windows-amd64-cygwin\jdk8u45\3627\hotspot\src\share\vm\prims\j

Events (10 events):
Event: 7.877 Thread 0x0000000001f30800 DEOPT UNPACKING pc=0x000000000f05582a sp=0x0000000001f2e8c8 mode 2
Event: 7.897 Thread 0x0000000001f30800 Uncommon trap: trap_request=0xffffffde fr.pc=0x000000000f337cd4
Event: 7.897 Thread 0x0000000001f30800 DEOPT PACKING pc=0x000000000f337cd4 sp=0x0000000001f2e7e0
Event: 7.897 Thread 0x0000000001f30800 DEOPT UNPACKING pc=0x000000000f05582a sp=0x0000000001f2e720 mode 2
Event: 7.983 Thread 0x0000000001f30800 Uncommon trap: trap_request=0xffffff65 fr.pc=0x000000000f325074
Event: 7.983 Thread 0x0000000001f30800 DEOPT PACKING pc=0x000000000f325074 sp=0x0000000001f2e980
Event: 7.983 Thread 0x0000000001f30800 DEOPT UNPACKING pc=0x000000000f05582a sp=0x0000000001f2e868 mode 2
Event: 7.984 Thread 0x0000000001f30800 Uncommon trap: trap_request=0xffffff65 fr.pc=0x000000000f2773f0
Event: 7.984 Thread 0x0000000001f30800 DEOPT PACKING pc=0x000000000f2773f0 sp=0x0000000001f2ea20
Event: 7.984 Thread 0x0000000001f30800 DEOPT UNPACKING pc=0x000000000f05582a sp=0x0000000001f2e9b8 mode 2


Dynamic libraries:
0x00007ff791750000 - 0x00007ff791787000 	C:\Program Files\Java\jdk1.8.0_45\bin\java.exe
0x00007ffdd9b80000 - 0x00007ffdd9d2c000 	C:\Windows\SYSTEM32\ntdll.dll
0x00007ffdd7210000 - 0x00007ffdd734e000 	C:\Windows\system32\KERNEL32.DLL
0x00007ffdd70f0000 - 0x00007ffdd7205000 	C:\Windows\system32\KERNELBASE.dll
0x00007ffdd5830000 - 0x00007ffdd58be000 	C:\Windows\system32\apphelp.dll
0x00007ffdd1bf0000 - 0x00007ffdd1c43000 	C:\Windows\AppPatch\AppPatch64\AcGenral.DLL
0x00007ffdd73f0000 - 0x00007ffdd749a000 	C:\Windows\system32\msvcrt.dll
0x00007ffdd6ac0000 - 0x00007ffdd6aee000 	C:\Windows\SYSTEM32\SspiCli.dll
0x00007ffdd7500000 - 0x00007ffdd7554000 	C:\Windows\system32\SHLWAPI.dll
0x00007ffdd7a60000 - 0x00007ffdd7bd7000 	C:\Windows\system32\USER32.dll
0x00007ffdd93c0000 - 0x00007ffdd9554000 	C:\Windows\system32\ole32.dll
0x00007ffdd7c40000 - 0x00007ffdd9159000 	C:\Windows\system32\SHELL32.dll
0x00007ffdd6440000 - 0x00007ffdd6461000 	C:\Windows\SYSTEM32\USERENV.dll
0x00007ffdd79b0000 - 0x00007ffdd7a5a000 	C:\Windows\system32\ADVAPI32.dll
0x00007ffdc9420000 - 0x00007ffdc943e000 	C:\Windows\SYSTEM32\MPR.dll
0x00007ffdd9230000 - 0x00007ffdd9371000 	C:\Windows\system32\RPCRT4.dll
0x00007ffdd99c0000 - 0x00007ffdd9a19000 	C:\Windows\SYSTEM32\sechost.dll
0x00007ffdd7770000 - 0x00007ffdd7981000 	C:\Windows\SYSTEM32\combase.dll
0x00007ffdd7560000 - 0x00007ffdd76b0000 	C:\Windows\system32\GDI32.dll
0x00007ffdd6ce0000 - 0x00007ffdd6cf5000 	C:\Windows\SYSTEM32\profapi.dll
0x00007ffdd51e0000 - 0x00007ffdd5292000 	C:\Windows\SYSTEM32\SHCORE.dll
0x00007ffdd9380000 - 0x00007ffdd93b6000 	C:\Windows\system32\IMM32.DLL
0x00007ffdd9a20000 - 0x00007ffdd9b72000 	C:\Windows\system32\MSCTF.dll
0x00007ffdd6c90000 - 0x00007ffdd6cc1000 	C:\Windows\system32\nvinitx.dll
0x00007ffdd6c80000 - 0x00007ffdd6c8a000 	C:\Windows\SYSTEM32\VERSION.dll
0x000000000f000000 - 0x000000000f006000 	C:\Program Files\NVIDIA Corporation\CoProcManager\_etoured.dll
0x00007ffdd4bc0000 - 0x00007ffdd4bf1000 	C:\Program Files\NVIDIA Corporation\CoProcManager\nvd3d9wrapx.dll
0x00007ffdd9710000 - 0x00007ffdd98ea000 	C:\Windows\system32\SETUPAPI.dll
0x00007ffdd6e60000 - 0x00007ffdd6eaf000 	C:\Windows\system32\CFGMGR32.dll
0x00007ffdd4b60000 - 0x00007ffdd4b82000 	C:\Program Files\NVIDIA Corporation\CoProcManager\nvdxgiwrapx.dll
0x00007ffdd4d60000 - 0x00007ffdd4fda000 	C:\Windows\WinSxS\amd64_microsoft.windows.common-controls_6595b64144ccf1df_6.0.9600.17810_none_6240b9c7ecbd0bda\COMCTL32.dll
0x0000000077d10000 - 0x0000000077de2000 	C:\Program Files\Java\jdk1.8.0_45\jre\bin\msvcr100.dll
0x0000000050270000 - 0x0000000050af3000 	C:\Program Files\Java\jdk1.8.0_45\jre\bin\server\jvm.dll
0x00007ffdcda00000 - 0x00007ffdcda09000 	C:\Windows\SYSTEM32\WSOCK32.dll
0x00007ffdd4690000 - 0x00007ffdd46b2000 	C:\Windows\SYSTEM32\WINMM.dll
0x00007ffdd7990000 - 0x00007ffdd7997000 	C:\Windows\system32\PSAPI.DLL
0x00007ffdd7be0000 - 0x00007ffdd7c3a000 	C:\Windows\system32\WS2_32.dll
0x00007ffdd4650000 - 0x00007ffdd467a000 	C:\Windows\SYSTEM32\WINMMBASE.dll
0x00007ffdd73e0000 - 0x00007ffdd73e9000 	C:\Windows\system32\NSI.dll
0x00007ffdd5a80000 - 0x00007ffdd5aa8000 	C:\Windows\SYSTEM32\DEVOBJ.dll
0x0000000050180000 - 0x000000005018f000 	C:\Program Files\Java\jdk1.8.0_45\jre\bin\verify.dll
0x0000000050150000 - 0x0000000050179000 	C:\Program Files\Java\jdk1.8.0_45\jre\bin\java.dll
0x0000000050130000 - 0x0000000050146000 	C:\Program Files\Java\jdk1.8.0_45\jre\bin\zip.dll
0x00007ffdd1990000 - 0x00007ffdd1b19000 	C:\Windows\SYSTEM32\dbghelp.dll

VM Arguments:
jvm_args: -Xmx1024M -Dfile.encoding=windows-1251 -Duser.country=US -Duser.language=en -Duser.variant 
java_command: com.android.dx.command.Main --dex --output D:\AndroidNanodegree\04-Build-It-Bigger\app\build\intermediates\pre-dexed\free\debug\google-http-client-1.20.0-061900ab736d3ac807f8aa93704e8cdcd3e00103.jar C:\Users\Georgi\.gradle\caches\modules-2\files-2.1\com.google.http-client\google-http-client\1.20.0\93d82db2bca534960253f43424b2ba9d7638b4d2\google-http-client-1.20.0.jar
java_class_path (initial): D:\android-sdk\build-tools\22.0.1\lib\dx.jar
Launcher Type: SUN_STANDARD

Environment Variables:
PATH=C:\ProgramData\Oracle\Java\javapath;C:\Windows\system32;C:\Windows;C:\Windows\System32\Wbem;C:\Windows\System32\WindowsPowerShell\v1.0\;C:\Program Files\Intel\WiFi\bin\;C:\Program Files\Common Files\Intel\WirelessCommon\;C:\Program Files (x86)\NVIDIA Corporation\PhysX\Common;D:\android-sdk\platform-tools;D:\android-sdk\tools;C:\Program Files (x86)\Skype\Phone\;C:\Program Files\Intel\WiFi\bin\;C:\Program Files\Common Files\Intel\WirelessCommon\
USERNAME=Georgi
OS=Windows_NT
PROCESSOR_IDENTIFIER=Intel64 Family 6 Model 58 Stepping 9, GenuineIntel



---------------  S Y S T E M  ---------------

OS: Windows 8.1 , 64 bit Build 9600 (6.3.9600.17415)

CPU:total 8 (4 cores per cpu, 2 threads per core) family 6 model 58 stepping 9, cmov, cx8, fxsr, mmx, sse, sse2, sse3, ssse3, sse4.1, sse4.2, popcnt, avx, aes, clmul, erms, ht, tsc, tscinvbit, tscinv

Memory: 4k page, physical 8271456k(1204028k free), swap 9320032k(5028k free)

vm_info: Java HotSpot(TM) 64-Bit Server VM (25.45-b02) for windows-amd64 JRE (1.8.0_45-b15), built on Apr 30 2015 12:40:44 by "java_re" with MS VC++ 10.0 (VS2010)

time: Wed Jul 22 10:15:05 2015
elapsed time: 8 seconds (0d 0h 0m 8s)

