#
# There is insufficient memory for the Java Runtime Environment to continue.
# Native memory allocation (malloc) failed to allocate 692896 bytes for Chunk::new
# Possible reasons:
#   The system is out of physical RAM or swap space
#   In 32 bit mode, the process size limit was hit
# Possible solutions:
#   Reduce memory load on the system
#   Increase physical memory or swap space
#   Check if swap backing store is full
#   Use 64 bit Java on a 64 bit OS
#   Decrease Java heap size (-Xmx/-Xms)
#   Decrease number of Java threads
#   Decrease Java thread stack sizes (-Xss)
#   Set larger code cache with -XX:ReservedCodeCacheSize=
# This output file may be truncated or incomplete.
#
#  Out of Memory Error (allocation.cpp:390), pid=5964, tid=3928
#
# JRE version: Java(TM) SE Runtime Environment (8.0_45-b15) (build 1.8.0_45-b15)
# Java VM: Java HotSpot(TM) 64-Bit Server VM (25.45-b02 mixed mode windows-amd64 compressed oops)
# Failed to write core dump. Minidumps are not enabled by default on client versions of Windows
#

---------------  T H R E A D  ---------------

Current thread (0x00000000084c6800):  JavaThread "C2 CompilerThread1" daemon [_thread_in_native, id=3928, stack(0x0000000008b90000,0x0000000008c90000)]

Stack: [0x0000000008b90000,0x0000000008c90000]
Native frames: (J=compiled Java code, j=interpreted, Vv=VM code, C=native code)
V  [jvm.dll+0x32b57a]


Current CompileTask:
C2:   6910 1863       4       com.android.dx.ssa.SsaConverter::edgeSplitMoveExceptionsAndResults (157 bytes)


---------------  P R O C E S S  ---------------

Java Threads: ( => current thread )
  0x00000000084cc000 JavaThread "Service Thread" daemon [_thread_blocked, id=5784, stack(0x0000000008e90000,0x0000000008f90000)]
  0x00000000084bc800 JavaThread "C1 CompilerThread3" daemon [_thread_blocked, id=3460, stack(0x0000000008d90000,0x0000000008e90000)]
  0x00000000084b9800 JavaThread "C2 CompilerThread2" daemon [_thread_in_native, id=1792, stack(0x0000000008c90000,0x0000000008d90000)]
=>0x00000000084c6800 JavaThread "C2 CompilerThread1" daemon [_thread_in_native, id=3928, stack(0x0000000008b90000,0x0000000008c90000)]
  0x00000000084c5000 JavaThread "C2 CompilerThread0" daemon [_thread_in_native, id=1616, stack(0x0000000008a90000,0x0000000008b90000)]
  0x00000000084c2800 JavaThread "Attach Listener" daemon [_thread_blocked, id=3676, stack(0x0000000008990000,0x0000000008a90000)]
  0x00000000084c1800 JavaThread "Signal Dispatcher" daemon [_thread_blocked, id=1044, stack(0x0000000008890000,0x0000000008990000)]
  0x0000000002974000 JavaThread "Finalizer" daemon [_thread_blocked, id=6844, stack(0x0000000008390000,0x0000000008490000)]
  0x0000000002973000 JavaThread "Reference Handler" daemon [_thread_blocked, id=6704, stack(0x0000000008290000,0x0000000008390000)]
  0x0000000002880800 JavaThread "main" [_thread_in_Java, id=5308, stack(0x0000000002780000,0x0000000002880000)]

Other Threads:
  0x0000000006499800 VMThread [stack: 0x0000000008190000,0x0000000008290000] [id=676]
  0x00000000084cd000 WatcherThread [stack: 0x0000000008f90000,0x0000000009090000] [id=4820]

VM state:not at safepoint (normal execution)

VM Mutex/Monitor currently owned by a thread: None

Heap:
 PSYoungGen      total 71680K, used 44978K [0x00000000eab00000, 0x00000000ef600000, 0x0000000100000000)
  eden space 66560K, 59% used [0x00000000eab00000,0x00000000ed1ee200,0x00000000eec00000)
  from space 5120K, 99% used [0x00000000ef100000,0x00000000ef5fe868,0x00000000ef600000)
  to   space 5120K, 0% used [0x00000000eec00000,0x00000000eec00000,0x00000000ef100000)
 ParOldGen       total 87552K, used 7333K [0x00000000c0000000, 0x00000000c5580000, 0x00000000eab00000)
  object space 87552K, 8% used [0x00000000c0000000,0x00000000c07295a0,0x00000000c5580000)
 Metaspace       used 5897K, capacity 7088K, committed 7296K, reserved 1056768K
  class space    used 551K, capacity 616K, committed 640K, reserved 1048576K

Card table byte_map: [0x0000000002d40000,0x0000000002f50000] byte_map_base: 0x0000000002740000

Marking Bits: (ParMarkBitMap*) 0x000000006b304040
 Begin Bits: [0x00000000038b0000, 0x00000000048b0000)
 End Bits:   [0x00000000048b0000, 0x00000000058b0000)

Polling page: 0x0000000000b20000

CodeCache: size=245760Kb used=8995Kb max_used=9003Kb free=236765Kb
 bounds [0x000000000f010000, 0x000000000f8f0000, 0x000000001e010000]
 total_blobs=2106 nmethods=1841 adapters=178
 compilation: enabled

Compilation events (10 events):
Event: 6.885 Thread 0x00000000084c6800 nmethod 1861 0x000000000f8e1190 code [0x000000000f8e1480, 0x000000000f8e3438]
Event: 6.885 Thread 0x00000000084c6800 1863       4       com.android.dx.ssa.SsaConverter::edgeSplitMoveExceptionsAndResults (157 bytes)
Event: 6.888 Thread 0x00000000084bc800 1867       3       com.android.dx.dex.code.OutputFinisher::hasLocalInfo (20 bytes)
Event: 6.888 Thread 0x00000000084bc800 nmethod 1867 0x000000000f8b8450 code [0x000000000f8b85c0, 0x000000000f8b8850]
Event: 6.893 Thread 0x00000000084bc800 1869       3       java.util.TreeMap$EntryIterator::next (5 bytes)
Event: 6.894 Thread 0x00000000084bc800 nmethod 1869 0x000000000f8b7f50 code [0x000000000f8b80c0, 0x000000000f8b83a8]
Event: 6.894 Thread 0x00000000084bc800 1870       3       java.util.TreeMap$EntryIterator::next (5 bytes)
Event: 6.894 Thread 0x00000000084bc800 nmethod 1870 0x000000000f8b7a90 code [0x000000000f8b7c00, 0x000000000f8b7e08]
Event: 6.895 Thread 0x00000000084b9800 nmethod 1864 0x000000000f8d4610 code [0x000000000f8d4900, 0x000000000f8d5388]
Event: 6.895 Thread 0x00000000084b9800 1866       4       com.android.dx.ssa.back.LivenessAnalyzer::coInterferePhis (128 bytes)

GC Heap History (4 events):
Event: 2.451 GC heap before
{Heap before GC invocations=1 (full 0):
 PSYoungGen      total 38400K, used 33280K [0x00000000eab00000, 0x00000000ed580000, 0x0000000100000000)
  eden space 33280K, 100% used [0x00000000eab00000,0x00000000ecb80000,0x00000000ecb80000)
  from space 5120K, 0% used [0x00000000ed080000,0x00000000ed080000,0x00000000ed580000)
  to   space 5120K, 0% used [0x00000000ecb80000,0x00000000ecb80000,0x00000000ed080000)
 ParOldGen       total 87552K, used 0K [0x00000000c0000000, 0x00000000c5580000, 0x00000000eab00000)
  object space 87552K, 0% used [0x00000000c0000000,0x00000000c0000000,0x00000000c5580000)
 Metaspace       used 5706K, capacity 6960K, committed 7040K, reserved 1056768K
  class space    used 551K, capacity 616K, committed 640K, reserved 1048576K
Event: 2.583 GC heap after
Heap after GC invocations=1 (full 0):
 PSYoungGen      total 38400K, used 5114K [0x00000000eab00000, 0x00000000ef600000, 0x0000000100000000)
  eden space 33280K, 0% used [0x00000000eab00000,0x00000000eab00000,0x00000000ecb80000)
  from space 5120K, 99% used [0x00000000ecb80000,0x00000000ed07eac8,0x00000000ed080000)
  to   space 5120K, 0% used [0x00000000ef100000,0x00000000ef100000,0x00000000ef600000)
 ParOldGen       total 87552K, used 1671K [0x00000000c0000000, 0x00000000c5580000, 0x00000000eab00000)
  object space 87552K, 1% used [0x00000000c0000000,0x00000000c01a1c80,0x00000000c5580000)
 Metaspace       used 5706K, capacity 6960K, committed 7040K, reserved 1056768K
  class space    used 551K, capacity 616K, committed 640K, reserved 1048576K
}
Event: 3.532 GC heap before
{Heap before GC invocations=2 (full 0):
 PSYoungGen      total 38400K, used 38394K [0x00000000eab00000, 0x00000000ef600000, 0x0000000100000000)
  eden space 33280K, 100% used [0x00000000eab00000,0x00000000ecb80000,0x00000000ecb80000)
  from space 5120K, 99% used [0x00000000ecb80000,0x00000000ed07eac8,0x00000000ed080000)
  to   space 5120K, 0% used [0x00000000ef100000,0x00000000ef100000,0x00000000ef600000)
 ParOldGen       total 87552K, used 1671K [0x00000000c0000000, 0x00000000c5580000, 0x00000000eab00000)
  object space 87552K, 1% used [0x00000000c0000000,0x00000000c01a1c80,0x00000000c5580000)
 Metaspace       used 5830K, capacity 7024K, committed 7296K, reserved 1056768K
  class space    used 551K, capacity 616K, committed 640K, reserved 1048576K
Event: 3.671 GC heap after
Heap after GC invocations=2 (full 0):
 PSYoungGen      total 71680K, used 5114K [0x00000000eab00000, 0x00000000ef600000, 0x0000000100000000)
  eden space 66560K, 0% used [0x00000000eab00000,0x00000000eab00000,0x00000000eec00000)
  from space 5120K, 99% used [0x00000000ef100000,0x00000000ef5fe868,0x00000000ef600000)
  to   space 5120K, 0% used [0x00000000eec00000,0x00000000eec00000,0x00000000ef100000)
 ParOldGen       total 87552K, used 7333K [0x00000000c0000000, 0x00000000c5580000, 0x00000000eab00000)
  object space 87552K, 8% used [0x00000000c0000000,0x00000000c07295a0,0x00000000c5580000)
 Metaspace       used 5830K, capacity 7024K, committed 7296K, reserved 1056768K
  class space    used 551K, capacity 616K, committed 640K, reserved 1048576K
}

Deoptimization events (10 events):
Event: 3.339 Thread 0x0000000002880800 Uncommon trap: reason=null_check action=make_not_entrant pc=0x000000000f438160 method=com.android.dx.rop.type.Type.equals(Ljava/lang/Object;)Z @ 8
Event: 3.368 Thread 0x0000000002880800 Uncommon trap: reason=unstable_if action=reinterpret pc=0x000000000f6cbde0 method=com.android.dx.ssa.SCCP.simulateBranch(Lcom/android/dx/ssa/SsaInsn;)V @ 140
Event: 5.021 Thread 0x0000000002880800 Uncommon trap: reason=unstable_if action=reinterpret pc=0x000000000f5e9208 method=com.android.dx.ssa.LiteralOpUpgrader$1.visitNonMoveInsn(Lcom/android/dx/ssa/NormalSsaInsn;)V @ 151
Event: 6.535 Thread 0x0000000002880800 Uncommon trap: reason=class_check action=maybe_recompile pc=0x000000000f8383a8 method=com.android.dx.ssa.SCCP.simulateBranch(Lcom/android/dx/ssa/SsaInsn;)V @ 145
Event: 6.628 Thread 0x0000000002880800 Uncommon trap: reason=unloaded action=reinterpret pc=0x000000000f734b94 method=com.android.dx.cf.cst.ConstantPoolParser.parse0(ILjava/util/BitSet;)Lcom/android/dx/rop/cst/Constant; @ 176
Event: 6.631 Thread 0x0000000002880800 Uncommon trap: reason=class_check action=maybe_recompile pc=0x000000000f7d5794 method=com.android.dx.rop.cst.CstLiteral32.equals(Ljava/lang/Object;)Z @ 20
Event: 6.632 Thread 0x0000000002880800 Uncommon trap: reason=class_check action=maybe_recompile pc=0x000000000f7d5794 method=com.android.dx.rop.cst.CstLiteral32.equals(Ljava/lang/Object;)Z @ 20
Event: 6.633 Thread 0x0000000002880800 Uncommon trap: reason=class_check action=maybe_recompile pc=0x000000000f7d5794 method=com.android.dx.rop.cst.CstLiteral32.equals(Ljava/lang/Object;)Z @ 20
Event: 6.633 Thread 0x0000000002880800 Uncommon trap: reason=class_check action=maybe_recompile pc=0x000000000f7d5794 method=com.android.dx.rop.cst.CstLiteral32.equals(Ljava/lang/Object;)Z @ 20
Event: 6.647 Thread 0x0000000002880800 Uncommon trap: reason=bimorphic action=maybe_recompile pc=0x000000000f722788 method=com.android.dx.ssa.SCCP.setLatticeValueTo(IILcom/android/dx/rop/cst/Constant;)Z @ 43

Internal exceptions (3 events):
Event: 0.058 Thread 0x0000000002880800 Exception <a 'java/lang/NoSuchMethodError': Method sun.misc.Unsafe.defineClass(Ljava/lang/String;[BII)Ljava/lang/Class; name or signature does not match> (0x00000000eab12f18) thrown at [C:\re\workspace\8-2-build-windows-amd64-cygwin\jdk8u45\3627\hotspot\sr’Ýà––ó­?
Event: 0.058 Thread 0x0000000002880800 Exception <a 'java/lang/NoSuchMethodError': Method sun.misc.Unsafe.prefetchRead(Ljava/lang/Object;J)V name or signature does not match> (0x00000000eab131a8) thrown at [C:\re\workspace\8-2-build-windows-amd64-cygwin\jdk8u45\3627\hotspot\src\share\vm\prims\jrjî½µ
@
Event: 3.339 Thread 0x0000000002880800 Implicit null exception at 0x000000000f438062 to 0x000000000f438152

Events (10 events):
Event: 6.632 Thread 0x0000000002880800 DEOPT UNPACKING pc=0x000000000f05582a sp=0x000000000287e200 mode 2
Event: 6.633 Thread 0x0000000002880800 Uncommon trap: trap_request=0xffffffde fr.pc=0x000000000f7d5794
Event: 6.633 Thread 0x0000000002880800 DEOPT PACKING pc=0x000000000f7d5794 sp=0x000000000287e150
Event: 6.633 Thread 0x0000000002880800 DEOPT UNPACKING pc=0x000000000f05582a sp=0x000000000287e0e0 mode 2
Event: 6.633 Thread 0x0000000002880800 Uncommon trap: trap_request=0xffffffde fr.pc=0x000000000f7d5794
Event: 6.633 Thread 0x0000000002880800 DEOPT PACKING pc=0x000000000f7d5794 sp=0x000000000287e340
Event: 6.633 Thread 0x0000000002880800 DEOPT UNPACKING pc=0x000000000f05582a sp=0x000000000287e2d0 mode 2
Event: 6.647 Thread 0x0000000002880800 Uncommon trap: trap_request=0xffffffc6 fr.pc=0x000000000f722788
Event: 6.647 Thread 0x0000000002880800 DEOPT PACKING pc=0x000000000f722788 sp=0x000000000287e430
Event: 6.647 Thread 0x0000000002880800 DEOPT UNPACKING pc=0x000000000f05582a sp=0x000000000287e388 mode 2


Dynamic libraries:
0x00007ff6eab60000 - 0x00007ff6eab97000 	C:\Program Files\Java\jdk1.8.0_45\bin\java.exe
0x00007ffceae70000 - 0x00007ffceb01c000 	C:\Windows\SYSTEM32\ntdll.dll
0x00007ffce9520000 - 0x00007ffce965e000 	C:\Windows\system32\KERNEL32.DLL
0x00007ffce82e0000 - 0x00007ffce83f5000 	C:\Windows\system32\KERNELBASE.dll
0x00007ffce6b20000 - 0x00007ffce6bae000 	C:\Windows\system32\apphelp.dll
0x00007ffcdc5b0000 - 0x00007ffcdc603000 	C:\Windows\AppPatch\AppPatch64\AcGenral.DLL
0x00007ffce9100000 - 0x00007ffce91aa000 	C:\Windows\system32\msvcrt.dll
0x00007ffce7db0000 - 0x00007ffce7dde000 	C:\Windows\SYSTEM32\SspiCli.dll
0x00007ffce8bb0000 - 0x00007ffce8c04000 	C:\Windows\system32\SHLWAPI.dll
0x00007ffce88e0000 - 0x00007ffce8a57000 	C:\Windows\system32\USER32.dll
0x00007ffce8cd0000 - 0x00007ffce8e64000 	C:\Windows\system32\ole32.dll
0x00007ffce9660000 - 0x00007ffceab79000 	C:\Windows\system32\SHELL32.dll
0x00007ffce74e0000 - 0x00007ffce7501000 	C:\Windows\SYSTEM32\USERENV.dll
0x00007ffce8c20000 - 0x00007ffce8cca000 	C:\Windows\system32\ADVAPI32.dll
0x00007ffcda4c0000 - 0x00007ffcda4de000 	C:\Windows\SYSTEM32\MPR.dll
0x00007ffce8fb0000 - 0x00007ffce90f1000 	C:\Windows\system32\RPCRT4.dll
0x00007ffce8720000 - 0x00007ffce8779000 	C:\Windows\SYSTEM32\sechost.dll
0x00007ffce8500000 - 0x00007ffce8711000 	C:\Windows\SYSTEM32\combase.dll
0x00007ffce91b0000 - 0x00007ffce9300000 	C:\Windows\system32\GDI32.dll
0x00007ffce7fd0000 - 0x00007ffce7fe5000 	C:\Windows\SYSTEM32\profapi.dll
0x00007ffce64d0000 - 0x00007ffce6582000 	C:\Windows\SYSTEM32\SHCORE.dll
0x00007ffceae30000 - 0x00007ffceae66000 	C:\Windows\system32\IMM32.DLL
0x00007ffce8780000 - 0x00007ffce88d2000 	C:\Windows\system32\MSCTF.dll
0x00007ffce7f80000 - 0x00007ffce7fb1000 	C:\Windows\system32\nvinitx.dll
0x00007ffce7f70000 - 0x00007ffce7f7a000 	C:\Windows\SYSTEM32\VERSION.dll
0x000000000f000000 - 0x000000000f006000 	C:\Program Files\NVIDIA Corporation\CoProcManager\_etoured.dll
0x00007ffce5f20000 - 0x00007ffce5f51000 	C:\Program Files\NVIDIA Corporation\CoProcManager\nvd3d9wrapx.dll
0x00007ffceab80000 - 0x00007ffcead5a000 	C:\Windows\system32\SETUPAPI.dll
0x00007ffce84b0000 - 0x00007ffce84ff000 	C:\Windows\system32\CFGMGR32.dll
0x00007ffce5e80000 - 0x00007ffce5ea2000 	C:\Program Files\NVIDIA Corporation\CoProcManager\nvdxgiwrapx.dll
0x00007ffce6050000 - 0x00007ffce62ca000 	C:\Windows\WinSxS\amd64_microsoft.windows.common-controls_6595b64144ccf1df_6.0.9600.17810_none_6240b9c7ecbd0bda\COMCTL32.dll
0x000000006a5a0000 - 0x000000006a672000 	C:\Program Files\Java\jdk1.8.0_45\jre\bin\msvcr100.dll
0x000000006ab00000 - 0x000000006b383000 	C:\Program Files\Java\jdk1.8.0_45\jre\bin\server\jvm.dll
0x00007ffcdecf0000 - 0x00007ffcdecf9000 	C:\Windows\SYSTEM32\WSOCK32.dll
0x00007ffce59f0000 - 0x00007ffce5a12000 	C:\Windows\SYSTEM32\WINMM.dll
0x00007ffce94b0000 - 0x00007ffce94b7000 	C:\Windows\system32\PSAPI.DLL
0x00007ffce8f30000 - 0x00007ffce8f8a000 	C:\Windows\system32\WS2_32.dll
0x00007ffce5940000 - 0x00007ffce596a000 	C:\Windows\SYSTEM32\WINMMBASE.dll
0x00007ffce8a60000 - 0x00007ffce8a69000 	C:\Windows\system32\NSI.dll
0x00007ffce6d70000 - 0x00007ffce6d98000 	C:\Windows\SYSTEM32\DEVOBJ.dll
0x000000006aa10000 - 0x000000006aa1f000 	C:\Program Files\Java\jdk1.8.0_45\jre\bin\verify.dll
0x000000006a9e0000 - 0x000000006aa09000 	C:\Program Files\Java\jdk1.8.0_45\jre\bin\java.dll
0x000000006a9c0000 - 0x000000006a9d6000 	C:\Program Files\Java\jdk1.8.0_45\jre\bin\zip.dll
0x00007ffce2870000 - 0x00007ffce29f9000 	C:\Windows\SYSTEM32\dbghelp.dll

VM Arguments:
jvm_args: -Xmx1024M -Dfile.encoding=windows-1251 -Duser.country=US -Duser.language=en -Duser.variant 
java_command: com.android.dx.command.Main --dex --output D:\AndroidNanodegree\04-Build-It-Bigger\app\build\intermediates\pre-dexed\free\debug\classes-c260d5125c8715c6511d370a2ce225f460915f7b.jar D:\AndroidNanodegree\04-Build-It-Bigger\app\build\intermediates\exploded-aar\com.google.android.gms\play-services-base\7.5.0\jars\classes.jar
java_class_path (initial): D:\android-sdk\build-tools\22.0.1\lib\dx.jar
Launcher Type: SUN_STANDARD

Environment Variables:
PATH=C:\ProgramData\Oracle\Java\javapath;C:\Windows\system32;C:\Windows;C:\Windows\System32\Wbem;C:\Windows\System32\WindowsPowerShell\v1.0\;C:\Program Files\Intel\WiFi\bin\;C:\Program Files\Common Files\Intel\WirelessCommon\;C:\Program Files (x86)\NVIDIA Corporation\PhysX\Common;D:\android-sdk\platform-tools;D:\android-sdk\tools;C:\Program Files (x86)\Skype\Phone\;C:\Program Files\Intel\WiFi\bin\;C:\Program Files\Common Files\Intel\WirelessCommon\
USERNAME=Georgi
OS=Windows_NT
PROCESSOR_IDENTIFIER=Intel64 Family 6 Model 58 Stepping 9, GenuineIntel



---------------  S Y S T E M  ---------------

OS: Windows 8.1 , 64 bit Build 9600 (6.3.9600.17415)

CPU:total 8 (4 cores per cpu, 2 threads per core) family 6 model 58 stepping 9, cmov, cx8, fxsr, mmx, sse, sse2, sse3, ssse3, sse4.1, sse4.2, popcnt, avx, aes, clmul, erms, ht, tsc, tscinvbit, tscinv

Memory: 4k page, physical 8271456k(957436k free), swap 9320032k(5136k free)

vm_info: Java HotSpot(TM) 64-Bit Server VM (25.45-b02) for windows-amd64 JRE (1.8.0_45-b15), built on Apr 30 2015 12:40:44 by "java_re" with MS VC++ 10.0 (VS2010)

time: Mon Jul 20 23:55:57 2015
elapsed time: 6 seconds (0d 0h 0m 6s)

