#
# There is insufficient memory for the Java Runtime Environment to continue.
# Native memory allocation (malloc) failed to allocate 490896 bytes for Chunk::new
# Possible reasons:
#   The system is out of physical RAM or swap space
#   In 32 bit mode, the process size limit was hit
# Possible solutions:
#   Reduce memory load on the system
#   Increase physical memory or swap space
#   Check if swap backing store is full
#   Use 64 bit Java on a 64 bit OS
#   Decrease Java heap size (-Xmx/-Xms)
#   Decrease number of Java threads
#   Decrease Java thread stack sizes (-Xss)
#   Set larger code cache with -XX:ReservedCodeCacheSize=
# This output file may be truncated or incomplete.
#
#  Out of Memory Error (allocation.cpp:390), pid=1608, tid=7848
#
# JRE version: Java(TM) SE Runtime Environment (8.0_45-b15) (build 1.8.0_45-b15)
# Java VM: Java HotSpot(TM) 64-Bit Server VM (25.45-b02 mixed mode windows-amd64 compressed oops)
# Failed to write core dump. Minidumps are not enabled by default on client versions of Windows
#

---------------  T H R E A D  ---------------

Current thread (0x0000000007df8800):  JavaThread "C2 CompilerThread0" daemon [_thread_in_native, id=7848, stack(0x00000000083d0000,0x00000000084d0000)]

Stack: [0x00000000083d0000,0x00000000084d0000]
Native frames: (J=compiled Java code, j=interpreted, Vv=VM code, C=native code)
V  [jvm.dll+0x32b57a]
V  [jvm.dll+0x279873]
V  [jvm.dll+0x27a509]
V  [jvm.dll+0x271825]
V  [jvm.dll+0xcb9e2]
V  [jvm.dll+0xcbeac]
V  [jvm.dll+0x476ef2]
V  [jvm.dll+0x4b955f]
V  [jvm.dll+0x46b6b5]
V  [jvm.dll+0x46ccbe]
V  [jvm.dll+0x4500f2]
V  [jvm.dll+0xa4352]
V  [jvm.dll+0xa4c8f]
V  [jvm.dll+0x241984]
V  [jvm.dll+0x29853a]
C  [msvcr100.dll+0x21d9f]
C  [msvcr100.dll+0x21e3b]
C  [KERNEL32.DLL+0x13d2]
C  [ntdll.dll+0x15444]


Current CompileTask:
C2:   4798 1356       4       com.android.dx.ssa.LocalVariableExtractor::processBlock (383 bytes)


---------------  P R O C E S S  ---------------

Java Threads: ( => current thread )
  0x0000000007e0b000 JavaThread "Service Thread" daemon [_thread_blocked, id=2092, stack(0x00000000087d0000,0x00000000088d0000)]
  0x0000000007e03800 JavaThread "C1 CompilerThread3" daemon [_thread_blocked, id=7576, stack(0x00000000086d0000,0x00000000087d0000)]
  0x0000000007dfe800 JavaThread "C2 CompilerThread2" daemon [_thread_in_native, id=8048, stack(0x00000000085d0000,0x00000000086d0000)]
  0x0000000007dfb000 JavaThread "C2 CompilerThread1" daemon [_thread_in_native, id=2364, stack(0x00000000084d0000,0x00000000085d0000)]
=>0x0000000007df8800 JavaThread "C2 CompilerThread0" daemon [_thread_in_native, id=7848, stack(0x00000000083d0000,0x00000000084d0000)]
  0x0000000007df6000 JavaThread "Attach Listener" daemon [_thread_blocked, id=4916, stack(0x00000000082d0000,0x00000000083d0000)]
  0x0000000007df5800 JavaThread "Signal Dispatcher" daemon [_thread_blocked, id=6984, stack(0x00000000081d0000,0x00000000082d0000)]
  0x00000000022e9000 JavaThread "Finalizer" daemon [_thread_blocked, id=3916, stack(0x0000000007cd0000,0x0000000007dd0000)]
  0x00000000022e2000 JavaThread "Reference Handler" daemon [_thread_blocked, id=7496, stack(0x0000000007bd0000,0x0000000007cd0000)]
  0x00000000021f0800 JavaThread "main" [_thread_in_Java, id=4036, stack(0x00000000020c0000,0x00000000021c0000)]

Other Threads:
  0x0000000005e09800 VMThread [stack: 0x0000000007ad0000,0x0000000007bd0000] [id=1816]
  0x0000000007e0b800 WatcherThread [stack: 0x00000000088d0000,0x00000000089d0000] [id=7740]

VM state:not at safepoint (normal execution)

VM Mutex/Monitor currently owned by a thread: None

Heap:
 PSYoungGen      total 38400K, used 7384K [0x00000000eab00000, 0x00000000ef600000, 0x0000000100000000)
  eden space 33280K, 6% used [0x00000000eab00000,0x00000000ead3c4c8,0x00000000ecb80000)
  from space 5120K, 99% used [0x00000000ecb80000,0x00000000ed079c78,0x00000000ed080000)
  to   space 5120K, 0% used [0x00000000ef100000,0x00000000ef100000,0x00000000ef600000)
 ParOldGen       total 87552K, used 1694K [0x00000000c0000000, 0x00000000c5580000, 0x00000000eab00000)
  object space 87552K, 1% used [0x00000000c0000000,0x00000000c01a78d0,0x00000000c5580000)
 Metaspace       used 5712K, capacity 6960K, committed 7040K, reserved 1056768K
  class space    used 549K, capacity 616K, committed 640K, reserved 1048576K

Card table byte_map: [0x00000000026b0000,0x00000000028c0000] byte_map_base: 0x00000000020b0000

Marking Bits: (ParMarkBitMap*) 0x0000000050a74040
 Begin Bits: [0x0000000003220000, 0x0000000004220000)
 End Bits:   [0x0000000004220000, 0x0000000005220000)

Polling page: 0x0000000000910000

CodeCache: size=245760Kb used=5840Kb max_used=5858Kb free=239919Kb
 bounds [0x000000000f010000, 0x000000000f5d0000, 0x000000001e010000]
 total_blobs=1638 nmethods=1373 adapters=178
 compilation: enabled

Compilation events (10 events):
Event: 4.751 Thread 0x0000000007e03800 nmethod 1369 0x000000000f5b8e90 code [0x000000000f5b9020, 0x000000000f5b9458]
Event: 4.752 Thread 0x0000000007e03800 1370       3       sun.misc.SharedSecrets::getJavaLangAccess (4 bytes)
Event: 4.753 Thread 0x0000000007e03800 nmethod 1370 0x000000000f5b21d0 code [0x000000000f5b2320, 0x000000000f5b2450]
Event: 4.753 Thread 0x0000000007e03800 1371       3       com.android.dx.cf.code.ConcreteMethod::<init> (21 bytes)
Event: 4.754 Thread 0x0000000007e03800 nmethod 1371 0x000000000f5beb50 code [0x000000000f5bed60, 0x000000000f5bf648]
Event: 4.754 Thread 0x0000000007e03800 1372   !   3       com.android.dx.cf.code.Ropper::convert (52 bytes)
Event: 4.755 Thread 0x0000000007e03800 nmethod 1372 0x000000000f5bfb50 code [0x000000000f5bfd80, 0x000000000f5c0908]
Event: 4.755 Thread 0x0000000007e03800 1373       3       com.android.dx.cf.code.BasicBlocker::identifyBlocks (18 bytes)
Event: 4.755 Thread 0x0000000007e03800 nmethod 1373 0x000000000f5c0e90 code [0x000000000f5c1020, 0x000000000f5c1268]
Event: 4.755 Thread 0x0000000007e03800 1374       3       com.android.dx.cf.code.RopperMachine::<init> (134 bytes)

GC Heap History (2 events):
Event: 3.970 GC heap before
{Heap before GC invocations=1 (full 0):
 PSYoungGen      total 38400K, used 33280K [0x00000000eab00000, 0x00000000ed580000, 0x0000000100000000)
  eden space 33280K, 100% used [0x00000000eab00000,0x00000000ecb80000,0x00000000ecb80000)
  from space 5120K, 0% used [0x00000000ed080000,0x00000000ed080000,0x00000000ed580000)
  to   space 5120K, 0% used [0x00000000ecb80000,0x00000000ecb80000,0x00000000ed080000)
 ParOldGen       total 87552K, used 0K [0x00000000c0000000, 0x00000000c5580000, 0x00000000eab00000)
  object space 87552K, 0% used [0x00000000c0000000,0x00000000c0000000,0x00000000c5580000)
 Metaspace       used 5668K, capacity 6896K, committed 7040K, reserved 1056768K
  class space    used 549K, capacity 616K, committed 640K, reserved 1048576K
Event: 4.566 GC heap after
Heap after GC invocations=1 (full 0):
 PSYoungGen      total 38400K, used 5095K [0x00000000eab00000, 0x00000000ef600000, 0x0000000100000000)
  eden space 33280K, 0% used [0x00000000eab00000,0x00000000eab00000,0x00000000ecb80000)
  from space 5120K, 99% used [0x00000000ecb80000,0x00000000ed079c78,0x00000000ed080000)
  to   space 5120K, 0% used [0x00000000ef100000,0x00000000ef100000,0x00000000ef600000)
 ParOldGen       total 87552K, used 1694K [0x00000000c0000000, 0x00000000c5580000, 0x00000000eab00000)
  object space 87552K, 1% used [0x00000000c0000000,0x00000000c01a78d0,0x00000000c5580000)
 Metaspace       used 5668K, capacity 6896K, committed 7040K, reserved 1056768K
  class space    used 549K, capacity 616K, committed 640K, reserved 1048576K
}

Deoptimization events (10 events):
Event: 2.662 Thread 0x00000000021f0800 Uncommon trap: reason=class_check action=maybe_recompile pc=0x000000000f3c2df0 method=com.android.dx.ssa.NormalSsaInsn.accept(Lcom/android/dx/ssa/SsaInsn$Visitor;)V @ 9
Event: 2.662 Thread 0x00000000021f0800 Uncommon trap: reason=class_check action=maybe_recompile pc=0x000000000f3c2df0 method=com.android.dx.ssa.NormalSsaInsn.accept(Lcom/android/dx/ssa/SsaInsn$Visitor;)V @ 9
Event: 2.662 Thread 0x00000000021f0800 Uncommon trap: reason=class_check action=maybe_recompile pc=0x000000000f3c2df0 method=com.android.dx.ssa.NormalSsaInsn.accept(Lcom/android/dx/ssa/SsaInsn$Visitor;)V @ 9
Event: 2.662 Thread 0x00000000021f0800 Uncommon trap: reason=class_check action=maybe_recompile pc=0x000000000f315130 method=com.android.dx.ssa.NormalSsaInsn.accept(Lcom/android/dx/ssa/SsaInsn$Visitor;)V @ 9
Event: 2.698 Thread 0x00000000021f0800 Uncommon trap: reason=unstable_if action=reinterpret pc=0x000000000f31c0f4 method=java.util.BitSet.ensureCapacity(I)V @ 6
Event: 2.698 Thread 0x00000000021f0800 Uncommon trap: reason=unstable_if action=reinterpret pc=0x000000000f3036f0 method=java.util.BitSet.ensureCapacity(I)V @ 6
Event: 3.110 Thread 0x00000000021f0800 Uncommon trap: reason=unstable_if action=reinterpret pc=0x000000000f3f9078 method=com.android.dx.cf.code.Ropper.labelToResultIndex(I)I @ 34
Event: 3.293 Thread 0x00000000021f0800 Uncommon trap: reason=null_check action=make_not_entrant pc=0x000000000f4607e0 method=com.android.dx.rop.type.Type.equals(Ljava/lang/Object;)Z @ 8
Event: 3.750 Thread 0x00000000021f0800 Uncommon trap: reason=unstable_if action=reinterpret pc=0x000000000f44157c method=com.android.dx.util.IntList.binarysearch(I)I @ 105
Event: 4.632 Thread 0x00000000021f0800 Uncommon trap: reason=unstable_if action=reinterpret pc=0x000000000f56eecc method=com.android.dx.ssa.SCCP.simulateBranch(Lcom/android/dx/ssa/SsaInsn;)V @ 329

Internal exceptions (3 events):
Event: 0.191 Thread 0x00000000021f0800 Exception <a 'java/lang/NoSuchMethodError': Method sun.misc.Unsafe.defineClass(Ljava/lang/String;[BII)Ljava/lang/Class; name or signature does not match> (0x00000000eab12f18) thrown at [C:\re\workspace\8-2-build-windows-amd64-cygwin\jdk8u45\3627\hotspot\sr“®¨s»?
Event: 0.191 Thread 0x00000000021f0800 Exception <a 'java/lang/NoSuchMethodError': Method sun.misc.Unsafe.prefetchRead(Ljava/lang/Object;J)V name or signature does not match> (0x00000000eab131a8) thrown at [C:\re\workspace\8-2-build-windows-amd64-cygwin\jdk8u45\3627\hotspot\src\share\vm\prims\j›üm$lW
@
Event: 3.293 Thread 0x00000000021f0800 Implicit null exception at 0x000000000f4606e2 to 0x000000000f4607d2

Events (10 events):
Event: 3.750 Thread 0x00000000021f0800 Uncommon trap: trap_request=0xffffff65 fr.pc=0x000000000f44157c
Event: 3.750 Thread 0x00000000021f0800 DEOPT PACKING pc=0x000000000f44157c sp=0x00000000021be700
Event: 3.750 Thread 0x00000000021f0800 DEOPT UNPACKING pc=0x000000000f05582a sp=0x00000000021be678 mode 2
Event: 3.850 Thread 0x00000000021f0800 DEOPT PACKING pc=0x000000000f39b12a sp=0x00000000021be6b0
Event: 3.850 Thread 0x00000000021f0800 DEOPT UNPACKING pc=0x000000000f05787f sp=0x00000000021be478 mode 0
Event: 3.970 Executing VM operation: ParallelGCFailedAllocation
Event: 4.566 Executing VM operation: ParallelGCFailedAllocation done
Event: 4.632 Thread 0x00000000021f0800 Uncommon trap: trap_request=0xffffff65 fr.pc=0x000000000f56eecc
Event: 4.632 Thread 0x00000000021f0800 DEOPT PACKING pc=0x000000000f56eecc sp=0x00000000021be710
Event: 4.632 Thread 0x00000000021f0800 DEOPT UNPACKING pc=0x000000000f05582a sp=0x00000000021be6c8 mode 2


Dynamic libraries:
0x00007ff791750000 - 0x00007ff791787000 	C:\Program Files\Java\jdk1.8.0_45\bin\java.exe
0x00007ffdd9b80000 - 0x00007ffdd9d2c000 	C:\Windows\SYSTEM32\ntdll.dll
0x00007ffdd7210000 - 0x00007ffdd734e000 	C:\Windows\system32\KERNEL32.DLL
0x00007ffdd70f0000 - 0x00007ffdd7205000 	C:\Windows\system32\KERNELBASE.dll
0x00007ffdd5830000 - 0x00007ffdd58be000 	C:\Windows\system32\apphelp.dll
0x00007ffdd1c10000 - 0x00007ffdd1c63000 	C:\Windows\AppPatch\AppPatch64\AcGenral.DLL
0x00007ffdd73f0000 - 0x00007ffdd749a000 	C:\Windows\system32\msvcrt.dll
0x00007ffdd6ac0000 - 0x00007ffdd6aee000 	C:\Windows\SYSTEM32\SspiCli.dll
0x00007ffdd7500000 - 0x00007ffdd7554000 	C:\Windows\system32\SHLWAPI.dll
0x00007ffdd7a60000 - 0x00007ffdd7bd7000 	C:\Windows\system32\USER32.dll
0x00007ffdd93c0000 - 0x00007ffdd9554000 	C:\Windows\system32\ole32.dll
0x00007ffdd7c40000 - 0x00007ffdd9159000 	C:\Windows\system32\SHELL32.dll
0x00007ffdd6440000 - 0x00007ffdd6461000 	C:\Windows\SYSTEM32\USERENV.dll
0x00007ffdd79b0000 - 0x00007ffdd7a5a000 	C:\Windows\system32\ADVAPI32.dll
0x00007ffdc9420000 - 0x00007ffdc943e000 	C:\Windows\SYSTEM32\MPR.dll
0x00007ffdd9230000 - 0x00007ffdd9371000 	C:\Windows\system32\RPCRT4.dll
0x00007ffdd99c0000 - 0x00007ffdd9a19000 	C:\Windows\SYSTEM32\sechost.dll
0x00007ffdd7770000 - 0x00007ffdd7981000 	C:\Windows\SYSTEM32\combase.dll
0x00007ffdd7560000 - 0x00007ffdd76b0000 	C:\Windows\system32\GDI32.dll
0x00007ffdd6ce0000 - 0x00007ffdd6cf5000 	C:\Windows\SYSTEM32\profapi.dll
0x00007ffdd51e0000 - 0x00007ffdd5292000 	C:\Windows\SYSTEM32\SHCORE.dll
0x00007ffdd9380000 - 0x00007ffdd93b6000 	C:\Windows\system32\IMM32.DLL
0x00007ffdd9a20000 - 0x00007ffdd9b72000 	C:\Windows\system32\MSCTF.dll
0x00007ffdd6c90000 - 0x00007ffdd6cc1000 	C:\Windows\system32\nvinitx.dll
0x00007ffdd6c80000 - 0x00007ffdd6c8a000 	C:\Windows\SYSTEM32\VERSION.dll
0x000000000f000000 - 0x000000000f006000 	C:\Program Files\NVIDIA Corporation\CoProcManager\_etoured.dll
0x00007ffdd4bc0000 - 0x00007ffdd4bf1000 	C:\Program Files\NVIDIA Corporation\CoProcManager\nvd3d9wrapx.dll
0x00007ffdd9710000 - 0x00007ffdd98ea000 	C:\Windows\system32\SETUPAPI.dll
0x00007ffdd6e60000 - 0x00007ffdd6eaf000 	C:\Windows\system32\CFGMGR32.dll
0x00007ffdd4b60000 - 0x00007ffdd4b82000 	C:\Program Files\NVIDIA Corporation\CoProcManager\nvdxgiwrapx.dll
0x00007ffdd4d60000 - 0x00007ffdd4fda000 	C:\Windows\WinSxS\amd64_microsoft.windows.common-controls_6595b64144ccf1df_6.0.9600.17810_none_6240b9c7ecbd0bda\COMCTL32.dll
0x0000000077d10000 - 0x0000000077de2000 	C:\Program Files\Java\jdk1.8.0_45\jre\bin\msvcr100.dll
0x0000000050270000 - 0x0000000050af3000 	C:\Program Files\Java\jdk1.8.0_45\jre\bin\server\jvm.dll
0x00007ffdcda00000 - 0x00007ffdcda09000 	C:\Windows\SYSTEM32\WSOCK32.dll
0x00007ffdd4690000 - 0x00007ffdd46b2000 	C:\Windows\SYSTEM32\WINMM.dll
0x00007ffdd7990000 - 0x00007ffdd7997000 	C:\Windows\system32\PSAPI.DLL
0x00007ffdd7be0000 - 0x00007ffdd7c3a000 	C:\Windows\system32\WS2_32.dll
0x00007ffdd4650000 - 0x00007ffdd467a000 	C:\Windows\SYSTEM32\WINMMBASE.dll
0x00007ffdd73e0000 - 0x00007ffdd73e9000 	C:\Windows\system32\NSI.dll
0x00007ffdd5a80000 - 0x00007ffdd5aa8000 	C:\Windows\SYSTEM32\DEVOBJ.dll
0x0000000050180000 - 0x000000005018f000 	C:\Program Files\Java\jdk1.8.0_45\jre\bin\verify.dll
0x0000000050150000 - 0x0000000050179000 	C:\Program Files\Java\jdk1.8.0_45\jre\bin\java.dll
0x0000000050130000 - 0x0000000050146000 	C:\Program Files\Java\jdk1.8.0_45\jre\bin\zip.dll
0x00007ffdd1990000 - 0x00007ffdd1b19000 	C:\Windows\SYSTEM32\dbghelp.dll

VM Arguments:
jvm_args: -Xmx1024M -Dfile.encoding=windows-1251 -Duser.country=US -Duser.language=en -Duser.variant 
java_command: com.android.dx.command.Main --dex --output D:\AndroidNanodegree\04-Build-It-Bigger\app\build\intermediates\pre-dexed\free\debug\classes-aa40da11428ec5834d513bc204153b33e92871a1.jar D:\AndroidNanodegree\04-Build-It-Bigger\app\build\intermediates\exploded-aar\com.google.android.gms\play-services-analytics\7.5.0\jars\classes.jar
java_class_path (initial): D:\android-sdk\build-tools\22.0.1\lib\dx.jar
Launcher Type: SUN_STANDARD

Environment Variables:
PATH=C:\ProgramData\Oracle\Java\javapath;C:\Windows\system32;C:\Windows;C:\Windows\System32\Wbem;C:\Windows\System32\WindowsPowerShell\v1.0\;C:\Program Files\Intel\WiFi\bin\;C:\Program Files\Common Files\Intel\WirelessCommon\;C:\Program Files (x86)\NVIDIA Corporation\PhysX\Common;D:\android-sdk\platform-tools;D:\android-sdk\tools;C:\Program Files (x86)\Skype\Phone\;C:\Program Files\Intel\WiFi\bin\;C:\Program Files\Common Files\Intel\WirelessCommon\
USERNAME=Georgi
OS=Windows_NT
PROCESSOR_IDENTIFIER=Intel64 Family 6 Model 58 Stepping 9, GenuineIntel



---------------  S Y S T E M  ---------------

OS: Windows 8.1 , 64 bit Build 9600 (6.3.9600.17415)

CPU:total 8 (4 cores per cpu, 2 threads per core) family 6 model 58 stepping 9, cmov, cx8, fxsr, mmx, sse, sse2, sse3, ssse3, sse4.1, sse4.2, popcnt, avx, aes, clmul, erms, ht, tsc, tscinvbit, tscinv

Memory: 4k page, physical 8271456k(1261676k free), swap 9320032k(6156k free)

vm_info: Java HotSpot(TM) 64-Bit Server VM (25.45-b02) for windows-amd64 JRE (1.8.0_45-b15), built on Apr 30 2015 12:40:44 by "java_re" with MS VC++ 10.0 (VS2010)

time: Wed Jul 22 09:48:02 2015
elapsed time: 4 seconds (0d 0h 0m 4s)

