#
# There is insufficient memory for the Java Runtime Environment to continue.
# Native memory allocation (malloc) failed to allocate 2109424 bytes for Chunk::new
# Possible reasons:
#   The system is out of physical RAM or swap space
#   In 32 bit mode, the process size limit was hit
# Possible solutions:
#   Reduce memory load on the system
#   Increase physical memory or swap space
#   Check if swap backing store is full
#   Use 64 bit Java on a 64 bit OS
#   Decrease Java heap size (-Xmx/-Xms)
#   Decrease number of Java threads
#   Decrease Java thread stack sizes (-Xss)
#   Set larger code cache with -XX:ReservedCodeCacheSize=
# This output file may be truncated or incomplete.
#
#  Out of Memory Error (allocation.cpp:390), pid=7860, tid=1608
#
# JRE version: Java(TM) SE Runtime Environment (8.0_45-b15) (build 1.8.0_45-b15)
# Java VM: Java HotSpot(TM) 64-Bit Server VM (25.45-b02 mixed mode windows-amd64 compressed oops)
# Failed to write core dump. Minidumps are not enabled by default on client versions of Windows
#

---------------  T H R E A D  ---------------

Current thread (0x0000000007976800):  JavaThread "C2 CompilerThread1" daemon [_thread_in_native, id=1608, stack(0x0000000008050000,0x0000000008150000)]

Stack: [0x0000000008050000,0x0000000008150000]
Native frames: (J=compiled Java code, j=interpreted, Vv=VM code, C=native code)
V  [jvm.dll+0x32b57a]
V  [jvm.dll+0x279873]
V  [jvm.dll+0x27a509]
V  [jvm.dll+0x271825]
V  [jvm.dll+0xcb9e2]
V  [jvm.dll+0xcbeac]
V  [jvm.dll+0x4929e7]
V  [jvm.dll+0x45f8ca]
V  [jvm.dll+0x46a73b]
V  [jvm.dll+0x46cd52]
V  [jvm.dll+0x4500f2]
V  [jvm.dll+0xa4352]
V  [jvm.dll+0xa4c8f]
V  [jvm.dll+0x241984]
V  [jvm.dll+0x29853a]
C  [msvcr100.dll+0x21d9f]
C  [msvcr100.dll+0x21e3b]
C  [KERNEL32.DLL+0x13d2]
C  [ntdll.dll+0x15444]


Current CompileTask:
C2:   9237 1938   !   4       com.android.dx.cf.code.Ropper::processBlock (1101 bytes)


---------------  P R O C E S S  ---------------

Java Threads: ( => current thread )
  0x00000000079fd000 JavaThread "Service Thread" daemon [_thread_blocked, id=2488, stack(0x0000000008350000,0x0000000008450000)]
  0x00000000079cb800 JavaThread "C1 CompilerThread3" daemon [_thread_blocked, id=5116, stack(0x0000000008250000,0x0000000008350000)]
  0x000000000797b000 JavaThread "C2 CompilerThread2" daemon [_thread_in_native, id=1716, stack(0x0000000008150000,0x0000000008250000)]
=>0x0000000007976800 JavaThread "C2 CompilerThread1" daemon [_thread_in_native, id=1608, stack(0x0000000008050000,0x0000000008150000)]
  0x0000000007984800 JavaThread "C2 CompilerThread0" daemon [_thread_in_native, id=4520, stack(0x0000000007f50000,0x0000000008050000)]
  0x0000000007982000 JavaThread "Attach Listener" daemon [_thread_blocked, id=3212, stack(0x0000000007e50000,0x0000000007f50000)]
  0x0000000007981000 JavaThread "Signal Dispatcher" daemon [_thread_blocked, id=5824, stack(0x0000000007d50000,0x0000000007e50000)]
  0x0000000001e49000 JavaThread "Finalizer" daemon [_thread_blocked, id=3996, stack(0x0000000007850000,0x0000000007950000)]
  0x0000000001e42000 JavaThread "Reference Handler" daemon [_thread_blocked, id=2960, stack(0x0000000007750000,0x0000000007850000)]
  0x0000000001d50800 JavaThread "main" [_thread_in_Java, id=6492, stack(0x0000000001c50000,0x0000000001d50000)]

Other Threads:
  0x0000000005969800 VMThread [stack: 0x0000000007650000,0x0000000007750000] [id=4832]
  0x00000000079fe000 WatcherThread [stack: 0x0000000008450000,0x0000000008550000] [id=2508]

VM state:not at safepoint (normal execution)

VM Mutex/Monitor currently owned by a thread: None

Heap:
 PSYoungGen      total 71680K, used 44504K [0x00000000eab00000, 0x00000000ef600000, 0x0000000100000000)
  eden space 66560K, 59% used [0x00000000eab00000,0x00000000ed177ea8,0x00000000eec00000)
  from space 5120K, 99% used [0x00000000eec00000,0x00000000ef0fe1a0,0x00000000ef100000)
  to   space 5120K, 0% used [0x00000000ef100000,0x00000000ef100000,0x00000000ef600000)
 ParOldGen       total 87552K, used 16848K [0x00000000c0000000, 0x00000000c5580000, 0x00000000eab00000)
  object space 87552K, 19% used [0x00000000c0000000,0x00000000c10741e0,0x00000000c5580000)
 Metaspace       used 6048K, capacity 7152K, committed 7296K, reserved 1056768K
  class space    used 577K, capacity 616K, committed 640K, reserved 1048576K

Card table byte_map: [0x0000000002210000,0x0000000002420000] byte_map_base: 0x0000000001c10000

Marking Bits: (ParMarkBitMap*) 0x0000000050a74040
 Begin Bits: [0x0000000002d80000, 0x0000000003d80000)
 End Bits:   [0x0000000003d80000, 0x0000000004d80000)

Polling page: 0x0000000001b30000

CodeCache: size=245760Kb used=9387Kb max_used=9399Kb free=236372Kb
 bounds [0x000000000f010000, 0x000000000f950000, 0x000000001e010000]
 total_blobs=2198 nmethods=1932 adapters=178
 compilation: enabled

Compilation events (10 events):
Event: 9.042 Thread 0x0000000007984800 nmethod 1981 0x000000000f9420d0 code [0x000000000f9423a0, 0x000000000f944910]
Event: 9.042 Thread 0x0000000007984800 1990       4       com.android.dx.cf.code.Frame::setImmutable (15 bytes)
Event: 9.042 Thread 0x0000000007984800 nmethod 1990 0x000000000f935710 code [0x000000000f935860, 0x000000000f935918]
Event: 9.042 Thread 0x0000000007984800 1986       4       com.android.dx.cf.code.RopperMachine::startBlock (48 bytes)
Event: 9.045 Thread 0x0000000007984800 nmethod 1986 0x000000000f9353d0 code [0x000000000f935500, 0x000000000f935638]
Event: 9.045 Thread 0x0000000007984800 1987       4       com.android.dx.cf.code.Frame::copy (26 bytes)
Event: 9.059 Thread 0x0000000007984800 nmethod 1987 0x000000000f8f2f10 code [0x000000000f8f30c0, 0x000000000f8f3a58]
Event: 9.059 Thread 0x0000000007984800 1988       4       com.android.dx.cf.code.OneLocalsArray::copy (5 bytes)
Event: 9.062 Thread 0x0000000007984800 nmethod 1988 0x000000000f8f2950 code [0x000000000f8f2aa0, 0x000000000f8f2d58]
Event: 9.063 Thread 0x0000000007984800 1991       4       com.android.dx.cf.code.Simulator$SimVisitor::visitConstant (332 bytes)

GC Heap History (6 events):
Event: 4.134 GC heap before
{Heap before GC invocations=1 (full 0):
 PSYoungGen      total 38400K, used 33280K [0x00000000eab00000, 0x00000000ed580000, 0x0000000100000000)
  eden space 33280K, 100% used [0x00000000eab00000,0x00000000ecb80000,0x00000000ecb80000)
  from space 5120K, 0% used [0x00000000ed080000,0x00000000ed080000,0x00000000ed580000)
  to   space 5120K, 0% used [0x00000000ecb80000,0x00000000ecb80000,0x00000000ed080000)
 ParOldGen       total 87552K, used 0K [0x00000000c0000000, 0x00000000c5580000, 0x00000000eab00000)
  object space 87552K, 0% used [0x00000000c0000000,0x00000000c0000000,0x00000000c5580000)
 Metaspace       used 5814K, capacity 7024K, committed 7296K, reserved 1056768K
  class space    used 553K, capacity 616K, committed 640K, reserved 1048576K
Event: 4.206 GC heap after
Heap after GC invocations=1 (full 0):
 PSYoungGen      total 38400K, used 5118K [0x00000000eab00000, 0x00000000ef600000, 0x0000000100000000)
  eden space 33280K, 0% used [0x00000000eab00000,0x00000000eab00000,0x00000000ecb80000)
  from space 5120K, 99% used [0x00000000ecb80000,0x00000000ed07f9b8,0x00000000ed080000)
  to   space 5120K, 0% used [0x00000000ef100000,0x00000000ef100000,0x00000000ef600000)
 ParOldGen       total 87552K, used 2071K [0x00000000c0000000, 0x00000000c5580000, 0x00000000eab00000)
  object space 87552K, 2% used [0x00000000c0000000,0x00000000c0205cc0,0x00000000c5580000)
 Metaspace       used 5814K, capacity 7024K, committed 7296K, reserved 1056768K
  class space    used 553K, capacity 616K, committed 640K, reserved 1048576K
}
Event: 5.617 GC heap before
{Heap before GC invocations=2 (full 0):
 PSYoungGen      total 38400K, used 38398K [0x00000000eab00000, 0x00000000ef600000, 0x0000000100000000)
  eden space 33280K, 100% used [0x00000000eab00000,0x00000000ecb80000,0x00000000ecb80000)
  from space 5120K, 99% used [0x00000000ecb80000,0x00000000ed07f9b8,0x00000000ed080000)
  to   space 5120K, 0% used [0x00000000ef100000,0x00000000ef100000,0x00000000ef600000)
 ParOldGen       total 87552K, used 2071K [0x00000000c0000000, 0x00000000c5580000, 0x00000000eab00000)
  object space 87552K, 2% used [0x00000000c0000000,0x00000000c0205cc0,0x00000000c5580000)
 Metaspace       used 5984K, capacity 7088K, committed 7296K, reserved 1056768K
  class space    used 574K, capacity 616K, committed 640K, reserved 1048576K
Event: 5.878 GC heap after
Heap after GC invocations=2 (full 0):
 PSYoungGen      total 71680K, used 5114K [0x00000000eab00000, 0x00000000ef600000, 0x0000000100000000)
  eden space 66560K, 0% used [0x00000000eab00000,0x00000000eab00000,0x00000000eec00000)
  from space 5120K, 99% used [0x00000000ef100000,0x00000000ef5feb98,0x00000000ef600000)
  to   space 5120K, 0% used [0x00000000eec00000,0x00000000eec00000,0x00000000ef100000)
 ParOldGen       total 87552K, used 6957K [0x00000000c0000000, 0x00000000c5580000, 0x00000000eab00000)
  object space 87552K, 7% used [0x00000000c0000000,0x00000000c06cb418,0x00000000c5580000)
 Metaspace       used 5984K, capacity 7088K, committed 7296K, reserved 1056768K
  class space    used 574K, capacity 616K, committed 640K, reserved 1048576K
}
Event: 7.209 GC heap before
{Heap before GC invocations=3 (full 0):
 PSYoungGen      total 71680K, used 71674K [0x00000000eab00000, 0x00000000ef600000, 0x0000000100000000)
  eden space 66560K, 100% used [0x00000000eab00000,0x00000000eec00000,0x00000000eec00000)
  from space 5120K, 99% used [0x00000000ef100000,0x00000000ef5feb98,0x00000000ef600000)
  to   space 5120K, 0% used [0x00000000eec00000,0x00000000eec00000,0x00000000ef100000)
 ParOldGen       total 87552K, used 6957K [0x00000000c0000000, 0x00000000c5580000, 0x00000000eab00000)
  object space 87552K, 7% used [0x00000000c0000000,0x00000000c06cb418,0x00000000c5580000)
 Metaspace       used 6036K, capacity 7088K, committed 7296K, reserved 1056768K
  class space    used 576K, capacity 616K, committed 640K, reserved 1048576K
Event: 7.534 GC heap after
Heap after GC invocations=3 (full 0):
 PSYoungGen      total 71680K, used 5112K [0x00000000eab00000, 0x00000000ef600000, 0x0000000100000000)
  eden space 66560K, 0% used [0x00000000eab00000,0x00000000eab00000,0x00000000eec00000)
  from space 5120K, 99% used [0x00000000eec00000,0x00000000ef0fe1a0,0x00000000ef100000)
  to   space 5120K, 0% used [0x00000000ef100000,0x00000000ef100000,0x00000000ef600000)
 ParOldGen       total 87552K, used 16848K [0x00000000c0000000, 0x00000000c5580000, 0x00000000eab00000)
  object space 87552K, 19% used [0x00000000c0000000,0x00000000c10741e0,0x00000000c5580000)
 Metaspace       used 6036K, capacity 7088K, committed 7296K, reserved 1056768K
  class space    used 576K, capacity 616K, committed 640K, reserved 1048576K
}

Deoptimization events (10 events):
Event: 4.580 Thread 0x0000000001d50800 Uncommon trap: reason=class_check action=maybe_recompile pc=0x000000000f6a5a84 method=com.android.dx.rop.code.RegisterSpec.withSimpleType()Lcom/android/dx/rop/code/RegisterSpec; @ 21
Event: 4.587 Thread 0x0000000001d50800 Uncommon trap: reason=class_check action=maybe_recompile pc=0x000000000f6a5a84 method=com.android.dx.rop.code.RegisterSpec.withSimpleType()Lcom/android/dx/rop/code/RegisterSpec; @ 21
Event: 4.807 Thread 0x0000000001d50800 Uncommon trap: reason=class_check action=maybe_recompile pc=0x000000000f698ce0 method=com.android.dx.ssa.SCCP.simulatePhi(Lcom/android/dx/ssa/PhiInsn;)V @ 124
Event: 5.073 Thread 0x0000000001d50800 Uncommon trap: reason=unstable_if action=reinterpret pc=0x000000000f701428 method=java.util.HashMap.putVal(ILjava/lang/Object;Ljava/lang/Object;ZZ)Ljava/lang/Object; @ 109
Event: 5.602 Thread 0x0000000001d50800 Uncommon trap: reason=class_check action=maybe_recompile pc=0x000000000f698ce0 method=com.android.dx.ssa.SCCP.simulatePhi(Lcom/android/dx/ssa/PhiInsn;)V @ 124
Event: 5.887 Thread 0x0000000001d50800 Uncommon trap: reason=unloaded action=reinterpret pc=0x000000000f73c310 method=com.android.dx.cf.cst.ConstantPoolParser.parse0(ILjava/util/BitSet;)Lcom/android/dx/rop/cst/Constant; @ 176
Event: 6.496 Thread 0x0000000001d50800 Uncommon trap: reason=class_check action=maybe_recompile pc=0x000000000f698ce0 method=com.android.dx.ssa.SCCP.simulatePhi(Lcom/android/dx/ssa/PhiInsn;)V @ 124
Event: 6.921 Thread 0x0000000001d50800 Uncommon trap: reason=unstable_if action=reinterpret pc=0x000000000f79f720 method=com.android.dx.cf.code.ByteCatchList.listFor(I)Lcom/android/dx/cf/code/ByteCatchList; @ 47
Event: 7.182 Thread 0x0000000001d50800 Uncommon trap: reason=null_check action=make_not_entrant pc=0x000000000f3e7ba0 method=com.android.dx.rop.type.Type.equals(Ljava/lang/Object;)Z @ 8
Event: 8.438 Thread 0x0000000001d50800 Uncommon trap: reason=null_check action=make_not_entrant pc=0x000000000f906018 method=com.android.dx.cf.code.Ropper$CatchInfo.getSetup(Lcom/android/dx/rop/type/Type;)Lcom/android/dx/cf/code/Ropper$ExceptionHandlerSetup; @ 10

Internal exceptions (8 events):
Event: 0.619 Thread 0x0000000001d50800 Exception <a 'java/lang/NoSuchMethodError': Method sun.misc.Unsafe.defineClass(Ljava/lang/String;[BII)Ljava/lang/Class; name or signature does not match> (0x00000000eab12f18) thrown at [C:\re\workspace\8-2-build-windows-amd64-cygwin\jdk8u45\3627\hotspot\sr©Åºãa—„?
Event: 0.619 Thread 0x0000000001d50800 Exception <a 'java/lang/NoSuchMethodError': Method sun.misc.Unsafe.prefetchRead(Ljava/lang/Object;J)V name or signature does not match> (0x00000000eab131a8) thrown at [C:\re\workspace\8-2-build-windows-amd64-cygwin\jdk8u45\3627\hotspot\src\share\vm\prims\j#Ï∆Ú±á@
Event: 3.566 Thread 0x0000000001d50800 Implicit null exception at 0x000000000f3d97af to 0x000000000f3dbb7d
Event: 4.536 Thread 0x0000000001d50800 Exception <a 'java/lang/ArrayIndexOutOfBoundsException': 18> (0x00000000eb8ad698) thrown at [C:\re\workspace\8-2-build-windows-amd64-cygwin\jdk8u45\3627\hotspot\src\share\vm\interpreter\interpreterRuntime.cpp, line 366]
Event: 4.537 Thread 0x0000000001d50800 Exception <a 'java/lang/ArrayIndexOutOfBoundsException': 145> (0x00000000eb8af168) thrown at [C:\re\workspace\8-2-build-windows-amd64-cygwin\jdk8u45\3627\hotspot\src\share\vm\interpreter\interpreterRuntime.cpp, line 366]
Event: 4.537 Thread 0x0000000001d50800 Exception <a 'java/lang/ArrayIndexOutOfBoundsException'> (0x00000000eb8b03a0) thrown at [C:\re\workspace\8-2-build-windows-amd64-cygwin\jdk8u45\3627\hotspot\src\share\vm\runtime\sharedRuntime.cpp, line 605]
Event: 7.182 Thread 0x0000000001d50800 Implicit null exception at 0x000000000f3e7aa2 to 0x000000000f3e7b92
Event: 8.438 Thread 0x0000000001d50800 Implicit null exception at 0x000000000f8fdac8 to 0x000000000f905fd9

Events (10 events):
Event: 7.182 Thread 0x0000000001d50800 DEOPT UNPACKING pc=0x000000000f05582a sp=0x0000000001d4e3b8 mode 2
Event: 7.208 Executing VM operation: ParallelGCFailedAllocation
Event: 7.534 Executing VM operation: ParallelGCFailedAllocation done
Event: 8.438 Thread 0x0000000001d50800 Uncommon trap: trap_request=0xfffffff4 fr.pc=0x000000000f906018
Event: 8.438 Thread 0x0000000001d50800 DEOPT PACKING pc=0x000000000f906018 sp=0x0000000001d4e910
Event: 8.438 Thread 0x0000000001d50800 DEOPT UNPACKING pc=0x000000000f05582a sp=0x0000000001d4e908 mode 2
Event: 8.813 Thread 0x0000000001d50800 DEOPT PACKING pc=0x000000000f814e12 sp=0x0000000001d4ebe0
Event: 8.813 Thread 0x0000000001d50800 DEOPT UNPACKING pc=0x000000000f05787f sp=0x0000000001d4e9f0 mode 0
Event: 8.838 loading class com/android/dx/rop/code/RegisterSpec$1
Event: 8.838 loading class com/android/dx/rop/code/RegisterSpec$1 done


Dynamic libraries:
0x00007ff791750000 - 0x00007ff791787000 	C:\Program Files\Java\jdk1.8.0_45\bin\java.exe
0x00007ffdd9b80000 - 0x00007ffdd9d2c000 	C:\Windows\SYSTEM32\ntdll.dll
0x00007ffdd7210000 - 0x00007ffdd734e000 	C:\Windows\system32\KERNEL32.DLL
0x00007ffdd70f0000 - 0x00007ffdd7205000 	C:\Windows\system32\KERNELBASE.dll
0x00007ffdd5830000 - 0x00007ffdd58be000 	C:\Windows\system32\apphelp.dll
0x00007ffdd1bf0000 - 0x00007ffdd1c43000 	C:\Windows\AppPatch\AppPatch64\AcGenral.DLL
0x00007ffdd73f0000 - 0x00007ffdd749a000 	C:\Windows\system32\msvcrt.dll
0x00007ffdd6ac0000 - 0x00007ffdd6aee000 	C:\Windows\SYSTEM32\SspiCli.dll
0x00007ffdd7500000 - 0x00007ffdd7554000 	C:\Windows\system32\SHLWAPI.dll
0x00007ffdd7a60000 - 0x00007ffdd7bd7000 	C:\Windows\system32\USER32.dll
0x00007ffdd93c0000 - 0x00007ffdd9554000 	C:\Windows\system32\ole32.dll
0x00007ffdd7c40000 - 0x00007ffdd9159000 	C:\Windows\system32\SHELL32.dll
0x00007ffdd6440000 - 0x00007ffdd6461000 	C:\Windows\SYSTEM32\USERENV.dll
0x00007ffdd79b0000 - 0x00007ffdd7a5a000 	C:\Windows\system32\ADVAPI32.dll
0x00007ffdc9420000 - 0x00007ffdc943e000 	C:\Windows\SYSTEM32\MPR.dll
0x00007ffdd9230000 - 0x00007ffdd9371000 	C:\Windows\system32\RPCRT4.dll
0x00007ffdd99c0000 - 0x00007ffdd9a19000 	C:\Windows\SYSTEM32\sechost.dll
0x00007ffdd7770000 - 0x00007ffdd7981000 	C:\Windows\SYSTEM32\combase.dll
0x00007ffdd7560000 - 0x00007ffdd76b0000 	C:\Windows\system32\GDI32.dll
0x00007ffdd6ce0000 - 0x00007ffdd6cf5000 	C:\Windows\SYSTEM32\profapi.dll
0x00007ffdd51e0000 - 0x00007ffdd5292000 	C:\Windows\SYSTEM32\SHCORE.dll
0x00007ffdd9380000 - 0x00007ffdd93b6000 	C:\Windows\system32\IMM32.DLL
0x00007ffdd9a20000 - 0x00007ffdd9b72000 	C:\Windows\system32\MSCTF.dll
0x00007ffdd6c90000 - 0x00007ffdd6cc1000 	C:\Windows\system32\nvinitx.dll
0x00007ffdd6c80000 - 0x00007ffdd6c8a000 	C:\Windows\SYSTEM32\VERSION.dll
0x000000000f000000 - 0x000000000f006000 	C:\Program Files\NVIDIA Corporation\CoProcManager\_etoured.dll
0x00007ffdd4bc0000 - 0x00007ffdd4bf1000 	C:\Program Files\NVIDIA Corporation\CoProcManager\nvd3d9wrapx.dll
0x00007ffdd9710000 - 0x00007ffdd98ea000 	C:\Windows\system32\SETUPAPI.dll
0x00007ffdd6e60000 - 0x00007ffdd6eaf000 	C:\Windows\system32\CFGMGR32.dll
0x00007ffdd4b60000 - 0x00007ffdd4b82000 	C:\Program Files\NVIDIA Corporation\CoProcManager\nvdxgiwrapx.dll
0x00007ffdd4d60000 - 0x00007ffdd4fda000 	C:\Windows\WinSxS\amd64_microsoft.windows.common-controls_6595b64144ccf1df_6.0.9600.17810_none_6240b9c7ecbd0bda\COMCTL32.dll
0x0000000077d10000 - 0x0000000077de2000 	C:\Program Files\Java\jdk1.8.0_45\jre\bin\msvcr100.dll
0x0000000050270000 - 0x0000000050af3000 	C:\Program Files\Java\jdk1.8.0_45\jre\bin\server\jvm.dll
0x00007ffdcda00000 - 0x00007ffdcda09000 	C:\Windows\SYSTEM32\WSOCK32.dll
0x00007ffdd4690000 - 0x00007ffdd46b2000 	C:\Windows\SYSTEM32\WINMM.dll
0x00007ffdd7990000 - 0x00007ffdd7997000 	C:\Windows\system32\PSAPI.DLL
0x00007ffdd7be0000 - 0x00007ffdd7c3a000 	C:\Windows\system32\WS2_32.dll
0x00007ffdd4650000 - 0x00007ffdd467a000 	C:\Windows\SYSTEM32\WINMMBASE.dll
0x00007ffdd73e0000 - 0x00007ffdd73e9000 	C:\Windows\system32\NSI.dll
0x00007ffdd5a80000 - 0x00007ffdd5aa8000 	C:\Windows\SYSTEM32\DEVOBJ.dll
0x0000000050180000 - 0x000000005018f000 	C:\Program Files\Java\jdk1.8.0_45\jre\bin\verify.dll
0x0000000050150000 - 0x0000000050179000 	C:\Program Files\Java\jdk1.8.0_45\jre\bin\java.dll
0x0000000050130000 - 0x0000000050146000 	C:\Program Files\Java\jdk1.8.0_45\jre\bin\zip.dll
0x00007ffdd1990000 - 0x00007ffdd1b19000 	C:\Windows\SYSTEM32\dbghelp.dll

VM Arguments:
jvm_args: -Xmx1024M -Dfile.encoding=windows-1251 -Duser.country=US -Duser.language=en -Duser.variant 
java_command: com.android.dx.command.Main --dex --output D:\AndroidNanodegree\04-Build-It-Bigger\app\build\intermediates\pre-dexed\free\debug\guava-jdk5-13.0-59be250c1f69e854de54ede01f629064d5ca19fb.jar C:\Users\Georgi\.gradle\caches\modules-2\files-2.1\com.google.guava\guava-jdk5\13.0\381ae6c8add7c98e9bcddb1e0b898400cd6fc3f7\guava-jdk5-13.0.jar
java_class_path (initial): D:\android-sdk\build-tools\22.0.1\lib\dx.jar
Launcher Type: SUN_STANDARD

Environment Variables:
PATH=C:\ProgramData\Oracle\Java\javapath;C:\Windows\system32;C:\Windows;C:\Windows\System32\Wbem;C:\Windows\System32\WindowsPowerShell\v1.0\;C:\Program Files\Intel\WiFi\bin\;C:\Program Files\Common Files\Intel\WirelessCommon\;C:\Program Files (x86)\NVIDIA Corporation\PhysX\Common;D:\android-sdk\platform-tools;D:\android-sdk\tools;C:\Program Files (x86)\Skype\Phone\;C:\Program Files\Intel\WiFi\bin\;C:\Program Files\Common Files\Intel\WirelessCommon\
USERNAME=Georgi
OS=Windows_NT
PROCESSOR_IDENTIFIER=Intel64 Family 6 Model 58 Stepping 9, GenuineIntel



---------------  S Y S T E M  ---------------

OS: Windows 8.1 , 64 bit Build 9600 (6.3.9600.17415)

CPU:total 8 (4 cores per cpu, 2 threads per core) family 6 model 58 stepping 9, cmov, cx8, fxsr, mmx, sse, sse2, sse3, ssse3, sse4.1, sse4.2, popcnt, avx, aes, clmul, erms, ht, tsc, tscinvbit, tscinv

Memory: 4k page, physical 8271456k(1233936k free), swap 9320032k(17576k free)

vm_info: Java HotSpot(TM) 64-Bit Server VM (25.45-b02) for windows-amd64 JRE (1.8.0_45-b15), built on Apr 30 2015 12:40:44 by "java_re" with MS VC++ 10.0 (VS2010)

time: Wed Jul 22 10:15:05 2015
elapsed time: 9 seconds (0d 0h 0m 9s)

