#
# There is insufficient memory for the Java Runtime Environment to continue.
# Native memory allocation (malloc) failed to allocate 8192 bytes for AllocateHeap
# Possible reasons:
#   The system is out of physical RAM or swap space
#   In 32 bit mode, the process size limit was hit
# Possible solutions:
#   Reduce memory load on the system
#   Increase physical memory or swap space
#   Check if swap backing store is full
#   Use 64 bit Java on a 64 bit OS
#   Decrease Java heap size (-Xmx/-Xms)
#   Decrease number of Java threads
#   Decrease Java thread stack sizes (-Xss)
#   Set larger code cache with -XX:ReservedCodeCacheSize=
# This output file may be truncated or incomplete.
#
#  Out of Memory Error (memory/allocation.inline.hpp:61), pid=6472, tid=5876
#
# JRE version:  (8.0_45-b15) (build )
# Java VM: Java HotSpot(TM) 64-Bit Server VM (25.45-b02 mixed mode windows-amd64 compressed oops)
# Failed to write core dump. Minidumps are not enabled by default on client versions of Windows
#

---------------  T H R E A D  ---------------

Current thread (0x0000000002470800):  JavaThread "main" [_thread_in_vm, id=5876, stack(0x0000000002370000,0x0000000002470000)]

Stack: [0x0000000002370000,0x0000000002470000]
Native frames: (J=compiled Java code, j=interpreted, Vv=VM code, C=native code)
V  [jvm.dll+0x32b57a]

Java frames: (J=compiled Java code, j=interpreted, Vv=VM code)
j  sun.nio.cs.StandardCharsets$Classes.init([Ljava/lang/Object;)V+131
j  sun.util.PreHashedMap.<init>(IIII)V+38
j  sun.nio.cs.StandardCharsets$Classes.<init>()V+8
j  sun.nio.cs.StandardCharsets$Classes.<init>(Lsun/nio/cs/StandardCharsets$1;)V+1
j  sun.nio.cs.StandardCharsets.<init>()V+16
j  java.nio.charset.Charset.<clinit>()V+8
v  ~StubRoutines::call_stub
j  java.lang.System.initProperties(Ljava/util/Properties;)Ljava/util/Properties;+0
j  java.lang.System.initializeSystemClass()V+13
v  ~StubRoutines::call_stub

---------------  P R O C E S S  ---------------

Java Threads: ( => current thread )
  0x0000000002563000 JavaThread "Finalizer" daemon [_thread_blocked, id=5816, stack(0x0000000007f50000,0x0000000008050000)]
  0x0000000002562000 JavaThread "Reference Handler" daemon [_thread_blocked, id=6584, stack(0x0000000007e50000,0x0000000007f50000)]
=>0x0000000002470800 JavaThread "main" [_thread_in_vm, id=5876, stack(0x0000000002370000,0x0000000002470000)]

Other Threads:
  0x0000000006089800 VMThread [stack: 0x0000000007d50000,0x0000000007e50000] [id=1976]

VM state:not at safepoint (normal execution)

VM Mutex/Monitor currently owned by a thread:  ([mutex/lock_event])
[0x000000000222c7e0] StringTable_lock - owner thread: 0x0000000002470800

Heap:
 PSYoungGen      total 38400K, used 1331K [0x00000000eab00000, 0x00000000ed580000, 0x0000000100000000)
  eden space 33280K, 4% used [0x00000000eab00000,0x00000000eac4cd80,0x00000000ecb80000)
  from space 5120K, 0% used [0x00000000ed080000,0x00000000ed080000,0x00000000ed580000)
  to   space 5120K, 0% used [0x00000000ecb80000,0x00000000ecb80000,0x00000000ed080000)
 ParOldGen       total 87552K, used 0K [0x00000000c0000000, 0x00000000c5580000, 0x00000000eab00000)
  object space 87552K, 0% used [0x00000000c0000000,0x00000000c0000000,0x00000000c5580000)
 Metaspace       used 1015K, capacity 4480K, committed 4480K, reserved 1056768K
  class space    used 106K, capacity 384K, committed 384K, reserved 1048576K

Card table byte_map: [0x0000000002930000,0x0000000002b40000] byte_map_base: 0x0000000002330000

Marking Bits: (ParMarkBitMap*) 0x000000006b304040
 Begin Bits: [0x00000000034a0000, 0x00000000044a0000)
 End Bits:   [0x00000000044a0000, 0x00000000054a0000)

Polling page: 0x0000000000590000

CodeCache: size=245760Kb used=403Kb max_used=403Kb free=245356Kb
 bounds [0x000000000f010000, 0x000000000f280000, 0x000000001e010000]
 total_blobs=101 nmethods=0 adapters=75
 compilation: enabled

Compilation events (0 events):
No events

GC Heap History (0 events):
No events

Deoptimization events (0 events):
No events

Internal exceptions (0 events):
No events

Events (10 events):
Event: 0.210 loading class sun/nio/cs/FastCharsetProvider done
Event: 0.210 loading class sun/nio/cs/StandardCharsets done
Event: 0.211 loading class sun/nio/cs/StandardCharsets$Aliases
Event: 0.211 loading class sun/util/PreHashedMap
Event: 0.211 loading class java/util/AbstractMap
Event: 0.211 loading class java/util/AbstractMap done
Event: 0.211 loading class sun/util/PreHashedMap done
Event: 0.212 loading class sun/nio/cs/StandardCharsets$Aliases done
Event: 0.212 loading class sun/nio/cs/StandardCharsets$Classes
Event: 0.213 loading class sun/nio/cs/StandardCharsets$Classes done


Dynamic libraries:
0x00007ff6eab60000 - 0x00007ff6eab97000 	C:\Program Files\Java\jdk1.8.0_45\bin\java.exe
0x00007ffceae70000 - 0x00007ffceb01c000 	C:\Windows\SYSTEM32\ntdll.dll
0x00007ffce9520000 - 0x00007ffce965e000 	C:\Windows\system32\KERNEL32.DLL
0x00007ffce82e0000 - 0x00007ffce83f5000 	C:\Windows\system32\KERNELBASE.dll
0x00007ffce6b20000 - 0x00007ffce6bae000 	C:\Windows\system32\apphelp.dll
0x00007ffcdc5b0000 - 0x00007ffcdc603000 	C:\Windows\AppPatch\AppPatch64\AcGenral.DLL
0x00007ffce9100000 - 0x00007ffce91aa000 	C:\Windows\system32\msvcrt.dll
0x00007ffce7db0000 - 0x00007ffce7dde000 	C:\Windows\SYSTEM32\SspiCli.dll
0x00007ffce8bb0000 - 0x00007ffce8c04000 	C:\Windows\system32\SHLWAPI.dll
0x00007ffce88e0000 - 0x00007ffce8a57000 	C:\Windows\system32\USER32.dll
0x00007ffce8cd0000 - 0x00007ffce8e64000 	C:\Windows\system32\ole32.dll
0x00007ffce9660000 - 0x00007ffceab79000 	C:\Windows\system32\SHELL32.dll
0x00007ffce74e0000 - 0x00007ffce7501000 	C:\Windows\SYSTEM32\USERENV.dll
0x00007ffce8c20000 - 0x00007ffce8cca000 	C:\Windows\system32\ADVAPI32.dll
0x00007ffcda4c0000 - 0x00007ffcda4de000 	C:\Windows\SYSTEM32\MPR.dll
0x00007ffce8fb0000 - 0x00007ffce90f1000 	C:\Windows\system32\RPCRT4.dll
0x00007ffce8720000 - 0x00007ffce8779000 	C:\Windows\SYSTEM32\sechost.dll
0x00007ffce8500000 - 0x00007ffce8711000 	C:\Windows\SYSTEM32\combase.dll
0x00007ffce91b0000 - 0x00007ffce9300000 	C:\Windows\system32\GDI32.dll
0x00007ffce7fd0000 - 0x00007ffce7fe5000 	C:\Windows\SYSTEM32\profapi.dll
0x00007ffce64d0000 - 0x00007ffce6582000 	C:\Windows\SYSTEM32\SHCORE.dll
0x00007ffceae30000 - 0x00007ffceae66000 	C:\Windows\system32\IMM32.DLL
0x00007ffce8780000 - 0x00007ffce88d2000 	C:\Windows\system32\MSCTF.dll
0x00007ffce7f80000 - 0x00007ffce7fb1000 	C:\Windows\system32\nvinitx.dll
0x00007ffce7f70000 - 0x00007ffce7f7a000 	C:\Windows\SYSTEM32\VERSION.dll
0x000000000f000000 - 0x000000000f006000 	C:\Program Files\NVIDIA Corporation\CoProcManager\_etoured.dll
0x00007ffce5f20000 - 0x00007ffce5f51000 	C:\Program Files\NVIDIA Corporation\CoProcManager\nvd3d9wrapx.dll
0x00007ffceab80000 - 0x00007ffcead5a000 	C:\Windows\system32\SETUPAPI.dll
0x00007ffce84b0000 - 0x00007ffce84ff000 	C:\Windows\system32\CFGMGR32.dll
0x00007ffce5e80000 - 0x00007ffce5ea2000 	C:\Program Files\NVIDIA Corporation\CoProcManager\nvdxgiwrapx.dll
0x00007ffce6050000 - 0x00007ffce62ca000 	C:\Windows\WinSxS\amd64_microsoft.windows.common-controls_6595b64144ccf1df_6.0.9600.17810_none_6240b9c7ecbd0bda\COMCTL32.dll
0x000000006a5a0000 - 0x000000006a672000 	C:\Program Files\Java\jdk1.8.0_45\jre\bin\msvcr100.dll
0x000000006ab00000 - 0x000000006b383000 	C:\Program Files\Java\jdk1.8.0_45\jre\bin\server\jvm.dll
0x00007ffcdecf0000 - 0x00007ffcdecf9000 	C:\Windows\SYSTEM32\WSOCK32.dll
0x00007ffce59f0000 - 0x00007ffce5a12000 	C:\Windows\SYSTEM32\WINMM.dll
0x00007ffce94b0000 - 0x00007ffce94b7000 	C:\Windows\system32\PSAPI.DLL
0x00007ffce8f30000 - 0x00007ffce8f8a000 	C:\Windows\system32\WS2_32.dll
0x00007ffce5940000 - 0x00007ffce596a000 	C:\Windows\SYSTEM32\WINMMBASE.dll
0x00007ffce8a60000 - 0x00007ffce8a69000 	C:\Windows\system32\NSI.dll
0x00007ffce6d70000 - 0x00007ffce6d98000 	C:\Windows\SYSTEM32\DEVOBJ.dll
0x000000006aa10000 - 0x000000006aa1f000 	C:\Program Files\Java\jdk1.8.0_45\jre\bin\verify.dll
0x000000006a9e0000 - 0x000000006aa09000 	C:\Program Files\Java\jdk1.8.0_45\jre\bin\java.dll
0x000000006a9c0000 - 0x000000006a9d6000 	C:\Program Files\Java\jdk1.8.0_45\jre\bin\zip.dll

VM Arguments:
jvm_args: -Xmx1024M -Dfile.encoding=windows-1251 -Duser.country=US -Duser.language=en -Duser.variant 
java_command: com.android.dx.command.Main --dex --output D:\AndroidNanodegree\04-Build-It-Bigger\app\build\intermediates\pre-dexed\paid\debug\google-api-client-1.20.0-e0405c4a4ecc8e513a8375be1233178319b3d652.jar C:\Users\Georgi\.gradle\caches\modules-2\files-2.1\com.google.api-client\google-api-client\1.20.0\d3e66209ae9e749b2d6833761e7885f60f285564\google-api-client-1.20.0.jar
java_class_path (initial): D:\android-sdk\build-tools\22.0.1\lib\dx.jar
Launcher Type: SUN_STANDARD

Environment Variables:
PATH=C:\ProgramData\Oracle\Java\javapath;C:\Windows\system32;C:\Windows;C:\Windows\System32\Wbem;C:\Windows\System32\WindowsPowerShell\v1.0\;C:\Program Files\Intel\WiFi\bin\;C:\Program Files\Common Files\Intel\WirelessCommon\;C:\Program Files (x86)\NVIDIA Corporation\PhysX\Common;D:\android-sdk\platform-tools;D:\android-sdk\tools;C:\Program Files (x86)\Skype\Phone\;C:\Program Files\Intel\WiFi\bin\;C:\Program Files\Common Files\Intel\WirelessCommon\
USERNAME=Georgi
OS=Windows_NT
PROCESSOR_IDENTIFIER=Intel64 Family 6 Model 58 Stepping 9, GenuineIntel



---------------  S Y S T E M  ---------------

OS: Windows 8.1 , 64 bit Build 9600 (6.3.9600.17415)

CPU:total 8 (4 cores per cpu, 2 threads per core) family 6 model 58 stepping 9, cmov, cx8, fxsr, mmx, sse, sse2, sse3, ssse3, sse4.1, sse4.2, popcnt, avx, aes, clmul, erms, ht, tsc, tscinvbit, tscinv

Memory: 4k page, physical 8271456k(1323856k free), swap 9320032k(214488k free)

vm_info: Java HotSpot(TM) 64-Bit Server VM (25.45-b02) for windows-amd64 JRE (1.8.0_45-b15), built on Apr 30 2015 12:40:44 by "java_re" with MS VC++ 10.0 (VS2010)

time: Tue Jul 21 00:12:54 2015
elapsed time: 0 seconds (0d 0h 0m 0s)

