#
# There is insufficient memory for the Java Runtime Environment to continue.
# Native memory allocation (malloc) failed to allocate 1235536 bytes for Chunk::new
# Possible reasons:
#   The system is out of physical RAM or swap space
#   In 32 bit mode, the process size limit was hit
# Possible solutions:
#   Reduce memory load on the system
#   Increase physical memory or swap space
#   Check if swap backing store is full
#   Use 64 bit Java on a 64 bit OS
#   Decrease Java heap size (-Xmx/-Xms)
#   Decrease number of Java threads
#   Decrease Java thread stack sizes (-Xss)
#   Set larger code cache with -XX:ReservedCodeCacheSize=
# This output file may be truncated or incomplete.
#
#  Out of Memory Error (allocation.cpp:390), pid=3000, tid=4144
#
# JRE version: Java(TM) SE Runtime Environment (8.0_45-b15) (build 1.8.0_45-b15)
# Java VM: Java HotSpot(TM) 64-Bit Server VM (25.45-b02 mixed mode windows-amd64 compressed oops)
# Failed to write core dump. Minidumps are not enabled by default on client versions of Windows
#

---------------  T H R E A D  ---------------

Current thread (0x0000000008b3b800):  JavaThread "C2 CompilerThread1" daemon [_thread_in_native, id=4144, stack(0x0000000009210000,0x0000000009310000)]

Stack: [0x0000000009210000,0x0000000009310000]
Native frames: (J=compiled Java code, j=interpreted, Vv=VM code, C=native code)
V  [jvm.dll+0x32b57a]


Current CompileTask:
C2:  33627 2611       4       com.android.dx.dex.code.OutputFinisher::getAllConstants (47 bytes)


---------------  P R O C E S S  ---------------

Java Threads: ( => current thread )
  0x0000000008b4a000 JavaThread "Service Thread" daemon [_thread_blocked, id=3508, stack(0x0000000009510000,0x0000000009610000)]
  0x0000000008b43800 JavaThread "C1 CompilerThread3" daemon [_thread_blocked, id=5256, stack(0x0000000009410000,0x0000000009510000)]
  0x0000000008b3e800 JavaThread "C2 CompilerThread2" daemon [_thread_in_native, id=7000, stack(0x0000000009310000,0x0000000009410000)]
=>0x0000000008b3b800 JavaThread "C2 CompilerThread1" daemon [_thread_in_native, id=4144, stack(0x0000000009210000,0x0000000009310000)]
  0x0000000008b38800 JavaThread "C2 CompilerThread0" daemon [_thread_in_native, id=4676, stack(0x0000000009110000,0x0000000009210000)]
  0x0000000008b36800 JavaThread "Attach Listener" daemon [_thread_blocked, id=3828, stack(0x0000000009010000,0x0000000009110000)]
  0x0000000008b35800 JavaThread "Signal Dispatcher" daemon [_thread_blocked, id=5324, stack(0x0000000008f10000,0x0000000009010000)]
  0x0000000002ff3000 JavaThread "Finalizer" daemon [_thread_blocked, id=3920, stack(0x0000000008a10000,0x0000000008b10000)]
  0x0000000002ff2000 JavaThread "Reference Handler" daemon [_thread_blocked, id=2504, stack(0x0000000008910000,0x0000000008a10000)]
  0x0000000002f00800 JavaThread "main" [_thread_in_Java, id=4800, stack(0x0000000002d30000,0x0000000002e30000)]

Other Threads:
  0x0000000006b19000 VMThread [stack: 0x0000000008810000,0x0000000008910000] [id=3972]
  0x0000000008b4b000 WatcherThread [stack: 0x0000000009610000,0x0000000009710000] [id=5596]

VM state:not at safepoint (normal execution)

VM Mutex/Monitor currently owned by a thread: None

Heap:
 PSYoungGen      total 251904K, used 126079K [0x00000000eab00000, 0x00000000fe600000, 0x0000000100000000)
  eden space 202752K, 37% used [0x00000000eab00000,0x00000000ef624128,0x00000000f7100000)
  from space 49152K, 99% used [0x00000000f8380000,0x00000000fb37bd08,0x00000000fb380000)
  to   space 51712K, 0% used [0x00000000fb380000,0x00000000fb380000,0x00000000fe600000)
 ParOldGen       total 200192K, used 61055K [0x00000000c0000000, 0x00000000cc380000, 0x00000000eab00000)
  object space 200192K, 30% used [0x00000000c0000000,0x00000000c3b9fc08,0x00000000cc380000)
 Metaspace       used 6213K, capacity 7280K, committed 7552K, reserved 1056768K
  class space    used 585K, capacity 616K, committed 640K, reserved 1048576K

Card table byte_map: [0x00000000033c0000,0x00000000035d0000] byte_map_base: 0x0000000002dc0000

Marking Bits: (ParMarkBitMap*) 0x000000006b304040
 Begin Bits: [0x0000000003f30000, 0x0000000004f30000)
 End Bits:   [0x0000000004f30000, 0x0000000005f30000)

Polling page: 0x0000000000fb0000

CodeCache: size=245760Kb used=9798Kb max_used=12523Kb free=235961Kb
 bounds [0x000000000f010000, 0x000000000fc90000, 0x000000001e010000]
 total_blobs=2216 nmethods=1951 adapters=178
 compilation: enabled

Compilation events (10 events):
Event: 33.489 Thread 0x0000000008b3e800 nmethod 2601 0x000000000f723f10 code [0x000000000f724320, 0x000000000f727b58]
Event: 33.489 Thread 0x0000000008b3e800 2610       4       java.util.HashMap$KeyIterator::next (8 bytes)
Event: 33.497 Thread 0x0000000008b3e800 nmethod 2610 0x000000000f595850 code [0x000000000f5959a0, 0x000000000f595b98]
Event: 33.497 Thread 0x0000000008b3e800 2612       4       com.android.dx.rop.cst.CstMemberRef::hashCode (19 bytes)
Event: 33.517 Thread 0x0000000008b3e800 nmethod 2612 0x000000000f2becd0 code [0x000000000f2bee20, 0x000000000f2bf278]
Event: 33.527 Thread 0x0000000008b3e800 2613       4       java.util.HashMap$HashIterator::<init> (79 bytes)
Event: 33.537 Thread 0x0000000008b3e800 nmethod 2613 0x000000000f84f850 code [0x000000000f84f9a0, 0x000000000f84fc78]
Event: 33.542 Thread 0x0000000008b3e800 2614       4       com.android.dx.dex.code.StdCatchBuilder::hasAnyCatches (57 bytes)
Event: 33.552 Thread 0x0000000008b3e800 nmethod 2614 0x000000000fa86150 code [0x000000000fa862c0, 0x000000000fa86578]
Event: 33.562 Thread 0x0000000008b3e800 2615       4       com.android.dx.dex.file.CodeItem::addContents (174 bytes)

GC Heap History (10 events):
Event: 23.331 GC heap before
{Heap before GC invocations=5 (full 0):
 PSYoungGen      total 138240K, used 138222K [0x00000000eab00000, 0x00000000f3700000, 0x0000000100000000)
  eden space 133120K, 100% used [0x00000000eab00000,0x00000000f2d00000,0x00000000f2d00000)
  from space 5120K, 99% used [0x00000000f3200000,0x00000000f36fbb08,0x00000000f3700000)
  to   space 5120K, 0% used [0x00000000f2d00000,0x00000000f2d00000,0x00000000f3200000)
 ParOldGen       total 87552K, used 50559K [0x00000000c0000000, 0x00000000c5580000, 0x00000000eab00000)
  object space 87552K, 57% used [0x00000000c0000000,0x00000000c315fc48,0x00000000c5580000)
 Metaspace       used 6022K, capacity 7152K, committed 7296K, reserved 1056768K
  class space    used 578K, capacity 616K, committed 640K, reserved 1048576K
Event: 23.471 GC heap after
Heap after GC invocations=5 (full 0):
 PSYoungGen      total 138240K, used 5090K [0x00000000eab00000, 0x0000000100000000, 0x0000000100000000)
  eden space 133120K, 0% used [0x00000000eab00000,0x00000000eab00000,0x00000000f2d00000)
  from space 5120K, 99% used [0x00000000f2d00000,0x00000000f31f8ab8,0x00000000f3200000)
  to   space 53760K, 0% used [0x00000000fcb80000,0x00000000fcb80000,0x0000000100000000)
 ParOldGen       total 92672K, used 92349K [0x00000000c0000000, 0x00000000c5a80000, 0x00000000eab00000)
  object space 92672K, 99% used [0x00000000c0000000,0x00000000c5a2f698,0x00000000c5a80000)
 Metaspace       used 6022K, capacity 7152K, committed 7296K, reserved 1056768K
  class space    used 578K, capacity 616K, committed 640K, reserved 1048576K
}
Event: 23.471 GC heap before
{Heap before GC invocations=6 (full 1):
 PSYoungGen      total 138240K, used 5090K [0x00000000eab00000, 0x0000000100000000, 0x0000000100000000)
  eden space 133120K, 0% used [0x00000000eab00000,0x00000000eab00000,0x00000000f2d00000)
  from space 5120K, 99% used [0x00000000f2d00000,0x00000000f31f8ab8,0x00000000f3200000)
  to   space 53760K, 0% used [0x00000000fcb80000,0x00000000fcb80000,0x0000000100000000)
 ParOldGen       total 92672K, used 92349K [0x00000000c0000000, 0x00000000c5a80000, 0x00000000eab00000)
  object space 92672K, 99% used [0x00000000c0000000,0x00000000c5a2f698,0x00000000c5a80000)
 Metaspace       used 6022K, capacity 7152K, committed 7296K, reserved 1056768K
  class space    used 578K, capacity 616K, committed 640K, reserved 1048576K
Event: 24.841 GC heap after
Heap after GC invocations=6 (full 1):
 PSYoungGen      total 138240K, used 0K [0x00000000eab00000, 0x0000000100000000, 0x0000000100000000)
  eden space 133120K, 0% used [0x00000000eab00000,0x00000000eab00000,0x00000000f2d00000)
  from space 5120K, 0% used [0x00000000f2d00000,0x00000000f2d00000,0x00000000f3200000)
  to   space 53760K, 0% used [0x00000000fcb80000,0x00000000fcb80000,0x0000000100000000)
 ParOldGen       total 92672K, used 91326K [0x00000000c0000000, 0x00000000c5a80000, 0x00000000eab00000)
  object space 92672K, 98% used [0x00000000c0000000,0x00000000c592f940,0x00000000c5a80000)
 Metaspace       used 6022K, capacity 7152K, committed 7296K, reserved 1056768K
  class space    used 578K, capacity 616K, committed 640K, reserved 1048576K
}
Event: 26.692 GC heap before
{Heap before GC invocations=7 (full 2):
 PSYoungGen      total 138240K, used 133120K [0x00000000eab00000, 0x0000000100000000, 0x0000000100000000)
  eden space 133120K, 100% used [0x00000000eab00000,0x00000000f2d00000,0x00000000f2d00000)
  from space 5120K, 0% used [0x00000000f2d00000,0x00000000f2d00000,0x00000000f3200000)
  to   space 53760K, 0% used [0x00000000fcb80000,0x00000000fcb80000,0x0000000100000000)
 ParOldGen       total 92672K, used 91326K [0x00000000c0000000, 0x00000000c5a80000, 0x00000000eab00000)
  object space 92672K, 98% used [0x00000000c0000000,0x00000000c592f940,0x00000000c5a80000)
 Metaspace       used 6089K, capacity 7152K, committed 7296K, reserved 1056768K
  class space    used 579K, capacity 616K, committed 640K, reserved 1048576K
Event: 27.074 GC heap after
Heap after GC invocations=7 (full 2):
 PSYoungGen      total 138240K, used 0K [0x00000000eab00000, 0x0000000100000000, 0x0000000100000000)
  eden space 133120K, 0% used [0x00000000eab00000,0x00000000eab00000,0x00000000f2d00000)
  from space 5120K, 0% used [0x00000000f2d00000,0x00000000f2d00000,0x00000000f3200000)
  to   space 53760K, 0% used [0x00000000fcb80000,0x00000000fcb80000,0x0000000100000000)
 ParOldGen       total 200192K, used 58291K [0x00000000c0000000, 0x00000000cc380000, 0x00000000eab00000)
  object space 200192K, 29% used [0x00000000c0000000,0x00000000c38ecf80,0x00000000cc380000)
 Metaspace       used 6089K, capacity 7152K, committed 7296K, reserved 1056768K
  class space    used 579K, capacity 616K, committed 640K, reserved 1048576K
}
Event: 28.301 GC heap before
{Heap before GC invocations=8 (full 2):
 PSYoungGen      total 138240K, used 133120K [0x00000000eab00000, 0x0000000100000000, 0x0000000100000000)
  eden space 133120K, 100% used [0x00000000eab00000,0x00000000f2d00000,0x00000000f2d00000)
  from space 5120K, 0% used [0x00000000f2d00000,0x00000000f2d00000,0x00000000f3200000)
  to   space 53760K, 0% used [0x00000000fcb80000,0x00000000fcb80000,0x0000000100000000)
 ParOldGen       total 200192K, used 58291K [0x00000000c0000000, 0x00000000cc380000, 0x00000000eab00000)
  object space 200192K, 29% used [0x00000000c0000000,0x00000000c38ecf80,0x00000000cc380000)
 Metaspace       used 6106K, capacity 7216K, committed 7296K, reserved 1056768K
  class space    used 579K, capacity 616K, committed 640K, reserved 1048576K
Event: 28.358 GC heap after
Heap after GC invocations=8 (full 2):
 PSYoungGen      total 186880K, used 24138K [0x00000000eab00000, 0x00000000fe380000, 0x0000000100000000)
  eden space 162304K, 0% used [0x00000000eab00000,0x00000000eab00000,0x00000000f4980000)
  from space 24576K, 98% used [0x00000000fcb80000,0x00000000fe312b88,0x00000000fe380000)
  to   space 49152K, 0% used [0x00000000f8380000,0x00000000f8380000,0x00000000fb380000)
 ParOldGen       total 200192K, used 58299K [0x00000000c0000000, 0x00000000cc380000, 0x00000000eab00000)
  object space 200192K, 29% used [0x00000000c0000000,0x00000000c38eef80,0x00000000cc380000)
 Metaspace       used 6106K, capacity 7216K, committed 7296K, reserved 1056768K
  class space    used 579K, capacity 616K, committed 640K, reserved 1048576K
}
Event: 30.886 GC heap before
{Heap before GC invocations=9 (full 2):
 PSYoungGen      total 186880K, used 186442K [0x00000000eab00000, 0x00000000fe380000, 0x0000000100000000)
  eden space 162304K, 100% used [0x00000000eab00000,0x00000000f4980000,0x00000000f4980000)
  from space 24576K, 98% used [0x00000000fcb80000,0x00000000fe312b88,0x00000000fe380000)
  to   space 49152K, 0% used [0x00000000f8380000,0x00000000f8380000,0x00000000fb380000)
 ParOldGen       total 200192K, used 58299K [0x00000000c0000000, 0x00000000cc380000, 0x00000000eab00000)
  object space 200192K, 29% used [0x00000000c0000000,0x00000000c38eef80,0x00000000cc380000)
 Metaspace       used 6111K, capacity 7216K, committed 7296K, reserved 1056768K
  class space    used 579K, capacity 616K, committed 640K, reserved 1048576K
Event: 31.034 GC heap after
Heap after GC invocations=9 (full 2):
 PSYoungGen      total 251904K, used 49135K [0x00000000eab00000, 0x00000000fe600000, 0x0000000100000000)
  eden space 202752K, 0% used [0x00000000eab00000,0x00000000eab00000,0x00000000f7100000)
  from space 49152K, 99% used [0x00000000f8380000,0x00000000fb37bd08,0x00000000fb380000)
  to   space 51712K, 0% used [0x00000000fb380000,0x00000000fb380000,0x00000000fe600000)
 ParOldGen       total 200192K, used 61055K [0x00000000c0000000, 0x00000000cc380000, 0x00000000eab00000)
  object space 200192K, 30% used [0x00000000c0000000,0x00000000c3b9fc08,0x00000000cc380000)
 Metaspace       used 6111K, capacity 7216K, committed 7296K, reserved 1056768K
  class space    used 579K, capacity 616K, committed 640K, reserved 1048576K
}

Deoptimization events (10 events):
Event: 29.675 Thread 0x0000000002f00800 Uncommon trap: reason=class_check action=maybe_recompile pc=0x000000000f6e5f50 method=com.android.dx.cf.code.RopperMachine.run(Lcom/android/dx/cf/code/Frame;II)V @ 310
Event: 29.835 Thread 0x0000000002f00800 Uncommon trap: reason=unstable_if action=reinterpret pc=0x000000000fa0dc48 method=com.android.dx.cf.direct.StdAttributeFactory.parse0(Lcom/android/dx/cf/direct/DirectClassFile;ILjava/lang/String;IILcom/android/dx/cf/iface/ParseObserver;)Lcom/android/dx/cf/S´Ê">@
Event: 30.107 Thread 0x0000000002f00800 Uncommon trap: reason=unstable_if action=reinterpret pc=0x000000000fc5ccb0 method=com.android.dx.cf.code.Ropper.processBlock(Lcom/android/dx/cf/code/ByteBlock;Lcom/android/dx/cf/code/Frame;[I)V @ 791
Event: 31.889 Thread 0x0000000002f00800 Uncommon trap: reason=unstable_if action=reinterpret pc=0x000000000f549ce4 method=com.android.dx.cf.code.RopperMachine.run(Lcom/android/dx/cf/code/Frame;II)V @ 356
Event: 32.768 Thread 0x0000000002f00800 Uncommon trap: reason=class_check action=maybe_recompile pc=0x000000000f4aae18 method=java.util.Arrays.hashCode([Ljava/lang/Object;)I @ 43
Event: 32.769 Thread 0x0000000002f00800 Uncommon trap: reason=class_check action=maybe_recompile pc=0x000000000f4aae18 method=java.util.Arrays.hashCode([Ljava/lang/Object;)I @ 43
Event: 32.769 Thread 0x0000000002f00800 Uncommon trap: reason=class_check action=maybe_recompile pc=0x000000000f4aae18 method=java.util.Arrays.hashCode([Ljava/lang/Object;)I @ 43
Event: 32.769 Thread 0x0000000002f00800 Uncommon trap: reason=class_check action=maybe_recompile pc=0x000000000f4aae18 method=java.util.Arrays.hashCode([Ljava/lang/Object;)I @ 43
Event: 32.769 Thread 0x0000000002f00800 Uncommon trap: reason=class_check action=maybe_recompile pc=0x000000000f4ab3f8 method=java.util.Arrays.hashCode([Ljava/lang/Object;)I @ 43
Event: 33.189 Thread 0x0000000002f00800 Uncommon trap: reason=unstable_if action=reinterpret pc=0x000000000fbfaeb4 method=com.android.dx.dex.file.DexFile.internIfAppropriate(Lcom/android/dx/rop/cst/Constant;)V @ 70

Internal exceptions (10 events):
Event: 9.037 Thread 0x0000000002f00800 Exception <a 'java/lang/ArrayIndexOutOfBoundsException': 145> (0x00000000eb91e870) thrown at [C:\re\workspace\8-2-build-windows-amd64-cygwin\jdk8u45\3627\hotspot\src\share\vm\interpreter\interpreterRuntime.cpp, line 366]
Event: 9.039 Thread 0x0000000002f00800 Exception <a 'java/lang/ArrayIndexOutOfBoundsException'> (0x00000000eb91faa8) thrown at [C:\re\workspace\8-2-build-windows-amd64-cygwin\jdk8u45\3627\hotspot\src\share\vm\runtime\sharedRuntime.cpp, line 605]
Event: 18.804 Thread 0x0000000002f00800 Implicit null exception at 0x000000000f4e7322 to 0x000000000f4e7412
Event: 26.448 Thread 0x0000000002f00800 Implicit null exception at 0x000000000f9cbbca to 0x000000000f9cc469
Event: 27.587 Thread 0x0000000002f00800 Implicit null exception at 0x000000000f871900 to 0x000000000f874621
Event: 27.587 Thread 0x0000000002f00800 Implicit null exception at 0x000000000f5c04f8 to 0x000000000f5c0745
Event: 27.587 Thread 0x0000000002f00800 Implicit null exception at 0x000000000f7f7ed5 to 0x000000000f7f8199
Event: 27.588 Thread 0x0000000002f00800 Implicit null exception at 0x000000000f91180a to 0x000000000f912795
Event: 27.588 Thread 0x0000000002f00800 Implicit null exception at 0x000000000f9ed388 to 0x000000000f9ed5d9
Event: 27.588 Thread 0x0000000002f00800 Implicit null exception at 0x000000000fa69c54 to 0x000000000fa6bf21

Events (10 events):
Event: 32.772 loading class com/android/dx/rop/cst/Zeroes done
Event: 33.188 loading class java/util/HashMap$KeySet
Event: 33.188 loading class java/util/HashMap$KeySet done
Event: 33.188 loading class java/util/HashMap$KeyIterator
Event: 33.188 loading class java/util/HashMap$KeyIterator done
Event: 33.189 Thread 0x0000000002f00800 Uncommon trap: trap_request=0xffffff65 fr.pc=0x000000000fbfaeb4
Event: 33.189 Thread 0x0000000002f00800 DEOPT PACKING pc=0x000000000fbfaeb4 sp=0x0000000002e2f050
Event: 33.189 Thread 0x0000000002f00800 DEOPT UNPACKING pc=0x000000000f05582a sp=0x0000000002e2f038 mode 2
Event: 33.190 loading class com/android/dx/dex/file/CatchStructs
Event: 33.190 loading class com/android/dx/dex/file/CatchStructs done


Dynamic libraries:
0x00007ff6eab60000 - 0x00007ff6eab97000 	C:\Program Files\Java\jdk1.8.0_45\bin\java.exe
0x00007ffceae70000 - 0x00007ffceb01c000 	C:\Windows\SYSTEM32\ntdll.dll
0x00007ffce9520000 - 0x00007ffce965e000 	C:\Windows\system32\KERNEL32.DLL
0x00007ffce82e0000 - 0x00007ffce83f5000 	C:\Windows\system32\KERNELBASE.dll
0x00007ffce6b20000 - 0x00007ffce6bae000 	C:\Windows\system32\apphelp.dll
0x00007ffcdc5b0000 - 0x00007ffcdc603000 	C:\Windows\AppPatch\AppPatch64\AcGenral.DLL
0x00007ffce9100000 - 0x00007ffce91aa000 	C:\Windows\system32\msvcrt.dll
0x00007ffce7db0000 - 0x00007ffce7dde000 	C:\Windows\SYSTEM32\SspiCli.dll
0x00007ffce8bb0000 - 0x00007ffce8c04000 	C:\Windows\system32\SHLWAPI.dll
0x00007ffce88e0000 - 0x00007ffce8a57000 	C:\Windows\system32\USER32.dll
0x00007ffce8cd0000 - 0x00007ffce8e64000 	C:\Windows\system32\ole32.dll
0x00007ffce9660000 - 0x00007ffceab79000 	C:\Windows\system32\SHELL32.dll
0x00007ffce74e0000 - 0x00007ffce7501000 	C:\Windows\SYSTEM32\USERENV.dll
0x00007ffce8c20000 - 0x00007ffce8cca000 	C:\Windows\system32\ADVAPI32.dll
0x00007ffcda4c0000 - 0x00007ffcda4de000 	C:\Windows\SYSTEM32\MPR.dll
0x00007ffce8fb0000 - 0x00007ffce90f1000 	C:\Windows\system32\RPCRT4.dll
0x00007ffce8720000 - 0x00007ffce8779000 	C:\Windows\SYSTEM32\sechost.dll
0x00007ffce8500000 - 0x00007ffce8711000 	C:\Windows\SYSTEM32\combase.dll
0x00007ffce91b0000 - 0x00007ffce9300000 	C:\Windows\system32\GDI32.dll
0x00007ffce7fd0000 - 0x00007ffce7fe5000 	C:\Windows\SYSTEM32\profapi.dll
0x00007ffce64d0000 - 0x00007ffce6582000 	C:\Windows\SYSTEM32\SHCORE.dll
0x00007ffceae30000 - 0x00007ffceae66000 	C:\Windows\system32\IMM32.DLL
0x00007ffce8780000 - 0x00007ffce88d2000 	C:\Windows\system32\MSCTF.dll
0x00007ffce7f80000 - 0x00007ffce7fb1000 	C:\Windows\system32\nvinitx.dll
0x00007ffce7f70000 - 0x00007ffce7f7a000 	C:\Windows\SYSTEM32\VERSION.dll
0x000000000f000000 - 0x000000000f006000 	C:\Program Files\NVIDIA Corporation\CoProcManager\_etoured.dll
0x00007ffce5f20000 - 0x00007ffce5f51000 	C:\Program Files\NVIDIA Corporation\CoProcManager\nvd3d9wrapx.dll
0x00007ffceab80000 - 0x00007ffcead5a000 	C:\Windows\system32\SETUPAPI.dll
0x00007ffce84b0000 - 0x00007ffce84ff000 	C:\Windows\system32\CFGMGR32.dll
0x00007ffce5e80000 - 0x00007ffce5ea2000 	C:\Program Files\NVIDIA Corporation\CoProcManager\nvdxgiwrapx.dll
0x00007ffce6050000 - 0x00007ffce62ca000 	C:\Windows\WinSxS\amd64_microsoft.windows.common-controls_6595b64144ccf1df_6.0.9600.17810_none_6240b9c7ecbd0bda\COMCTL32.dll
0x000000006a5a0000 - 0x000000006a672000 	C:\Program Files\Java\jdk1.8.0_45\jre\bin\msvcr100.dll
0x000000006ab00000 - 0x000000006b383000 	C:\Program Files\Java\jdk1.8.0_45\jre\bin\server\jvm.dll
0x00007ffcdecf0000 - 0x00007ffcdecf9000 	C:\Windows\SYSTEM32\WSOCK32.dll
0x00007ffce59f0000 - 0x00007ffce5a12000 	C:\Windows\SYSTEM32\WINMM.dll
0x00007ffce94b0000 - 0x00007ffce94b7000 	C:\Windows\system32\PSAPI.DLL
0x00007ffce8f30000 - 0x00007ffce8f8a000 	C:\Windows\system32\WS2_32.dll
0x00007ffce5940000 - 0x00007ffce596a000 	C:\Windows\SYSTEM32\WINMMBASE.dll
0x00007ffce8a60000 - 0x00007ffce8a69000 	C:\Windows\system32\NSI.dll
0x00007ffce6d70000 - 0x00007ffce6d98000 	C:\Windows\SYSTEM32\DEVOBJ.dll
0x000000006aa10000 - 0x000000006aa1f000 	C:\Program Files\Java\jdk1.8.0_45\jre\bin\verify.dll
0x000000006a9e0000 - 0x000000006aa09000 	C:\Program Files\Java\jdk1.8.0_45\jre\bin\java.dll
0x000000006a9c0000 - 0x000000006a9d6000 	C:\Program Files\Java\jdk1.8.0_45\jre\bin\zip.dll

VM Arguments:
jvm_args: -Xmx1024M -Dfile.encoding=windows-1251 -Duser.country=US -Duser.language=en -Duser.variant 
java_command: com.android.dx.command.Main --dex --output D:\AndroidNanodegree\04-Build-It-Bigger\app\build\intermediates\pre-dexed\paid\debug\guava-jdk5-13.0-59be250c1f69e854de54ede01f629064d5ca19fb.jar C:\Users\Georgi\.gradle\caches\modules-2\files-2.1\com.google.guava\guava-jdk5\13.0\381ae6c8add7c98e9bcddb1e0b898400cd6fc3f7\guava-jdk5-13.0.jar
java_class_path (initial): D:\android-sdk\build-tools\22.0.1\lib\dx.jar
Launcher Type: SUN_STANDARD

Environment Variables:
PATH=C:\ProgramData\Oracle\Java\javapath;C:\Windows\system32;C:\Windows;C:\Windows\System32\Wbem;C:\Windows\System32\WindowsPowerShell\v1.0\;C:\Program Files\Intel\WiFi\bin\;C:\Program Files\Common Files\Intel\WirelessCommon\;C:\Program Files (x86)\NVIDIA Corporation\PhysX\Common;D:\android-sdk\platform-tools;D:\android-sdk\tools;C:\Program Files (x86)\Skype\Phone\;C:\Program Files\Intel\WiFi\bin\;C:\Program Files\Common Files\Intel\WirelessCommon\
USERNAME=Georgi
OS=Windows_NT
PROCESSOR_IDENTIFIER=Intel64 Family 6 Model 58 Stepping 9, GenuineIntel



---------------  S Y S T E M  ---------------

OS: Windows 8.1 , 64 bit Build 9600 (6.3.9600.17415)

CPU:total 8 (4 cores per cpu, 2 threads per core) family 6 model 58 stepping 9, cmov, cx8, fxsr, mmx, sse, sse2, sse3, ssse3, sse4.1, sse4.2, popcnt, avx, aes, clmul, erms, ht, tsc, tscinvbit, tscinv

Memory: 4k page, physical 8271456k(858928k free), swap 9320032k(5108k free)

vm_info: Java HotSpot(TM) 64-Bit Server VM (25.45-b02) for windows-amd64 JRE (1.8.0_45-b15), built on Apr 30 2015 12:40:44 by "java_re" with MS VC++ 10.0 (VS2010)

time: Tue Jul 21 00:13:30 2015
elapsed time: 33 seconds (0d 0h 0m 33s)

