#
# There is insufficient memory for the Java Runtime Environment to continue.
# Native memory allocation (malloc) failed to allocate 413712 bytes for Chunk::new
# Possible reasons:
#   The system is out of physical RAM or swap space
#   In 32 bit mode, the process size limit was hit
# Possible solutions:
#   Reduce memory load on the system
#   Increase physical memory or swap space
#   Check if swap backing store is full
#   Use 64 bit Java on a 64 bit OS
#   Decrease Java heap size (-Xmx/-Xms)
#   Decrease number of Java threads
#   Decrease Java thread stack sizes (-Xss)
#   Set larger code cache with -XX:ReservedCodeCacheSize=
# This output file may be truncated or incomplete.
#
#  Out of Memory Error (allocation.cpp:390), pid=5992, tid=2128
#
# JRE version: Java(TM) SE Runtime Environment (8.0_45-b15) (build 1.8.0_45-b15)
# Java VM: Java HotSpot(TM) 64-Bit Server VM (25.45-b02 mixed mode windows-amd64 compressed oops)
# Failed to write core dump. Minidumps are not enabled by default on client versions of Windows
#

---------------  T H R E A D  ---------------

Current thread (0x00000000084dd000):  JavaThread "C2 CompilerThread2" daemon [_thread_in_native, id=2128, stack(0x0000000008c50000,0x0000000008d50000)]

Stack: [0x0000000008c50000,0x0000000008d50000]
Native frames: (J=compiled Java code, j=interpreted, Vv=VM code, C=native code)
V  [jvm.dll+0x32b57a]


Current CompileTask:
C2:   7255 1862       4       com.android.dx.ssa.SsaRenamer$BlockRenamer::process (191 bytes)


---------------  P R O C E S S  ---------------

Java Threads: ( => current thread )
  0x00000000084f2000 JavaThread "Service Thread" daemon [_thread_blocked, id=6348, stack(0x0000000008e50000,0x0000000008f50000)]
  0x00000000084e9800 JavaThread "C1 CompilerThread3" daemon [_thread_blocked, id=792, stack(0x0000000008d50000,0x0000000008e50000)]
=>0x00000000084dd000 JavaThread "C2 CompilerThread2" daemon [_thread_in_native, id=2128, stack(0x0000000008c50000,0x0000000008d50000)]
  0x000000000847b000 JavaThread "C2 CompilerThread1" daemon [_thread_in_native, id=5140, stack(0x0000000008b50000,0x0000000008c50000)]
  0x0000000008478800 JavaThread "C2 CompilerThread0" daemon [_thread_in_native, id=7200, stack(0x0000000008a50000,0x0000000008b50000)]
  0x0000000008476000 JavaThread "Attach Listener" daemon [_thread_blocked, id=3416, stack(0x0000000008950000,0x0000000008a50000)]
  0x0000000008475800 JavaThread "Signal Dispatcher" daemon [_thread_blocked, id=2136, stack(0x0000000008850000,0x0000000008950000)]
  0x0000000002949000 JavaThread "Finalizer" daemon [_thread_blocked, id=5100, stack(0x0000000008350000,0x0000000008450000)]
  0x0000000002942000 JavaThread "Reference Handler" daemon [_thread_blocked, id=5728, stack(0x0000000008250000,0x0000000008350000)]
  0x0000000002850800 JavaThread "main" [_thread_in_Java, id=7992, stack(0x0000000002730000,0x0000000002830000)]

Other Threads:
  0x0000000006469000 VMThread [stack: 0x0000000008150000,0x0000000008250000] [id=3032]
  0x00000000084f2800 WatcherThread [stack: 0x0000000008f50000,0x0000000009050000] [id=6468]

VM state:not at safepoint (normal execution)

VM Mutex/Monitor currently owned by a thread: None

Heap:
 PSYoungGen      total 71680K, used 6423K [0x00000000eab00000, 0x00000000ef600000, 0x0000000100000000)
  eden space 66560K, 1% used [0x00000000eab00000,0x00000000eac4be18,0x00000000eec00000)
  from space 5120K, 99% used [0x00000000ef100000,0x00000000ef5f9e00,0x00000000ef600000)
  to   space 5120K, 0% used [0x00000000eec00000,0x00000000eec00000,0x00000000ef100000)
 ParOldGen       total 87552K, used 19442K [0x00000000c0000000, 0x00000000c5580000, 0x00000000eab00000)
  object space 87552K, 22% used [0x00000000c0000000,0x00000000c12fc9f8,0x00000000c5580000)
 Metaspace       used 5910K, capacity 7088K, committed 7296K, reserved 1056768K
  class space    used 551K, capacity 616K, committed 640K, reserved 1048576K

Card table byte_map: [0x0000000002d10000,0x0000000002f20000] byte_map_base: 0x0000000002710000

Marking Bits: (ParMarkBitMap*) 0x0000000050a74040
 Begin Bits: [0x0000000003880000, 0x0000000004880000)
 End Bits:   [0x0000000004880000, 0x0000000005880000)

Polling page: 0x0000000000f50000

CodeCache: size=245760Kb used=9305Kb max_used=9305Kb free=236454Kb
 bounds [0x000000000f010000, 0x000000000f930000, 0x000000001e010000]
 total_blobs=2115 nmethods=1848 adapters=178
 compilation: enabled

Compilation events (10 events):
Event: 6.559 Thread 0x00000000084e9800 1863       3       com.android.dx.dex.file.ClassDataItem::addStaticField (51 bytes)
Event: 6.561 Thread 0x00000000084e9800 nmethod 1863 0x000000000f8f3dd0 code [0x000000000f8f4040, 0x000000000f8f52a8]
Event: 6.561 Thread 0x00000000084e9800 1865       3       com.android.dx.ssa.back.FirstFitLocalCombiningAllocator::isEven (12 bytes)
Event: 6.561 Thread 0x00000000084e9800 nmethod 1865 0x000000000f887b90 code [0x000000000f887ce0, 0x000000000f887e70]
Event: 6.561 Thread 0x00000000084e9800 1866       3       com.android.dx.rop.cst.CstLiteral64::hashCode (15 bytes)
Event: 6.561 Thread 0x00000000084e9800 nmethod 1866 0x000000000f886e90 code [0x000000000f886fe0, 0x000000000f887150]
Event: 6.562 Thread 0x00000000084e9800 1867       3       com.android.dx.ssa.SsaInsn::makeFromRop (10 bytes)
Event: 6.562 Thread 0x00000000084e9800 nmethod 1867 0x000000000f926450 code [0x000000000f9265e0, 0x000000000f926a68]
Event: 6.562 Thread 0x00000000084e9800 1868       3       com.android.dx.ssa.SsaMethod::makeNewSsaReg (26 bytes)
Event: 6.562 Thread 0x00000000084e9800 nmethod 1868 0x000000000f925fd0 code [0x000000000f926120, 0x000000000f926390]

GC Heap History (8 events):
Event: 2.674 GC heap before
{Heap before GC invocations=1 (full 0):
 PSYoungGen      total 38400K, used 33280K [0x00000000eab00000, 0x00000000ed580000, 0x0000000100000000)
  eden space 33280K, 100% used [0x00000000eab00000,0x00000000ecb80000,0x00000000ecb80000)
  from space 5120K, 0% used [0x00000000ed080000,0x00000000ed080000,0x00000000ed580000)
  to   space 5120K, 0% used [0x00000000ecb80000,0x00000000ecb80000,0x00000000ed080000)
 ParOldGen       total 87552K, used 0K [0x00000000c0000000, 0x00000000c5580000, 0x00000000eab00000)
  object space 87552K, 0% used [0x00000000c0000000,0x00000000c0000000,0x00000000c5580000)
 Metaspace       used 5721K, capacity 6960K, committed 7040K, reserved 1056768K
  class space    used 551K, capacity 616K, committed 640K, reserved 1048576K
Event: 2.905 GC heap after
Heap after GC invocations=1 (full 0):
 PSYoungGen      total 38400K, used 5111K [0x00000000eab00000, 0x00000000ed580000, 0x0000000100000000)
  eden space 33280K, 0% used [0x00000000eab00000,0x00000000eab00000,0x00000000ecb80000)
  from space 5120K, 99% used [0x00000000ecb80000,0x00000000ed07dc88,0x00000000ed080000)
  to   space 5120K, 0% used [0x00000000ed080000,0x00000000ed080000,0x00000000ed580000)
 ParOldGen       total 87552K, used 1725K [0x00000000c0000000, 0x00000000c5580000, 0x00000000eab00000)
  object space 87552K, 1% used [0x00000000c0000000,0x00000000c01af598,0x00000000c5580000)
 Metaspace       used 5721K, capacity 6960K, committed 7040K, reserved 1056768K
  class space    used 551K, capacity 616K, committed 640K, reserved 1048576K
}
Event: 4.293 GC heap before
{Heap before GC invocations=2 (full 0):
 PSYoungGen      total 38400K, used 38389K [0x00000000eab00000, 0x00000000ed580000, 0x0000000100000000)
  eden space 33280K, 99% used [0x00000000eab00000,0x00000000ecb7fb08,0x00000000ecb80000)
  from space 5120K, 99% used [0x00000000ecb80000,0x00000000ed07dc88,0x00000000ed080000)
  to   space 5120K, 0% used [0x00000000ed080000,0x00000000ed080000,0x00000000ed580000)
 ParOldGen       total 87552K, used 1725K [0x00000000c0000000, 0x00000000c5580000, 0x00000000eab00000)
  object space 87552K, 1% used [0x00000000c0000000,0x00000000c01af598,0x00000000c5580000)
 Metaspace       used 5839K, capacity 7024K, committed 7296K, reserved 1056768K
  class space    used 551K, capacity 616K, committed 640K, reserved 1048576K
Event: 4.546 GC heap after
Heap after GC invocations=2 (full 0):
 PSYoungGen      total 38400K, used 5117K [0x00000000eab00000, 0x00000000ef600000, 0x0000000100000000)
  eden space 33280K, 0% used [0x00000000eab00000,0x00000000eab00000,0x00000000ecb80000)
  from space 5120K, 99% used [0x00000000ed080000,0x00000000ed57f688,0x00000000ed580000)
  to   space 5120K, 0% used [0x00000000ecb80000,0x00000000ecb80000,0x00000000ed080000)
 ParOldGen       total 87552K, used 7569K [0x00000000c0000000, 0x00000000c5580000, 0x00000000eab00000)
  object space 87552K, 8% used [0x00000000c0000000,0x00000000c0764448,0x00000000c5580000)
 Metaspace       used 5839K, capacity 7024K, committed 7296K, reserved 1056768K
  class space    used 551K, capacity 616K, committed 640K, reserved 1048576K
}
Event: 5.657 GC heap before
{Heap before GC invocations=3 (full 0):
 PSYoungGen      total 38400K, used 38397K [0x00000000eab00000, 0x00000000ef600000, 0x0000000100000000)
  eden space 33280K, 100% used [0x00000000eab00000,0x00000000ecb80000,0x00000000ecb80000)
  from space 5120K, 99% used [0x00000000ed080000,0x00000000ed57f688,0x00000000ed580000)
  to   space 5120K, 0% used [0x00000000ecb80000,0x00000000ecb80000,0x00000000ed080000)
 ParOldGen       total 87552K, used 7569K [0x00000000c0000000, 0x00000000c5580000, 0x00000000eab00000)
  object space 87552K, 8% used [0x00000000c0000000,0x00000000c0764448,0x00000000c5580000)
 Metaspace       used 5901K, capacity 7088K, committed 7296K, reserved 1056768K
  class space    used 551K, capacity 616K, committed 640K, reserved 1048576K
Event: 5.961 GC heap after
Heap after GC invocations=3 (full 0):
 PSYoungGen      total 38400K, used 5111K [0x00000000eab00000, 0x00000000ef600000, 0x0000000100000000)
  eden space 33280K, 0% used [0x00000000eab00000,0x00000000eab00000,0x00000000ecb80000)
  from space 5120K, 99% used [0x00000000ecb80000,0x00000000ed07de10,0x00000000ed080000)
  to   space 5120K, 0% used [0x00000000ef100000,0x00000000ef100000,0x00000000ef600000)
 ParOldGen       total 87552K, used 13832K [0x00000000c0000000, 0x00000000c5580000, 0x00000000eab00000)
  object space 87552K, 15% used [0x00000000c0000000,0x00000000c0d82210,0x00000000c5580000)
 Metaspace       used 5901K, capacity 7088K, committed 7296K, reserved 1056768K
  class space    used 551K, capacity 616K, committed 640K, reserved 1048576K
}
Event: 6.603 GC heap before
{Heap before GC invocations=4 (full 0):
 PSYoungGen      total 38400K, used 38391K [0x00000000eab00000, 0x00000000ef600000, 0x0000000100000000)
  eden space 33280K, 100% used [0x00000000eab00000,0x00000000ecb80000,0x00000000ecb80000)
  from space 5120K, 99% used [0x00000000ecb80000,0x00000000ed07de10,0x00000000ed080000)
  to   space 5120K, 0% used [0x00000000ef100000,0x00000000ef100000,0x00000000ef600000)
 ParOldGen       total 87552K, used 13832K [0x00000000c0000000, 0x00000000c5580000, 0x00000000eab00000)
  object space 87552K, 15% used [0x00000000c0000000,0x00000000c0d82210,0x00000000c5580000)
 Metaspace       used 5910K, capacity 7088K, committed 7296K, reserved 1056768K
  class space    used 551K, capacity 616K, committed 640K, reserved 1048576K
Event: 7.249 GC heap after
Heap after GC invocations=4 (full 0):
 PSYoungGen      total 71680K, used 5095K [0x00000000eab00000, 0x00000000ef600000, 0x0000000100000000)
  eden space 66560K, 0% used [0x00000000eab00000,0x00000000eab00000,0x00000000eec00000)
  from space 5120K, 99% used [0x00000000ef100000,0x00000000ef5f9e00,0x00000000ef600000)
  to   space 5120K, 0% used [0x00000000eec00000,0x00000000eec00000,0x00000000ef100000)
 ParOldGen       total 87552K, used 19442K [0x00000000c0000000, 0x00000000c5580000, 0x00000000eab00000)
  object space 87552K, 22% used [0x00000000c0000000,0x00000000c12fc9f8,0x00000000c5580000)
 Metaspace       used 5910K, capacity 7088K, committed 7296K, reserved 1056768K
  class space    used 551K, capacity 616K, committed 640K, reserved 1048576K
}

Deoptimization events (10 events):
Event: 6.358 Thread 0x0000000002850800 Uncommon trap: reason=null_check action=make_not_entrant pc=0x000000000f5f0690 method=com.android.dx.ssa.SsaRenamer.getLocalForNewReg(I)Lcom/android/dx/rop/code/LocalItem; @ 19
Event: 6.374 Thread 0x0000000002850800 Uncommon trap: reason=unloaded action=reinterpret pc=0x000000000f892494 method=com.android.dx.cf.cst.ConstantPoolParser.parse0(ILjava/util/BitSet;)Lcom/android/dx/rop/cst/Constant; @ 176
Event: 6.383 Thread 0x0000000002850800 Uncommon trap: reason=unstable_if action=reinterpret pc=0x000000000f75d780 method=com.android.dx.util.MutabilityControl.isImmutable()Z @ 4
Event: 6.387 Thread 0x0000000002850800 Uncommon trap: reason=unstable_if action=reinterpret pc=0x000000000f5d3638 method=com.android.dx.util.BitIntSet.has(I)Z @ 8
Event: 6.499 Thread 0x0000000002850800 Uncommon trap: reason=unstable_if action=reinterpret pc=0x000000000f8d02f8 method=com.android.dx.ssa.SCCP.run()V @ 179
Event: 6.502 Thread 0x0000000002850800 Uncommon trap: reason=class_check action=maybe_recompile pc=0x000000000f517dcc method=java.util.HashMap.putVal(ILjava/lang/Object;Ljava/lang/Object;ZZ)Ljava/lang/Object; @ 203
Event: 6.502 Thread 0x0000000002850800 Uncommon trap: reason=bimorphic action=maybe_recompile pc=0x000000000f4945bc method=java.util.HashMap.getNode(ILjava/lang/Object;)Ljava/util/HashMap$Node; @ 126
Event: 6.502 Thread 0x0000000002850800 Uncommon trap: reason=bimorphic action=maybe_recompile pc=0x000000000f4945bc method=java.util.HashMap.getNode(ILjava/lang/Object;)Ljava/util/HashMap$Node; @ 126
Event: 6.516 Thread 0x0000000002850800 Uncommon trap: reason=bimorphic action=maybe_recompile pc=0x000000000f7b209c method=com.android.dx.ssa.SCCP.setLatticeValueTo(IILcom/android/dx/rop/cst/Constant;)Z @ 43
Event: 6.516 Thread 0x0000000002850800 Uncommon trap: reason=bimorphic action=maybe_recompile pc=0x000000000f7b209c method=com.android.dx.ssa.SCCP.setLatticeValueTo(IILcom/android/dx/rop/cst/Constant;)Z @ 43

Internal exceptions (4 events):
Event: 0.038 Thread 0x0000000002850800 Exception <a 'java/lang/NoSuchMethodError': Method sun.misc.Unsafe.defineClass(Ljava/lang/String;[BII)Ljava/lang/Class; name or signature does not match> (0x00000000eab12f18) thrown at [C:\re\workspace\8-2-build-windows-amd64-cygwin\jdk8u45\3627\hotspot\sržíïhd¿£?
Event: 0.039 Thread 0x0000000002850800 Exception <a 'java/lang/NoSuchMethodError': Method sun.misc.Unsafe.prefetchRead(Ljava/lang/Object;J)V name or signature does not match> (0x00000000eab131a8) thrown at [C:\re\workspace\8-2-build-windows-amd64-cygwin\jdk8u45\3627\hotspot\src\share\vm\prims\jù®Üà*@
Event: 4.042 Thread 0x0000000002850800 Implicit null exception at 0x000000000f4bb622 to 0x000000000f4bb712
Event: 6.358 Thread 0x0000000002850800 Implicit null exception at 0x000000000f5ee289 to 0x000000000f5f0641

Events (10 events):
Event: 6.502 Thread 0x0000000002850800 DEOPT PACKING pc=0x000000000f4945bc sp=0x000000000282e320
Event: 6.502 Thread 0x0000000002850800 DEOPT UNPACKING pc=0x000000000f05582a sp=0x000000000282e2a0 mode 2
Event: 6.516 Thread 0x0000000002850800 Uncommon trap: trap_request=0xffffffc6 fr.pc=0x000000000f7b209c
Event: 6.516 Thread 0x0000000002850800 DEOPT PACKING pc=0x000000000f7b209c sp=0x000000000282e540
Event: 6.516 Thread 0x0000000002850800 DEOPT UNPACKING pc=0x000000000f05582a sp=0x000000000282e498 mode 2
Event: 6.516 Thread 0x0000000002850800 Uncommon trap: trap_request=0xffffffc6 fr.pc=0x000000000f7b209c
Event: 6.516 Thread 0x0000000002850800 DEOPT PACKING pc=0x000000000f7b209c sp=0x000000000282e540
Event: 6.517 Thread 0x0000000002850800 DEOPT UNPACKING pc=0x000000000f05582a sp=0x000000000282e498 mode 2
Event: 6.602 Executing VM operation: ParallelGCFailedAllocation
Event: 7.249 Executing VM operation: ParallelGCFailedAllocation done


Dynamic libraries:
0x00007ff791750000 - 0x00007ff791787000 	C:\Program Files\Java\jdk1.8.0_45\bin\java.exe
0x00007ffdd9b80000 - 0x00007ffdd9d2c000 	C:\Windows\SYSTEM32\ntdll.dll
0x00007ffdd7210000 - 0x00007ffdd734e000 	C:\Windows\system32\KERNEL32.DLL
0x00007ffdd70f0000 - 0x00007ffdd7205000 	C:\Windows\system32\KERNELBASE.dll
0x00007ffdd5830000 - 0x00007ffdd58be000 	C:\Windows\system32\apphelp.dll
0x00007ffdd1c10000 - 0x00007ffdd1c63000 	C:\Windows\AppPatch\AppPatch64\AcGenral.DLL
0x00007ffdd73f0000 - 0x00007ffdd749a000 	C:\Windows\system32\msvcrt.dll
0x00007ffdd6ac0000 - 0x00007ffdd6aee000 	C:\Windows\SYSTEM32\SspiCli.dll
0x00007ffdd7500000 - 0x00007ffdd7554000 	C:\Windows\system32\SHLWAPI.dll
0x00007ffdd7a60000 - 0x00007ffdd7bd7000 	C:\Windows\system32\USER32.dll
0x00007ffdd93c0000 - 0x00007ffdd9554000 	C:\Windows\system32\ole32.dll
0x00007ffdd7c40000 - 0x00007ffdd9159000 	C:\Windows\system32\SHELL32.dll
0x00007ffdd6440000 - 0x00007ffdd6461000 	C:\Windows\SYSTEM32\USERENV.dll
0x00007ffdd79b0000 - 0x00007ffdd7a5a000 	C:\Windows\system32\ADVAPI32.dll
0x00007ffdc9420000 - 0x00007ffdc943e000 	C:\Windows\SYSTEM32\MPR.dll
0x00007ffdd9230000 - 0x00007ffdd9371000 	C:\Windows\system32\RPCRT4.dll
0x00007ffdd99c0000 - 0x00007ffdd9a19000 	C:\Windows\SYSTEM32\sechost.dll
0x00007ffdd7770000 - 0x00007ffdd7981000 	C:\Windows\SYSTEM32\combase.dll
0x00007ffdd7560000 - 0x00007ffdd76b0000 	C:\Windows\system32\GDI32.dll
0x00007ffdd6ce0000 - 0x00007ffdd6cf5000 	C:\Windows\SYSTEM32\profapi.dll
0x00007ffdd51e0000 - 0x00007ffdd5292000 	C:\Windows\SYSTEM32\SHCORE.dll
0x00007ffdd9380000 - 0x00007ffdd93b6000 	C:\Windows\system32\IMM32.DLL
0x00007ffdd9a20000 - 0x00007ffdd9b72000 	C:\Windows\system32\MSCTF.dll
0x00007ffdd6c90000 - 0x00007ffdd6cc1000 	C:\Windows\system32\nvinitx.dll
0x00007ffdd6c80000 - 0x00007ffdd6c8a000 	C:\Windows\SYSTEM32\VERSION.dll
0x000000000f000000 - 0x000000000f006000 	C:\Program Files\NVIDIA Corporation\CoProcManager\_etoured.dll
0x00007ffdd4bc0000 - 0x00007ffdd4bf1000 	C:\Program Files\NVIDIA Corporation\CoProcManager\nvd3d9wrapx.dll
0x00007ffdd9710000 - 0x00007ffdd98ea000 	C:\Windows\system32\SETUPAPI.dll
0x00007ffdd6e60000 - 0x00007ffdd6eaf000 	C:\Windows\system32\CFGMGR32.dll
0x00007ffdd4b60000 - 0x00007ffdd4b82000 	C:\Program Files\NVIDIA Corporation\CoProcManager\nvdxgiwrapx.dll
0x00007ffdd4d60000 - 0x00007ffdd4fda000 	C:\Windows\WinSxS\amd64_microsoft.windows.common-controls_6595b64144ccf1df_6.0.9600.17810_none_6240b9c7ecbd0bda\COMCTL32.dll
0x0000000077d10000 - 0x0000000077de2000 	C:\Program Files\Java\jdk1.8.0_45\jre\bin\msvcr100.dll
0x0000000050270000 - 0x0000000050af3000 	C:\Program Files\Java\jdk1.8.0_45\jre\bin\server\jvm.dll
0x00007ffdcda00000 - 0x00007ffdcda09000 	C:\Windows\SYSTEM32\WSOCK32.dll
0x00007ffdd4690000 - 0x00007ffdd46b2000 	C:\Windows\SYSTEM32\WINMM.dll
0x00007ffdd7990000 - 0x00007ffdd7997000 	C:\Windows\system32\PSAPI.DLL
0x00007ffdd7be0000 - 0x00007ffdd7c3a000 	C:\Windows\system32\WS2_32.dll
0x00007ffdd4650000 - 0x00007ffdd467a000 	C:\Windows\SYSTEM32\WINMMBASE.dll
0x00007ffdd73e0000 - 0x00007ffdd73e9000 	C:\Windows\system32\NSI.dll
0x00007ffdd5a80000 - 0x00007ffdd5aa8000 	C:\Windows\SYSTEM32\DEVOBJ.dll
0x0000000050180000 - 0x000000005018f000 	C:\Program Files\Java\jdk1.8.0_45\jre\bin\verify.dll
0x0000000050150000 - 0x0000000050179000 	C:\Program Files\Java\jdk1.8.0_45\jre\bin\java.dll
0x0000000050130000 - 0x0000000050146000 	C:\Program Files\Java\jdk1.8.0_45\jre\bin\zip.dll
0x00007ffdd1990000 - 0x00007ffdd1b19000 	C:\Windows\SYSTEM32\dbghelp.dll

VM Arguments:
jvm_args: -Xmx1024M -Dfile.encoding=windows-1251 -Duser.country=US -Duser.language=en -Duser.variant 
java_command: com.android.dx.command.Main --dex --output D:\AndroidNanodegree\04-Build-It-Bigger\app\build\intermediates\pre-dexed\free\debug\classes-c260d5125c8715c6511d370a2ce225f460915f7b.jar D:\AndroidNanodegree\04-Build-It-Bigger\app\build\intermediates\exploded-aar\com.google.android.gms\play-services-base\7.5.0\jars\classes.jar
java_class_path (initial): D:\android-sdk\build-tools\22.0.1\lib\dx.jar
Launcher Type: SUN_STANDARD

Environment Variables:
PATH=C:\ProgramData\Oracle\Java\javapath;C:\Windows\system32;C:\Windows;C:\Windows\System32\Wbem;C:\Windows\System32\WindowsPowerShell\v1.0\;C:\Program Files\Intel\WiFi\bin\;C:\Program Files\Common Files\Intel\WirelessCommon\;C:\Program Files (x86)\NVIDIA Corporation\PhysX\Common;D:\android-sdk\platform-tools;D:\android-sdk\tools;C:\Program Files (x86)\Skype\Phone\;C:\Program Files\Intel\WiFi\bin\;C:\Program Files\Common Files\Intel\WirelessCommon\
USERNAME=Georgi
OS=Windows_NT
PROCESSOR_IDENTIFIER=Intel64 Family 6 Model 58 Stepping 9, GenuineIntel



---------------  S Y S T E M  ---------------

OS: Windows 8.1 , 64 bit Build 9600 (6.3.9600.17415)

CPU:total 8 (4 cores per cpu, 2 threads per core) family 6 model 58 stepping 9, cmov, cx8, fxsr, mmx, sse, sse2, sse3, ssse3, sse4.1, sse4.2, popcnt, avx, aes, clmul, erms, ht, tsc, tscinvbit, tscinv

Memory: 4k page, physical 8271456k(1261784k free), swap 9320032k(9160k free)

vm_info: Java HotSpot(TM) 64-Bit Server VM (25.45-b02) for windows-amd64 JRE (1.8.0_45-b15), built on Apr 30 2015 12:40:44 by "java_re" with MS VC++ 10.0 (VS2010)

time: Wed Jul 22 09:48:02 2015
elapsed time: 7 seconds (0d 0h 0m 7s)

