#
# There is insufficient memory for the Java Runtime Environment to continue.
# Native memory allocation (malloc) failed to allocate 98464 bytes for Chunk::new
# Possible reasons:
#   The system is out of physical RAM or swap space
#   In 32 bit mode, the process size limit was hit
# Possible solutions:
#   Reduce memory load on the system
#   Increase physical memory or swap space
#   Check if swap backing store is full
#   Use 64 bit Java on a 64 bit OS
#   Decrease Java heap size (-Xmx/-Xms)
#   Decrease number of Java threads
#   Decrease Java thread stack sizes (-Xss)
#   Set larger code cache with -XX:ReservedCodeCacheSize=
# This output file may be truncated or incomplete.
#
#  Out of Memory Error (allocation.cpp:390), pid=2404, tid=5732
#
# JRE version: Java(TM) SE Runtime Environment (8.0_45-b15) (build 1.8.0_45-b15)
# Java VM: Java HotSpot(TM) 64-Bit Server VM (25.45-b02 mixed mode windows-amd64 compressed oops)
# Failed to write core dump. Minidumps are not enabled by default on client versions of Windows
#

---------------  T H R E A D  ---------------

Current thread (0x000000000833b800):  JavaThread "C2 CompilerThread1" daemon [_thread_in_native, id=5732, stack(0x0000000008a10000,0x0000000008b10000)]

Stack: [0x0000000008a10000,0x0000000008b10000]
Native frames: (J=compiled Java code, j=interpreted, Vv=VM code, C=native code)
V  [jvm.dll+0x32b57a]
V  [jvm.dll+0x279873]
V  [jvm.dll+0x27a509]
V  [jvm.dll+0x271825]
V  [jvm.dll+0xcb9e2]
V  [jvm.dll+0xcbeac]
V  [jvm.dll+0xcc204]
V  [jvm.dll+0xeada5]
V  [jvm.dll+0x4b09b4]
V  [jvm.dll+0x50dc09]
V  [jvm.dll+0x50edb9]
V  [jvm.dll+0x4bff9c]
V  [jvm.dll+0x4c0645]
V  [jvm.dll+0x4b9a5c]
V  [jvm.dll+0x46b92f]
V  [jvm.dll+0x46ccbe]
V  [jvm.dll+0x4500f2]
V  [jvm.dll+0xa4352]
V  [jvm.dll+0xa4c8f]
V  [jvm.dll+0x241984]
V  [jvm.dll+0x29853a]
C  [msvcr100.dll+0x21d9f]
C  [msvcr100.dll+0x21e3b]
C  [KERNEL32.DLL+0x13d2]
C  [ntdll.dll+0x15444]


Current CompileTask:
C2:   6969 1825       4       com.android.dx.ssa.back.LivenessAnalyzer::constructInterferenceGraph (47 bytes)


---------------  P R O C E S S  ---------------

Java Threads: ( => current thread )
  0x00000000083d4800 JavaThread "Service Thread" daemon [_thread_blocked, id=1872, stack(0x0000000008d10000,0x0000000008e10000)]
  0x0000000008388000 JavaThread "C1 CompilerThread3" daemon [_thread_blocked, id=5392, stack(0x0000000008c10000,0x0000000008d10000)]
  0x0000000008343000 JavaThread "C2 CompilerThread2" daemon [_thread_blocked, id=5492, stack(0x0000000008b10000,0x0000000008c10000)]
=>0x000000000833b800 JavaThread "C2 CompilerThread1" daemon [_thread_in_native, id=5732, stack(0x0000000008a10000,0x0000000008b10000)]
  0x0000000008338800 JavaThread "C2 CompilerThread0" daemon [_thread_blocked, id=4152, stack(0x0000000008910000,0x0000000008a10000)]
  0x0000000008336800 JavaThread "Attach Listener" daemon [_thread_blocked, id=104, stack(0x0000000008810000,0x0000000008910000)]
  0x0000000008335800 JavaThread "Signal Dispatcher" daemon [_thread_blocked, id=3496, stack(0x0000000008710000,0x0000000008810000)]
  0x00000000027f9000 JavaThread "Finalizer" daemon [_thread_blocked, id=3652, stack(0x0000000008210000,0x0000000008310000)]
  0x00000000027f2000 JavaThread "Reference Handler" daemon [_thread_blocked, id=3288, stack(0x0000000008110000,0x0000000008210000)]
  0x0000000002700800 JavaThread "main" [_thread_in_Java, id=4752, stack(0x0000000002600000,0x0000000002700000)]

Other Threads:
  0x0000000006319800 VMThread [stack: 0x0000000008010000,0x0000000008110000] [id=6612]
  0x00000000083dd000 WatcherThread [stack: 0x0000000008e10000,0x0000000008f10000] [id=5312]

VM state:not at safepoint (normal execution)

VM Mutex/Monitor currently owned by a thread: None

Heap:
 PSYoungGen      total 71680K, used 70997K [0x00000000eab00000, 0x00000000ef600000, 0x0000000100000000)
  eden space 66560K, 98% used [0x00000000eab00000,0x00000000eeb56a08,0x00000000eec00000)
  from space 5120K, 99% used [0x00000000ef100000,0x00000000ef5fec68,0x00000000ef600000)
  to   space 5120K, 0% used [0x00000000eec00000,0x00000000eec00000,0x00000000ef100000)
 ParOldGen       total 87552K, used 6382K [0x00000000c0000000, 0x00000000c5580000, 0x00000000eab00000)
  object space 87552K, 7% used [0x00000000c0000000,0x00000000c063b8d0,0x00000000c5580000)
 Metaspace       used 5893K, capacity 7024K, committed 7296K, reserved 1056768K
  class space    used 572K, capacity 616K, committed 640K, reserved 1048576K

Card table byte_map: [0x0000000002bc0000,0x0000000002dd0000] byte_map_base: 0x00000000025c0000

Marking Bits: (ParMarkBitMap*) 0x000000006b304040
 Begin Bits: [0x0000000003730000, 0x0000000004730000)
 End Bits:   [0x0000000004730000, 0x0000000005730000)

Polling page: 0x0000000000860000

CodeCache: size=245760Kb used=8856Kb max_used=8869Kb free=236903Kb
 bounds [0x000000000f010000, 0x000000000f8d0000, 0x000000001e010000]
 total_blobs=2087 nmethods=1822 adapters=178
 compilation: enabled

Compilation events (10 events):
Event: 6.909 Thread 0x0000000008343000 nmethod 1824 0x000000000f8b5ad0 code [0x000000000f8b5c40, 0x000000000f8b6378]
Event: 6.909 Thread 0x000000000833b800 1825       4       com.android.dx.ssa.back.LivenessAnalyzer::constructInterferenceGraph (47 bytes)
Event: 6.916 Thread 0x0000000008338800 1826       4       com.android.dx.ssa.back.FirstFitLocalCombiningAllocator::handleUnassociatedParameters (60 bytes)
Event: 6.918 Thread 0x0000000008343000 1827       4       com.android.dx.rop.cst.CstString::equals (24 bytes)
Event: 6.919 Thread 0x0000000008343000 nmethod 1827 0x000000000f8bad50 code [0x000000000f8baea0, 0x000000000f8bb018]
Event: 6.924 Thread 0x0000000008388000 1828       3       com.android.dx.ssa.PhiInsn::changeResultType (17 bytes)
Event: 6.925 Thread 0x0000000008388000 nmethod 1828 0x000000000f8ba510 code [0x000000000f8ba6a0, 0x000000000f8bab98]
Event: 6.925 Thread 0x0000000008388000 1829       3       java.util.Collections$UnmodifiableCollection::size (10 bytes)
Event: 6.925 Thread 0x0000000008388000 nmethod 1829 0x000000000f8ba0d0 code [0x000000000f8ba240, 0x000000000f8ba468]
Event: 6.926 Thread 0x0000000008338800 nmethod 1826 0x000000000f8bb810 code [0x000000000f8bb9c0, 0x000000000f8bc148]

GC Heap History (4 events):
Event: 2.281 GC heap before
{Heap before GC invocations=1 (full 0):
 PSYoungGen      total 38400K, used 33280K [0x00000000eab00000, 0x00000000ed580000, 0x0000000100000000)
  eden space 33280K, 100% used [0x00000000eab00000,0x00000000ecb80000,0x00000000ecb80000)
  from space 5120K, 0% used [0x00000000ed080000,0x00000000ed080000,0x00000000ed580000)
  to   space 5120K, 0% used [0x00000000ecb80000,0x00000000ecb80000,0x00000000ed080000)
 ParOldGen       total 87552K, used 0K [0x00000000c0000000, 0x00000000c5580000, 0x00000000eab00000)
  object space 87552K, 0% used [0x00000000c0000000,0x00000000c0000000,0x00000000c5580000)
 Metaspace       used 5630K, capacity 6896K, committed 7040K, reserved 1056768K
  class space    used 550K, capacity 616K, committed 640K, reserved 1048576K
Event: 2.470 GC heap after
Heap after GC invocations=1 (full 0):
 PSYoungGen      total 38400K, used 5099K [0x00000000eab00000, 0x00000000ef600000, 0x0000000100000000)
  eden space 33280K, 0% used [0x00000000eab00000,0x00000000eab00000,0x00000000ecb80000)
  from space 5120K, 99% used [0x00000000ecb80000,0x00000000ed07acc8,0x00000000ed080000)
  to   space 5120K, 0% used [0x00000000ef100000,0x00000000ef100000,0x00000000ef600000)
 ParOldGen       total 87552K, used 1689K [0x00000000c0000000, 0x00000000c5580000, 0x00000000eab00000)
  object space 87552K, 1% used [0x00000000c0000000,0x00000000c01a6620,0x00000000c5580000)
 Metaspace       used 5630K, capacity 6896K, committed 7040K, reserved 1056768K
  class space    used 550K, capacity 616K, committed 640K, reserved 1048576K
}
Event: 3.719 GC heap before
{Heap before GC invocations=2 (full 0):
 PSYoungGen      total 38400K, used 38379K [0x00000000eab00000, 0x00000000ef600000, 0x0000000100000000)
  eden space 33280K, 100% used [0x00000000eab00000,0x00000000ecb80000,0x00000000ecb80000)
  from space 5120K, 99% used [0x00000000ecb80000,0x00000000ed07acc8,0x00000000ed080000)
  to   space 5120K, 0% used [0x00000000ef100000,0x00000000ef100000,0x00000000ef600000)
 ParOldGen       total 87552K, used 1689K [0x00000000c0000000, 0x00000000c5580000, 0x00000000eab00000)
  object space 87552K, 1% used [0x00000000c0000000,0x00000000c01a6620,0x00000000c5580000)
 Metaspace       used 5722K, capacity 7024K, committed 7296K, reserved 1056768K
  class space    used 550K, capacity 616K, committed 640K, reserved 1048576K
Event: 3.891 GC heap after
Heap after GC invocations=2 (full 0):
 PSYoungGen      total 71680K, used 5115K [0x00000000eab00000, 0x00000000ef600000, 0x0000000100000000)
  eden space 66560K, 0% used [0x00000000eab00000,0x00000000eab00000,0x00000000eec00000)
  from space 5120K, 99% used [0x00000000ef100000,0x00000000ef5fec68,0x00000000ef600000)
  to   space 5120K, 0% used [0x00000000eec00000,0x00000000eec00000,0x00000000ef100000)
 ParOldGen       total 87552K, used 6382K [0x00000000c0000000, 0x00000000c5580000, 0x00000000eab00000)
  object space 87552K, 7% used [0x00000000c0000000,0x00000000c063b8d0,0x00000000c5580000)
 Metaspace       used 5722K, capacity 7024K, committed 7296K, reserved 1056768K
  class space    used 550K, capacity 616K, committed 640K, reserved 1048576K
}

Deoptimization events (10 events):
Event: 5.058 Thread 0x0000000002700800 Uncommon trap: reason=class_check action=maybe_recompile pc=0x000000000f42c37c method=java.util.HashMap.putVal(ILjava/lang/Object;Ljava/lang/Object;ZZ)Ljava/lang/Object; @ 203
Event: 5.059 Thread 0x0000000002700800 Uncommon trap: reason=unstable_if action=reinterpret pc=0x000000000f394b78 method=java.util.HashMap.putVal(ILjava/lang/Object;Ljava/lang/Object;ZZ)Ljava/lang/Object; @ 162
Event: 5.063 Thread 0x0000000002700800 Uncommon trap: reason=unstable_if action=reinterpret pc=0x000000000f2c0224 method=java.util.HashMap.getNode(ILjava/lang/Object;)Ljava/util/HashMap$Node; @ 84
Event: 5.066 Thread 0x0000000002700800 Uncommon trap: reason=unstable_if action=reinterpret pc=0x000000000f419d3c method=java.util.HashMap.getNode(ILjava/lang/Object;)Ljava/util/HashMap$Node; @ 84
Event: 5.638 Thread 0x0000000002700800 Uncommon trap: reason=bimorphic action=maybe_recompile pc=0x000000000f7dec7c method=com.android.dx.cf.code.BytecodeArray.parseInstruction(ILcom/android/dx/cf/code/BytecodeArray$Visitor;)I @ 2135
Event: 5.639 Thread 0x0000000002700800 Uncommon trap: reason=bimorphic action=maybe_recompile pc=0x000000000f7dec7c method=com.android.dx.cf.code.BytecodeArray.parseInstruction(ILcom/android/dx/cf/code/BytecodeArray$Visitor;)I @ 2135
Event: 6.476 Thread 0x0000000002700800 Uncommon trap: reason=unstable_if action=reinterpret pc=0x000000000f6ba2ec method=java.util.HashMap.putVal(ILjava/lang/Object;Ljava/lang/Object;ZZ)Ljava/lang/Object; @ 162
Event: 6.702 Thread 0x0000000002700800 Uncommon trap: reason=null_check action=make_not_entrant pc=0x000000000f6e0158 method=com.android.dx.ssa.SsaRenamer.getLocalForNewReg(I)Lcom/android/dx/rop/code/LocalItem; @ 19
Event: 6.739 Thread 0x0000000002700800 Uncommon trap: reason=unstable_if action=reinterpret pc=0x000000000f625214 method=java.util.HashMap.resize()[Ljava/util/HashMap$Node; @ 206
Event: 6.855 Thread 0x0000000002700800 Uncommon trap: reason=unstable_if action=reinterpret pc=0x000000000f42bfbc method=java.util.HashMap.putVal(ILjava/lang/Object;Ljava/lang/Object;ZZ)Ljava/lang/Object; @ 162

Internal exceptions (6 events):
Event: 0.061 Thread 0x0000000002700800 Exception <a 'java/lang/NoSuchMethodError': Method sun.misc.Unsafe.defineClass(Ljava/lang/String;[BII)Ljava/lang/Class; name or signature does not match> (0x00000000eab12f18) thrown at [C:\re\workspace\8-2-build-windows-amd64-cygwin\jdk8u45\3627\hotspot\srË… d¯?
Event: 0.061 Thread 0x0000000002700800 Exception <a 'java/lang/NoSuchMethodError': Method sun.misc.Unsafe.prefetchRead(Ljava/lang/Object;J)V name or signature does not match> (0x00000000eab131a8) thrown at [C:\re\workspace\8-2-build-windows-amd64-cygwin\jdk8u45\3627\hotspot\src\share\vm\prims\jw~‘Hš>@
Event: 5.061 Thread 0x0000000002700800 Exception <a 'java/lang/ArrayIndexOutOfBoundsException': 18> (0x00000000ec9588f8) thrown at [C:\re\workspace\8-2-build-windows-amd64-cygwin\jdk8u45\3627\hotspot\src\share\vm\interpreter\interpreterRuntime.cpp, line 366]
Event: 5.062 Thread 0x0000000002700800 Exception <a 'java/lang/ArrayIndexOutOfBoundsException': 145> (0x00000000ec95a3c8) thrown at [C:\re\workspace\8-2-build-windows-amd64-cygwin\jdk8u45\3627\hotspot\src\share\vm\interpreter\interpreterRuntime.cpp, line 366]
Event: 5.062 Thread 0x0000000002700800 Exception <a 'java/lang/ArrayIndexOutOfBoundsException'> (0x00000000ec95b600) thrown at [C:\re\workspace\8-2-build-windows-amd64-cygwin\jdk8u45\3627\hotspot\src\share\vm\runtime\sharedRuntime.cpp, line 605]
Event: 6.702 Thread 0x0000000002700800 Implicit null exception at 0x000000000f6df5b2 to 0x000000000f6e0115

Events (10 events):
Event: 6.727 loading class com/android/dx/cf/attrib/AttRuntimeVisibleAnnotations
Event: 6.727 loading class com/android/dx/cf/attrib/AttRuntimeVisibleAnnotations done
Event: 6.728 loading class com/android/dx/cf/attrib/BaseAnnotations
Event: 6.728 loading class com/android/dx/cf/attrib/BaseAnnotations done
Event: 6.739 Thread 0x0000000002700800 Uncommon trap: trap_request=0xffffff65 fr.pc=0x000000000f625214
Event: 6.739 Thread 0x0000000002700800 DEOPT PACKING pc=0x000000000f625214 sp=0x00000000026feab0
Event: 6.739 Thread 0x0000000002700800 DEOPT UNPACKING pc=0x000000000f05582a sp=0x00000000026fea18 mode 2
Event: 6.855 Thread 0x0000000002700800 Uncommon trap: trap_request=0xffffff65 fr.pc=0x000000000f42bfbc
Event: 6.855 Thread 0x0000000002700800 DEOPT PACKING pc=0x000000000f42bfbc sp=0x00000000026fea80
Event: 6.855 Thread 0x0000000002700800 DEOPT UNPACKING pc=0x000000000f05582a sp=0x00000000026fea08 mode 2


Dynamic libraries:
0x00007ff6eab60000 - 0x00007ff6eab97000 	C:\Program Files\Java\jdk1.8.0_45\bin\java.exe
0x00007ffceae70000 - 0x00007ffceb01c000 	C:\Windows\SYSTEM32\ntdll.dll
0x00007ffce9520000 - 0x00007ffce965e000 	C:\Windows\system32\KERNEL32.DLL
0x00007ffce82e0000 - 0x00007ffce83f5000 	C:\Windows\system32\KERNELBASE.dll
0x00007ffce6b20000 - 0x00007ffce6bae000 	C:\Windows\system32\apphelp.dll
0x00007ffcdc5b0000 - 0x00007ffcdc603000 	C:\Windows\AppPatch\AppPatch64\AcGenral.DLL
0x00007ffce9100000 - 0x00007ffce91aa000 	C:\Windows\system32\msvcrt.dll
0x00007ffce7db0000 - 0x00007ffce7dde000 	C:\Windows\SYSTEM32\SspiCli.dll
0x00007ffce8bb0000 - 0x00007ffce8c04000 	C:\Windows\system32\SHLWAPI.dll
0x00007ffce88e0000 - 0x00007ffce8a57000 	C:\Windows\system32\USER32.dll
0x00007ffce8cd0000 - 0x00007ffce8e64000 	C:\Windows\system32\ole32.dll
0x00007ffce9660000 - 0x00007ffceab79000 	C:\Windows\system32\SHELL32.dll
0x00007ffce74e0000 - 0x00007ffce7501000 	C:\Windows\SYSTEM32\USERENV.dll
0x00007ffce8c20000 - 0x00007ffce8cca000 	C:\Windows\system32\ADVAPI32.dll
0x00007ffcda4c0000 - 0x00007ffcda4de000 	C:\Windows\SYSTEM32\MPR.dll
0x00007ffce8fb0000 - 0x00007ffce90f1000 	C:\Windows\system32\RPCRT4.dll
0x00007ffce8720000 - 0x00007ffce8779000 	C:\Windows\SYSTEM32\sechost.dll
0x00007ffce8500000 - 0x00007ffce8711000 	C:\Windows\SYSTEM32\combase.dll
0x00007ffce91b0000 - 0x00007ffce9300000 	C:\Windows\system32\GDI32.dll
0x00007ffce7fd0000 - 0x00007ffce7fe5000 	C:\Windows\SYSTEM32\profapi.dll
0x00007ffce64d0000 - 0x00007ffce6582000 	C:\Windows\SYSTEM32\SHCORE.dll
0x00007ffceae30000 - 0x00007ffceae66000 	C:\Windows\system32\IMM32.DLL
0x00007ffce8780000 - 0x00007ffce88d2000 	C:\Windows\system32\MSCTF.dll
0x00007ffce7f80000 - 0x00007ffce7fb1000 	C:\Windows\system32\nvinitx.dll
0x00007ffce7f70000 - 0x00007ffce7f7a000 	C:\Windows\SYSTEM32\VERSION.dll
0x000000000f000000 - 0x000000000f006000 	C:\Program Files\NVIDIA Corporation\CoProcManager\_etoured.dll
0x00007ffce5f20000 - 0x00007ffce5f51000 	C:\Program Files\NVIDIA Corporation\CoProcManager\nvd3d9wrapx.dll
0x00007ffceab80000 - 0x00007ffcead5a000 	C:\Windows\system32\SETUPAPI.dll
0x00007ffce84b0000 - 0x00007ffce84ff000 	C:\Windows\system32\CFGMGR32.dll
0x00007ffce5e80000 - 0x00007ffce5ea2000 	C:\Program Files\NVIDIA Corporation\CoProcManager\nvdxgiwrapx.dll
0x00007ffce6050000 - 0x00007ffce62ca000 	C:\Windows\WinSxS\amd64_microsoft.windows.common-controls_6595b64144ccf1df_6.0.9600.17810_none_6240b9c7ecbd0bda\COMCTL32.dll
0x000000006a5a0000 - 0x000000006a672000 	C:\Program Files\Java\jdk1.8.0_45\jre\bin\msvcr100.dll
0x000000006ab00000 - 0x000000006b383000 	C:\Program Files\Java\jdk1.8.0_45\jre\bin\server\jvm.dll
0x00007ffcdecf0000 - 0x00007ffcdecf9000 	C:\Windows\SYSTEM32\WSOCK32.dll
0x00007ffce59f0000 - 0x00007ffce5a12000 	C:\Windows\SYSTEM32\WINMM.dll
0x00007ffce94b0000 - 0x00007ffce94b7000 	C:\Windows\system32\PSAPI.DLL
0x00007ffce8f30000 - 0x00007ffce8f8a000 	C:\Windows\system32\WS2_32.dll
0x00007ffce5940000 - 0x00007ffce596a000 	C:\Windows\SYSTEM32\WINMMBASE.dll
0x00007ffce8a60000 - 0x00007ffce8a69000 	C:\Windows\system32\NSI.dll
0x00007ffce6d70000 - 0x00007ffce6d98000 	C:\Windows\SYSTEM32\DEVOBJ.dll
0x000000006aa10000 - 0x000000006aa1f000 	C:\Program Files\Java\jdk1.8.0_45\jre\bin\verify.dll
0x000000006a9e0000 - 0x000000006aa09000 	C:\Program Files\Java\jdk1.8.0_45\jre\bin\java.dll
0x000000006a9c0000 - 0x000000006a9d6000 	C:\Program Files\Java\jdk1.8.0_45\jre\bin\zip.dll
0x00007ffce2870000 - 0x00007ffce29f9000 	C:\Windows\SYSTEM32\dbghelp.dll

VM Arguments:
jvm_args: -Xmx1024M -Dfile.encoding=windows-1251 -Duser.country=US -Duser.language=en -Duser.variant 
java_command: com.android.dx.command.Main --dex --output D:\AndroidNanodegree\04-Build-It-Bigger\app\build\intermediates\pre-dexed\free\debug\jackson-core-2.1.3-3ccb36c372162df4e580ca2c2d2787b070e4733c.jar C:\Users\Georgi\.gradle\caches\modules-2\files-2.1\com.fasterxml.jackson.core\jackson-core\2.1.3\f6c3aed1cdfa21b5c1737c915186ea93a95a58bd\jackson-core-2.1.3.jar
java_class_path (initial): D:\android-sdk\build-tools\22.0.1\lib\dx.jar
Launcher Type: SUN_STANDARD

Environment Variables:
PATH=C:\ProgramData\Oracle\Java\javapath;C:\Windows\system32;C:\Windows;C:\Windows\System32\Wbem;C:\Windows\System32\WindowsPowerShell\v1.0\;C:\Program Files\Intel\WiFi\bin\;C:\Program Files\Common Files\Intel\WirelessCommon\;C:\Program Files (x86)\NVIDIA Corporation\PhysX\Common;D:\android-sdk\platform-tools;D:\android-sdk\tools;C:\Program Files (x86)\Skype\Phone\;C:\Program Files\Intel\WiFi\bin\;C:\Program Files\Common Files\Intel\WirelessCommon\
USERNAME=Georgi
OS=Windows_NT
PROCESSOR_IDENTIFIER=Intel64 Family 6 Model 58 Stepping 9, GenuineIntel



---------------  S Y S T E M  ---------------

OS: Windows 8.1 , 64 bit Build 9600 (6.3.9600.17415)

CPU:total 8 (4 cores per cpu, 2 threads per core) family 6 model 58 stepping 9, cmov, cx8, fxsr, mmx, sse, sse2, sse3, ssse3, sse4.1, sse4.2, popcnt, avx, aes, clmul, erms, ht, tsc, tscinvbit, tscinv

Memory: 4k page, physical 8271456k(950084k free), swap 9320032k(15344k free)

vm_info: Java HotSpot(TM) 64-Bit Server VM (25.45-b02) for windows-amd64 JRE (1.8.0_45-b15), built on Apr 30 2015 12:40:44 by "java_re" with MS VC++ 10.0 (VS2010)

time: Mon Jul 20 23:55:57 2015
elapsed time: 6 seconds (0d 0h 0m 6s)

