#
# There is insufficient memory for the Java Runtime Environment to continue.
# Native memory allocation (malloc) failed to allocate 794736 bytes for Chunk::new
# Possible reasons:
#   The system is out of physical RAM or swap space
#   In 32 bit mode, the process size limit was hit
# Possible solutions:
#   Reduce memory load on the system
#   Increase physical memory or swap space
#   Check if swap backing store is full
#   Use 64 bit Java on a 64 bit OS
#   Decrease Java heap size (-Xmx/-Xms)
#   Decrease number of Java threads
#   Decrease Java thread stack sizes (-Xss)
#   Set larger code cache with -XX:ReservedCodeCacheSize=
# This output file may be truncated or incomplete.
#
#  Out of Memory Error (allocation.cpp:390), pid=536, tid=3276
#
# JRE version: Java(TM) SE Runtime Environment (8.0_45-b15) (build 1.8.0_45-b15)
# Java VM: Java HotSpot(TM) 64-Bit Server VM (25.45-b02 mixed mode windows-amd64 compressed oops)
# Failed to write core dump. Minidumps are not enabled by default on client versions of Windows
#

---------------  T H R E A D  ---------------

Current thread (0x00000000084f2800):  JavaThread "C2 CompilerThread1" daemon [_thread_in_native, id=3276, stack(0x0000000008bd0000,0x0000000008cd0000)]

Stack: [0x0000000008bd0000,0x0000000008cd0000]
Native frames: (J=compiled Java code, j=interpreted, Vv=VM code, C=native code)
V  [jvm.dll+0x32b57a]
V  [jvm.dll+0x279873]
V  [jvm.dll+0x27a509]
V  [jvm.dll+0x271825]
V  [jvm.dll+0xcb9e2]
V  [jvm.dll+0xcbeac]
V  [jvm.dll+0x476ef2]
V  [jvm.dll+0x4b955f]
V  [jvm.dll+0x46bf81]
V  [jvm.dll+0x46ccbe]
V  [jvm.dll+0x4500f2]
V  [jvm.dll+0xa4352]
V  [jvm.dll+0xa4c8f]
V  [jvm.dll+0x241984]
V  [jvm.dll+0x29853a]
C  [msvcr100.dll+0x21d9f]
C  [msvcr100.dll+0x21e3b]
C  [KERNEL32.DLL+0x13d2]
C  [ntdll.dll+0x15444]


Current CompileTask:
C2:   4566 1337       4       com.android.dx.ssa.SCCP::simulateBlock (54 bytes)


---------------  P R O C E S S  ---------------

Java Threads: ( => current thread )
  0x000000000850a000 JavaThread "Service Thread" daemon [_thread_blocked, id=4284, stack(0x0000000008ed0000,0x0000000008fd0000)]
  0x00000000084fa800 JavaThread "C1 CompilerThread3" daemon [_thread_blocked, id=7044, stack(0x0000000008dd0000,0x0000000008ed0000)]
  0x00000000084f5800 JavaThread "C2 CompilerThread2" daemon [_thread_in_vm, id=4244, stack(0x0000000008cd0000,0x0000000008dd0000)]
=>0x00000000084f2800 JavaThread "C2 CompilerThread1" daemon [_thread_in_native, id=3276, stack(0x0000000008bd0000,0x0000000008cd0000)]
  0x0000000008504800 JavaThread "C2 CompilerThread0" daemon [_thread_in_native, id=6236, stack(0x0000000008ad0000,0x0000000008bd0000)]
  0x0000000008503000 JavaThread "Attach Listener" daemon [_thread_blocked, id=2828, stack(0x00000000089d0000,0x0000000008ad0000)]
  0x0000000008502000 JavaThread "Signal Dispatcher" daemon [_thread_blocked, id=2588, stack(0x00000000088d0000,0x00000000089d0000)]
  0x00000000060dd800 JavaThread "Finalizer" daemon [_thread_blocked, id=3556, stack(0x00000000083b0000,0x00000000084b0000)]
  0x0000000002594800 JavaThread "Reference Handler" daemon [_thread_blocked, id=3856, stack(0x00000000082b0000,0x00000000083b0000)]
  0x00000000024a0800 JavaThread "main" [_thread_in_vm, id=6596, stack(0x0000000002340000,0x0000000002440000)]

Other Threads:
  0x00000000060da000 VMThread [stack: 0x00000000081b0000,0x00000000082b0000] [id=4200]
  0x000000000850b000 WatcherThread [stack: 0x0000000008fd0000,0x00000000090d0000] [id=2128]

VM state:not at safepoint (normal execution)

VM Mutex/Monitor currently owned by a thread: None

Heap:
 PSYoungGen      total 38400K, used 8689K [0x00000000eab00000, 0x00000000ef600000, 0x0000000100000000)
  eden space 33280K, 10% used [0x00000000eab00000,0x00000000eae82860,0x00000000ecb80000)
  from space 5120K, 99% used [0x00000000ecb80000,0x00000000ed079ea8,0x00000000ed080000)
  to   space 5120K, 0% used [0x00000000ef100000,0x00000000ef100000,0x00000000ef600000)
 ParOldGen       total 87552K, used 1708K [0x00000000c0000000, 0x00000000c5580000, 0x00000000eab00000)
  object space 87552K, 1% used [0x00000000c0000000,0x00000000c01ab230,0x00000000c5580000)
 Metaspace       used 5712K, capacity 5876K, committed 6016K, reserved 1062912K
  class space    used 550K, capacity 616K, committed 640K, reserved 1048576K

Card table byte_map: [0x0000000002960000,0x0000000002b70000] byte_map_base: 0x0000000002360000

Marking Bits: (ParMarkBitMap*) 0x000000006b304040
 Begin Bits: [0x00000000034d0000, 0x00000000044d0000)
 End Bits:   [0x00000000044d0000, 0x00000000054d0000)

Polling page: 0x0000000002440000

CodeCache: size=245760Kb used=5795Kb max_used=5809Kb free=239964Kb
 bounds [0x000000000f010000, 0x000000000f5d0000, 0x000000001e010000]
 total_blobs=1644 nmethods=1379 adapters=178
 compilation: enabled

Compilation events (10 events):
Event: 4.417 Thread 0x00000000084fa800 1365       3       com.android.dx.util.IntList::equals (82 bytes)
Event: 4.417 Thread 0x00000000084fa800 nmethod 1365 0x000000000f5a1fd0 code [0x000000000f5a2160, 0x000000000f5a2710]
Event: 4.417 Thread 0x00000000084fa800 1370       3       java.util.ArrayList$SubList::rangeCheck (26 bytes)
Event: 4.419 Thread 0x00000000084fa800 nmethod 1370 0x000000000f5a2910 code [0x000000000f5a2b20, 0x000000000f5a3658]
Event: 4.419 Thread 0x00000000084fa800 1371       3       java.util.ArrayList$SubList::get (23 bytes)
Event: 4.420 Thread 0x00000000084fa800 nmethod 1371 0x000000000f5a3c10 code [0x000000000f5a3dc0, 0x000000000f5a42a8]
Event: 4.424 Thread 0x00000000084fa800 1372       3       com.android.dx.dex.code.RopTranslator::access$600 (6 bytes)
Event: 4.424 Thread 0x00000000084fa800 nmethod 1372 0x000000000f5a45d0 code [0x000000000f5a4740, 0x000000000f5a48a8]
Event: 4.463 Thread 0x00000000084f5800 nmethod 1338 0x000000000f5a8850 code [0x000000000f5a8ae0, 0x000000000f5a9d10]
Event: 4.465 Thread 0x00000000084f5800 1367       4       com.android.dx.ssa.SsaRenamer$BlockRenamer::process (191 bytes)

GC Heap History (2 events):
Event: 4.246 GC heap before
{Heap before GC invocations=1 (full 0):
 PSYoungGen      total 38400K, used 33280K [0x00000000eab00000, 0x00000000ed580000, 0x0000000100000000)
  eden space 33280K, 100% used [0x00000000eab00000,0x00000000ecb80000,0x00000000ecb80000)
  from space 5120K, 0% used [0x00000000ed080000,0x00000000ed080000,0x00000000ed580000)
  to   space 5120K, 0% used [0x00000000ecb80000,0x00000000ecb80000,0x00000000ed080000)
 ParOldGen       total 87552K, used 0K [0x00000000c0000000, 0x00000000c5580000, 0x00000000eab00000)
  object space 87552K, 0% used [0x00000000c0000000,0x00000000c0000000,0x00000000c5580000)
 Metaspace       used 5693K, capacity 5812K, committed 6016K, reserved 1062912K
  class space    used 550K, capacity 616K, committed 640K, reserved 1048576K
Event: 4.379 GC heap after
Heap after GC invocations=1 (full 0):
 PSYoungGen      total 38400K, used 5095K [0x00000000eab00000, 0x00000000ef600000, 0x0000000100000000)
  eden space 33280K, 0% used [0x00000000eab00000,0x00000000eab00000,0x00000000ecb80000)
  from space 5120K, 99% used [0x00000000ecb80000,0x00000000ed079ea8,0x00000000ed080000)
  to   space 5120K, 0% used [0x00000000ef100000,0x00000000ef100000,0x00000000ef600000)
 ParOldGen       total 87552K, used 1708K [0x00000000c0000000, 0x00000000c5580000, 0x00000000eab00000)
  object space 87552K, 1% used [0x00000000c0000000,0x00000000c01ab230,0x00000000c5580000)
 Metaspace       used 5693K, capacity 5812K, committed 6016K, reserved 1062912K
  class space    used 550K, capacity 616K, committed 640K, reserved 1048576K
}

Deoptimization events (10 events):
Event: 2.939 Thread 0x00000000024a0800 Uncommon trap: reason=bimorphic action=maybe_recompile pc=0x000000000f2fb038 method=java.util.HashMap.getNode(ILjava/lang/Object;)Ljava/util/HashMap$Node; @ 126
Event: 3.184 Thread 0x00000000024a0800 Uncommon trap: reason=unstable_if action=reinterpret pc=0x000000000f4348fc method=com.android.dx.ssa.SsaRenamer$BlockRenamer.addMapping(ILcom/android/dx/rop/code/RegisterSpec;)V @ 120
Event: 3.189 Thread 0x00000000024a0800 Uncommon trap: reason=class_check action=maybe_recompile pc=0x000000000f2fd730 method=com.android.dx.ssa.NormalSsaInsn.accept(Lcom/android/dx/ssa/SsaInsn$Visitor;)V @ 9
Event: 3.192 Thread 0x00000000024a0800 Uncommon trap: reason=class_check action=maybe_recompile pc=0x000000000f2fd730 method=com.android.dx.ssa.NormalSsaInsn.accept(Lcom/android/dx/ssa/SsaInsn$Visitor;)V @ 9
Event: 3.192 Thread 0x00000000024a0800 Uncommon trap: reason=class_check action=maybe_recompile pc=0x000000000f2fd730 method=com.android.dx.ssa.NormalSsaInsn.accept(Lcom/android/dx/ssa/SsaInsn$Visitor;)V @ 9
Event: 3.195 Thread 0x00000000024a0800 Uncommon trap: reason=class_check action=maybe_recompile pc=0x000000000f29b4f0 method=com.android.dx.ssa.NormalSsaInsn.accept(Lcom/android/dx/ssa/SsaInsn$Visitor;)V @ 9
Event: 3.428 Thread 0x00000000024a0800 Uncommon trap: reason=unstable_if action=reinterpret pc=0x000000000f390a94 method=com.android.dx.rop.code.RegisterSpec.equals(ILcom/android/dx/rop/type/TypeBearer;Lcom/android/dx/rop/code/LocalItem;)Z @ 42
Event: 3.972 Thread 0x00000000024a0800 Uncommon trap: reason=bimorphic action=maybe_recompile pc=0x000000000f550adc method=com.android.dx.cf.code.BytecodeArray.parseInstruction(ILcom/android/dx/cf/code/BytecodeArray$Visitor;)I @ 1501
Event: 3.973 Thread 0x00000000024a0800 Uncommon trap: reason=bimorphic action=maybe_recompile pc=0x000000000f550adc method=com.android.dx.cf.code.BytecodeArray.parseInstruction(ILcom/android/dx/cf/code/BytecodeArray$Visitor;)I @ 1501
Event: 3.984 Thread 0x00000000024a0800 Uncommon trap: reason=unstable_if action=reinterpret pc=0x000000000f51805c method=com.android.dx.ssa.SCCP.simulateBranch(Lcom/android/dx/ssa/SsaInsn;)V @ 64

Internal exceptions (2 events):
Event: 0.148 Thread 0x00000000024a0800 Exception <a 'java/lang/NoSuchMethodError': Method sun.misc.Unsafe.defineClass(Ljava/lang/String;[BII)Ljava/lang/Class; name or signature does not match> (0x00000000eab12f18) thrown at [C:\re\workspace\8-2-build-windows-amd64-cygwin\jdk8u45\3627\hotspot\sr‘ß3)÷Â?
Event: 0.148 Thread 0x00000000024a0800 Exception <a 'java/lang/NoSuchMethodError': Method sun.misc.Unsafe.prefetchRead(Ljava/lang/Object;J)V name or signature does not match> (0x00000000eab131a8) thrown at [C:\re\workspace\8-2-build-windows-amd64-cygwin\jdk8u45\3627\hotspot\src\share\vm\prims\j

Events (10 events):
Event: 3.973 Thread 0x00000000024a0800 DEOPT UNPACKING pc=0x000000000f05582a sp=0x000000000243e6f0 mode 2
Event: 3.984 Thread 0x00000000024a0800 Uncommon trap: trap_request=0xffffff65 fr.pc=0x000000000f51805c
Event: 3.984 Thread 0x00000000024a0800 DEOPT PACKING pc=0x000000000f51805c sp=0x000000000243e980
Event: 3.984 Thread 0x00000000024a0800 DEOPT UNPACKING pc=0x000000000f05582a sp=0x000000000243e930 mode 2
Event: 4.193 loading class com/android/dx/dex/file/FieldAnnotationStruct
Event: 4.193 loading class com/android/dx/dex/file/FieldAnnotationStruct done
Event: 4.246 Executing VM operation: ParallelGCFailedAllocation
Event: 4.380 Executing VM operation: ParallelGCFailedAllocation done
Event: 4.408 Executing VM operation: EnableBiasedLocking
Event: 4.410 Executing VM operation: EnableBiasedLocking done


Dynamic libraries:
0x00007ff6eab60000 - 0x00007ff6eab97000 	C:\Program Files\Java\jdk1.8.0_45\bin\java.exe
0x00007ffceae70000 - 0x00007ffceb01c000 	C:\Windows\SYSTEM32\ntdll.dll
0x00007ffce9520000 - 0x00007ffce965e000 	C:\Windows\system32\KERNEL32.DLL
0x00007ffce82e0000 - 0x00007ffce83f5000 	C:\Windows\system32\KERNELBASE.dll
0x00007ffce6b20000 - 0x00007ffce6bae000 	C:\Windows\system32\apphelp.dll
0x00007ffcdc5b0000 - 0x00007ffcdc603000 	C:\Windows\AppPatch\AppPatch64\AcGenral.DLL
0x00007ffce9100000 - 0x00007ffce91aa000 	C:\Windows\system32\msvcrt.dll
0x00007ffce7db0000 - 0x00007ffce7dde000 	C:\Windows\SYSTEM32\SspiCli.dll
0x00007ffce8bb0000 - 0x00007ffce8c04000 	C:\Windows\system32\SHLWAPI.dll
0x00007ffce88e0000 - 0x00007ffce8a57000 	C:\Windows\system32\USER32.dll
0x00007ffce8cd0000 - 0x00007ffce8e64000 	C:\Windows\system32\ole32.dll
0x00007ffce9660000 - 0x00007ffceab79000 	C:\Windows\system32\SHELL32.dll
0x00007ffce74e0000 - 0x00007ffce7501000 	C:\Windows\SYSTEM32\USERENV.dll
0x00007ffce8c20000 - 0x00007ffce8cca000 	C:\Windows\system32\ADVAPI32.dll
0x00007ffcda4c0000 - 0x00007ffcda4de000 	C:\Windows\SYSTEM32\MPR.dll
0x00007ffce8fb0000 - 0x00007ffce90f1000 	C:\Windows\system32\RPCRT4.dll
0x00007ffce8720000 - 0x00007ffce8779000 	C:\Windows\SYSTEM32\sechost.dll
0x00007ffce8500000 - 0x00007ffce8711000 	C:\Windows\SYSTEM32\combase.dll
0x00007ffce91b0000 - 0x00007ffce9300000 	C:\Windows\system32\GDI32.dll
0x00007ffce7fd0000 - 0x00007ffce7fe5000 	C:\Windows\SYSTEM32\profapi.dll
0x00007ffce64d0000 - 0x00007ffce6582000 	C:\Windows\SYSTEM32\SHCORE.dll
0x00007ffceae30000 - 0x00007ffceae66000 	C:\Windows\system32\IMM32.DLL
0x00007ffce8780000 - 0x00007ffce88d2000 	C:\Windows\system32\MSCTF.dll
0x00007ffce7f80000 - 0x00007ffce7fb1000 	C:\Windows\system32\nvinitx.dll
0x00007ffce7f70000 - 0x00007ffce7f7a000 	C:\Windows\SYSTEM32\VERSION.dll
0x000000000f000000 - 0x000000000f006000 	C:\Program Files\NVIDIA Corporation\CoProcManager\_etoured.dll
0x00007ffce5f20000 - 0x00007ffce5f51000 	C:\Program Files\NVIDIA Corporation\CoProcManager\nvd3d9wrapx.dll
0x00007ffceab80000 - 0x00007ffcead5a000 	C:\Windows\system32\SETUPAPI.dll
0x00007ffce84b0000 - 0x00007ffce84ff000 	C:\Windows\system32\CFGMGR32.dll
0x00007ffce5e80000 - 0x00007ffce5ea2000 	C:\Program Files\NVIDIA Corporation\CoProcManager\nvdxgiwrapx.dll
0x00007ffce6050000 - 0x00007ffce62ca000 	C:\Windows\WinSxS\amd64_microsoft.windows.common-controls_6595b64144ccf1df_6.0.9600.17810_none_6240b9c7ecbd0bda\COMCTL32.dll
0x000000006a5a0000 - 0x000000006a672000 	C:\Program Files\Java\jdk1.8.0_45\jre\bin\msvcr100.dll
0x000000006ab00000 - 0x000000006b383000 	C:\Program Files\Java\jdk1.8.0_45\jre\bin\server\jvm.dll
0x00007ffcdecf0000 - 0x00007ffcdecf9000 	C:\Windows\SYSTEM32\WSOCK32.dll
0x00007ffce59f0000 - 0x00007ffce5a12000 	C:\Windows\SYSTEM32\WINMM.dll
0x00007ffce94b0000 - 0x00007ffce94b7000 	C:\Windows\system32\PSAPI.DLL
0x00007ffce8f30000 - 0x00007ffce8f8a000 	C:\Windows\system32\WS2_32.dll
0x00007ffce5940000 - 0x00007ffce596a000 	C:\Windows\SYSTEM32\WINMMBASE.dll
0x00007ffce8a60000 - 0x00007ffce8a69000 	C:\Windows\system32\NSI.dll
0x00007ffce6d70000 - 0x00007ffce6d98000 	C:\Windows\SYSTEM32\DEVOBJ.dll
0x000000006aa10000 - 0x000000006aa1f000 	C:\Program Files\Java\jdk1.8.0_45\jre\bin\verify.dll
0x000000006a9e0000 - 0x000000006aa09000 	C:\Program Files\Java\jdk1.8.0_45\jre\bin\java.dll
0x000000006a9c0000 - 0x000000006a9d6000 	C:\Program Files\Java\jdk1.8.0_45\jre\bin\zip.dll
0x00007ffce2870000 - 0x00007ffce29f9000 	C:\Windows\SYSTEM32\dbghelp.dll

VM Arguments:
jvm_args: -Xmx1024M -Dfile.encoding=windows-1251 -Duser.country=US -Duser.language=en -Duser.variant 
java_command: com.android.dx.command.Main --dex --output D:\AndroidNanodegree\04-Build-It-Bigger\app\build\intermediates\pre-dexed\paid\debug\jackson-core-2.1.3-3ccb36c372162df4e580ca2c2d2787b070e4733c.jar C:\Users\Georgi\.gradle\caches\modules-2\files-2.1\com.fasterxml.jackson.core\jackson-core\2.1.3\f6c3aed1cdfa21b5c1737c915186ea93a95a58bd\jackson-core-2.1.3.jar
java_class_path (initial): D:\android-sdk\build-tools\22.0.1\lib\dx.jar
Launcher Type: SUN_STANDARD

Environment Variables:
PATH=C:\ProgramData\Oracle\Java\javapath;C:\Windows\system32;C:\Windows;C:\Windows\System32\Wbem;C:\Windows\System32\WindowsPowerShell\v1.0\;C:\Program Files\Intel\WiFi\bin\;C:\Program Files\Common Files\Intel\WirelessCommon\;C:\Program Files (x86)\NVIDIA Corporation\PhysX\Common;D:\android-sdk\platform-tools;D:\android-sdk\tools;C:\Program Files (x86)\Skype\Phone\;C:\Program Files\Intel\WiFi\bin\;C:\Program Files\Common Files\Intel\WirelessCommon\
USERNAME=Georgi
OS=Windows_NT
PROCESSOR_IDENTIFIER=Intel64 Family 6 Model 58 Stepping 9, GenuineIntel



---------------  S Y S T E M  ---------------

OS: Windows 8.1 , 64 bit Build 9600 (6.3.9600.17415)

CPU:total 8 (4 cores per cpu, 2 threads per core) family 6 model 58 stepping 9, cmov, cx8, fxsr, mmx, sse, sse2, sse3, ssse3, sse4.1, sse4.2, popcnt, avx, aes, clmul, erms, ht, tsc, tscinvbit, tscinv

Memory: 4k page, physical 8271456k(861812k free), swap 9320032k(6228k free)

vm_info: Java HotSpot(TM) 64-Bit Server VM (25.45-b02) for windows-amd64 JRE (1.8.0_45-b15), built on Apr 30 2015 12:40:44 by "java_re" with MS VC++ 10.0 (VS2010)

time: Tue Jul 21 00:13:30 2015
elapsed time: 4 seconds (0d 0h 0m 4s)

